[1.782s] [34mcolcon[0m [1;30mDEBUG[0m [32mCommand line arguments: ['/usr/bin/colcon', 'build'][0m
[1.782s] [34mcolcon[0m [1;30mDEBUG[0m [32mParsed command line arguments: Namespace(allow_overriding=[], ament_cmake_args=None, base_paths=['.'], build_base='build', catkin_cmake_args=None, catkin_skip_building_tests=False, cmake_args=None, cmake_clean_cache=False, cmake_clean_first=False, cmake_force_configure=False, cmake_target=None, cmake_target_skip_unavailable=False, continue_on_error=False, event_handlers=None, executor='parallel', ignore_user_meta=False, install_base='install', log_base=None, log_level=None, main=<bound method BuildVerb.main of <colcon_core.verb.build.BuildVerb object at 0x7fbaf3bae190>>, merge_install=False, metas=['./colcon.meta'], mixin=None, mixin_files=None, mixin_verb=('build',), packages_above=None, packages_above_and_dependencies=None, packages_above_depth=None, packages_end=None, packages_ignore=None, packages_ignore_regex=None, packages_select=None, packages_select_build_failed=False, packages_select_by_dep=None, packages_select_regex=None, packages_select_test_failures=False, packages_skip=None, packages_skip_build_finished=False, packages_skip_by_dep=None, packages_skip_regex=None, packages_skip_test_passed=False, packages_skip_up_to=None, packages_start=None, packages_up_to=None, packages_up_to_regex=None, parallel_workers=8, paths=None, symlink_install=False, test_result_base=None, verb_extension=<colcon_core.verb.build.BuildVerb object at 0x7fbaf3bae190>, verb_name='build', verb_parser=<colcon_mixin.mixin.mixin_argument.MixinArgumentDecorator object at 0x7fbaf3a18640>)[0m
[2.037s] [34mcolcon.colcon_core.package_discovery[0m [1;30mLevel 1[0m discover_packages(colcon_meta) check parameters
[2.038s] [34mcolcon.colcon_core.package_discovery[0m [1;30mLevel 1[0m discover_packages(recursive) check parameters
[2.038s] [34mcolcon.colcon_core.package_discovery[0m [1;30mLevel 1[0m discover_packages(ignore) check parameters
[2.038s] [34mcolcon.colcon_core.package_discovery[0m [1;30mLevel 1[0m discover_packages(path) check parameters
[2.038s] [34mcolcon.colcon_core.package_discovery[0m [1;30mLevel 1[0m discover_packages(colcon_meta) discover
[2.038s] [34mcolcon.colcon_core.package_discovery[0m [1;30mLevel 1[0m discover_packages(recursive) discover
[2.038s] [34mcolcon.colcon_core.package_discovery[0m [1;30mINFO[0m Crawling recursively for packages in '/home/ayusee/Desktop/MAS_Subjects/SDP/Project/ROS_Workspace/ros2_ws'
[2.038s] [34mcolcon.colcon_core.package_identification[0m [1;30mLevel 1[0m _identify(.) by extensions ['ignore', 'ignore_ament_install']
[2.038s] [34mcolcon.colcon_core.package_identification[0m [1;30mLevel 1[0m _identify(.) by extension 'ignore'
[2.038s] [34mcolcon.colcon_core.package_identification[0m [1;30mLevel 1[0m _identify(.) by extension 'ignore_ament_install'
[2.038s] [34mcolcon.colcon_core.package_identification[0m [1;30mLevel 1[0m _identify(.) by extensions ['colcon_pkg']
[2.038s] [34mcolcon.colcon_core.package_identification[0m [1;30mLevel 1[0m _identify(.) by extension 'colcon_pkg'
[2.038s] [34mcolcon.colcon_core.package_identification[0m [1;30mLevel 1[0m _identify(.) by extensions ['colcon_meta']
[2.038s] [34mcolcon.colcon_core.package_identification[0m [1;30mLevel 1[0m _identify(.) by extension 'colcon_meta'
[2.038s] [34mcolcon.colcon_core.package_identification[0m [1;30mLevel 1[0m _identify(.) by extensions ['ros']
[2.038s] [34mcolcon.colcon_core.package_identification[0m [1;30mLevel 1[0m _identify(.) by extension 'ros'
[2.053s] [34mcolcon.colcon_core.package_identification[0m [1;30mLevel 1[0m _identify(.) by extensions ['cmake', 'python']
[2.053s] [34mcolcon.colcon_core.package_identification[0m [1;30mLevel 1[0m _identify(.) by extension 'cmake'
[2.053s] [34mcolcon.colcon_core.package_identification[0m [1;30mLevel 1[0m _identify(.) by extension 'python'
[2.053s] [34mcolcon.colcon_core.package_identification[0m [1;30mLevel 1[0m _identify(.) by extensions ['python_setup_py']
[2.053s] [34mcolcon.colcon_core.package_identification[0m [1;30mLevel 1[0m _identify(.) by extension 'python_setup_py'
[2.053s] [34mcolcon.colcon_core.package_identification[0m [1;30mLevel 1[0m _identify(build) by extensions ['ignore', 'ignore_ament_install']
[2.053s] [34mcolcon.colcon_core.package_identification[0m [1;30mLevel 1[0m _identify(build) by extension 'ignore'
[2.053s] [34mcolcon.colcon_core.package_identification[0m [1;30mLevel 1[0m _identify(build) ignored
[2.053s] [34mcolcon.colcon_core.package_identification[0m [1;30mLevel 1[0m _identify(install) by extensions ['ignore', 'ignore_ament_install']
[2.053s] [34mcolcon.colcon_core.package_identification[0m [1;30mLevel 1[0m _identify(install) by extension 'ignore'
[2.053s] [34mcolcon.colcon_core.package_identification[0m [1;30mLevel 1[0m _identify(install) ignored
[2.053s] [34mcolcon.colcon_core.package_identification[0m [1;30mLevel 1[0m _identify(log) by extensions ['ignore', 'ignore_ament_install']
[2.053s] [34mcolcon.colcon_core.package_identification[0m [1;30mLevel 1[0m _identify(log) by extension 'ignore'
[2.054s] [34mcolcon.colcon_core.package_identification[0m [1;30mLevel 1[0m _identify(log) ignored
[2.054s] [34mcolcon.colcon_core.package_identification[0m [1;30mLevel 1[0m _identify(src) by extensions ['ignore', 'ignore_ament_install']
[2.054s] [34mcolcon.colcon_core.package_identification[0m [1;30mLevel 1[0m _identify(src) by extension 'ignore'
[2.054s] [34mcolcon.colcon_core.package_identification[0m [1;30mLevel 1[0m _identify(src) by extension 'ignore_ament_install'
[2.054s] [34mcolcon.colcon_core.package_identification[0m [1;30mLevel 1[0m _identify(src) by extensions ['colcon_pkg']
[2.054s] [34mcolcon.colcon_core.package_identification[0m [1;30mLevel 1[0m _identify(src) by extension 'colcon_pkg'
[2.054s] [34mcolcon.colcon_core.package_identification[0m [1;30mLevel 1[0m _identify(src) by extensions ['colcon_meta']
[2.054s] [34mcolcon.colcon_core.package_identification[0m [1;30mLevel 1[0m _identify(src) by extension 'colcon_meta'
[2.054s] [34mcolcon.colcon_core.package_identification[0m [1;30mLevel 1[0m _identify(src) by extensions ['ros']
[2.054s] [34mcolcon.colcon_core.package_identification[0m [1;30mLevel 1[0m _identify(src) by extension 'ros'
[2.054s] [34mcolcon.colcon_core.package_identification[0m [1;30mLevel 1[0m _identify(src) by extensions ['cmake', 'python']
[2.054s] [34mcolcon.colcon_core.package_identification[0m [1;30mLevel 1[0m _identify(src) by extension 'cmake'
[2.054s] [34mcolcon.colcon_core.package_identification[0m [1;30mLevel 1[0m _identify(src) by extension 'python'
[2.054s] [34mcolcon.colcon_core.package_identification[0m [1;30mLevel 1[0m _identify(src) by extensions ['python_setup_py']
[2.054s] [34mcolcon.colcon_core.package_identification[0m [1;30mLevel 1[0m _identify(src) by extension 'python_setup_py'
[2.054s] [34mcolcon.colcon_core.package_identification[0m [1;30mLevel 1[0m _identify(src/px4_msgs) by extensions ['ignore', 'ignore_ament_install']
[2.054s] [34mcolcon.colcon_core.package_identification[0m [1;30mLevel 1[0m _identify(src/px4_msgs) by extension 'ignore'
[2.054s] [34mcolcon.colcon_core.package_identification[0m [1;30mLevel 1[0m _identify(src/px4_msgs) by extension 'ignore_ament_install'
[2.054s] [34mcolcon.colcon_core.package_identification[0m [1;30mLevel 1[0m _identify(src/px4_msgs) by extensions ['colcon_pkg']
[2.054s] [34mcolcon.colcon_core.package_identification[0m [1;30mLevel 1[0m _identify(src/px4_msgs) by extension 'colcon_pkg'
[2.054s] [34mcolcon.colcon_core.package_identification[0m [1;30mLevel 1[0m _identify(src/px4_msgs) by extensions ['colcon_meta']
[2.054s] [34mcolcon.colcon_core.package_identification[0m [1;30mLevel 1[0m _identify(src/px4_msgs) by extension 'colcon_meta'
[2.054s] [34mcolcon.colcon_core.package_identification[0m [1;30mLevel 1[0m _identify(src/px4_msgs) by extensions ['ros']
[2.055s] [34mcolcon.colcon_core.package_identification[0m [1;30mLevel 1[0m _identify(src/px4_msgs) by extension 'ros'
[2.057s] [34mcolcon.colcon_core.package_identification[0m [1;30mDEBUG[0m [32mPackage 'src/px4_msgs' with type 'ros.ament_cmake' and name 'px4_msgs'[0m
[2.057s] [34mcolcon.colcon_core.package_identification[0m [1;30mLevel 1[0m _identify(src/px4_ros_com) by extensions ['ignore', 'ignore_ament_install']
[2.057s] [34mcolcon.colcon_core.package_identification[0m [1;30mLevel 1[0m _identify(src/px4_ros_com) by extension 'ignore'
[2.058s] [34mcolcon.colcon_core.package_identification[0m [1;30mLevel 1[0m _identify(src/px4_ros_com) by extension 'ignore_ament_install'
[2.058s] [34mcolcon.colcon_core.package_identification[0m [1;30mLevel 1[0m _identify(src/px4_ros_com) by extensions ['colcon_pkg']
[2.058s] [34mcolcon.colcon_core.package_identification[0m [1;30mLevel 1[0m _identify(src/px4_ros_com) by extension 'colcon_pkg'
[2.058s] [34mcolcon.colcon_core.package_identification[0m [1;30mLevel 1[0m _identify(src/px4_ros_com) by extensions ['colcon_meta']
[2.058s] [34mcolcon.colcon_core.package_identification[0m [1;30mLevel 1[0m _identify(src/px4_ros_com) by extension 'colcon_meta'
[2.058s] [34mcolcon.colcon_core.package_identification[0m [1;30mLevel 1[0m _identify(src/px4_ros_com) by extensions ['ros']
[2.058s] [34mcolcon.colcon_core.package_identification[0m [1;30mLevel 1[0m _identify(src/px4_ros_com) by extension 'ros'
[2.059s] [34mcolcon.colcon_core.package_identification[0m [1;30mDEBUG[0m [32mPackage 'src/px4_ros_com' with type 'ros.ament_cmake' and name 'px4_ros_com'[0m
[2.059s] [34mcolcon.colcon_core.package_discovery[0m [1;30mLevel 1[0m discover_packages(recursive) using defaults
[2.059s] [34mcolcon.colcon_core.package_discovery[0m [1;30mLevel 1[0m discover_packages(ignore) discover
[2.059s] [34mcolcon.colcon_core.package_discovery[0m [1;30mLevel 1[0m discover_packages(ignore) using defaults
[2.059s] [34mcolcon.colcon_core.package_discovery[0m [1;30mLevel 1[0m discover_packages(path) discover
[2.059s] [34mcolcon.colcon_core.package_discovery[0m [1;30mLevel 1[0m discover_packages(path) using defaults
[2.077s] [34mcolcon.colcon_core.package_discovery[0m [1;30mLevel 1[0m discover_packages(prefix_path) check parameters
[2.077s] [34mcolcon.colcon_core.package_discovery[0m [1;30mLevel 1[0m discover_packages(prefix_path) discover
[2.078s] [34mcolcon.colcon_ros.prefix_path.ament[0m [1;30mWARNING[0m [33mThe path '/home/ayusee/Desktop/MAS_Subjects/SDP/Project/ROS_Workspace/ros2_ws/install/px4_msgs' in the environment variable AMENT_PREFIX_PATH doesn't exist[0m
[2.078s] [34mcolcon.colcon_ros.prefix_path.catkin[0m [1;30mWARNING[0m [33mThe path '/home/ayusee/Desktop/MAS_Subjects/SDP/Project/ROS_Workspace/ros2_ws/install/px4_msgs' in the environment variable CMAKE_PREFIX_PATH doesn't exist[0m
[2.079s] [34mcolcon.colcon_installed_package_information.package_discovery[0m [1;30mDEBUG[0m [32mFound 0 installed packages in /home/ayusee/Desktop/MAS_Subjects/SDP/Project/ROS_Workspace/ros2_ws/install[0m
[2.080s] [34mcolcon.colcon_installed_package_information.package_discovery[0m [1;30mDEBUG[0m [32mFound 258 installed packages in /opt/ros/foxy[0m
[2.083s] [34mcolcon.colcon_installed_package_information.package_discovery[0m [1;30mDEBUG[0m [32mFound 287 installed packages in /opt/ros/rolling[0m
[2.090s] [34mcolcon.colcon_core.package_discovery[0m [1;30mLevel 1[0m discover_packages(prefix_path) using defaults
[2.246s] [34mcolcon.colcon_core.verb[0m [1;30mLevel 5[0m set package 'px4_msgs' build argument 'cmake_args' from command line to 'None'
[2.246s] [34mcolcon.colcon_core.verb[0m [1;30mLevel 5[0m set package 'px4_msgs' build argument 'cmake_target' from command line to 'None'
[2.247s] [34mcolcon.colcon_core.verb[0m [1;30mLevel 5[0m set package 'px4_msgs' build argument 'cmake_target_skip_unavailable' from command line to 'False'
[2.247s] [34mcolcon.colcon_core.verb[0m [1;30mLevel 5[0m set package 'px4_msgs' build argument 'cmake_clean_cache' from command line to 'False'
[2.247s] [34mcolcon.colcon_core.verb[0m [1;30mLevel 5[0m set package 'px4_msgs' build argument 'cmake_clean_first' from command line to 'False'
[2.247s] [34mcolcon.colcon_core.verb[0m [1;30mLevel 5[0m set package 'px4_msgs' build argument 'cmake_force_configure' from command line to 'False'
[2.247s] [34mcolcon.colcon_core.verb[0m [1;30mLevel 5[0m set package 'px4_msgs' build argument 'ament_cmake_args' from command line to 'None'
[2.247s] [34mcolcon.colcon_core.verb[0m [1;30mLevel 5[0m set package 'px4_msgs' build argument 'catkin_cmake_args' from command line to 'None'
[2.247s] [34mcolcon.colcon_core.verb[0m [1;30mLevel 5[0m set package 'px4_msgs' build argument 'catkin_skip_building_tests' from command line to 'False'
[2.247s] [34mcolcon.colcon_core.verb[0m [1;30mDEBUG[0m [32mBuilding package 'px4_msgs' with the following arguments: {'ament_cmake_args': None, 'build_base': '/home/ayusee/Desktop/MAS_Subjects/SDP/Project/ROS_Workspace/ros2_ws/build/px4_msgs', 'catkin_cmake_args': None, 'catkin_skip_building_tests': False, 'cmake_args': None, 'cmake_clean_cache': False, 'cmake_clean_first': False, 'cmake_force_configure': False, 'cmake_target': None, 'cmake_target_skip_unavailable': False, 'install_base': '/home/ayusee/Desktop/MAS_Subjects/SDP/Project/ROS_Workspace/ros2_ws/install/px4_msgs', 'merge_install': False, 'path': '/home/ayusee/Desktop/MAS_Subjects/SDP/Project/ROS_Workspace/ros2_ws/src/px4_msgs', 'symlink_install': False, 'test_result_base': None}[0m
[2.247s] [34mcolcon.colcon_core.verb[0m [1;30mLevel 5[0m set package 'px4_ros_com' build argument 'cmake_args' from command line to 'None'
[2.247s] [34mcolcon.colcon_core.verb[0m [1;30mLevel 5[0m set package 'px4_ros_com' build argument 'cmake_target' from command line to 'None'
[2.247s] [34mcolcon.colcon_core.verb[0m [1;30mLevel 5[0m set package 'px4_ros_com' build argument 'cmake_target_skip_unavailable' from command line to 'False'
[2.247s] [34mcolcon.colcon_core.verb[0m [1;30mLevel 5[0m set package 'px4_ros_com' build argument 'cmake_clean_cache' from command line to 'False'
[2.247s] [34mcolcon.colcon_core.verb[0m [1;30mLevel 5[0m set package 'px4_ros_com' build argument 'cmake_clean_first' from command line to 'False'
[2.247s] [34mcolcon.colcon_core.verb[0m [1;30mLevel 5[0m set package 'px4_ros_com' build argument 'cmake_force_configure' from command line to 'False'
[2.247s] [34mcolcon.colcon_core.verb[0m [1;30mLevel 5[0m set package 'px4_ros_com' build argument 'ament_cmake_args' from command line to 'None'
[2.247s] [34mcolcon.colcon_core.verb[0m [1;30mLevel 5[0m set package 'px4_ros_com' build argument 'catkin_cmake_args' from command line to 'None'
[2.247s] [34mcolcon.colcon_core.verb[0m [1;30mLevel 5[0m set package 'px4_ros_com' build argument 'catkin_skip_building_tests' from command line to 'False'
[2.247s] [34mcolcon.colcon_core.verb[0m [1;30mDEBUG[0m [32mBuilding package 'px4_ros_com' with the following arguments: {'ament_cmake_args': None, 'build_base': '/home/ayusee/Desktop/MAS_Subjects/SDP/Project/ROS_Workspace/ros2_ws/build/px4_ros_com', 'catkin_cmake_args': None, 'catkin_skip_building_tests': False, 'cmake_args': None, 'cmake_clean_cache': False, 'cmake_clean_first': False, 'cmake_force_configure': False, 'cmake_target': None, 'cmake_target_skip_unavailable': False, 'install_base': '/home/ayusee/Desktop/MAS_Subjects/SDP/Project/ROS_Workspace/ros2_ws/install/px4_ros_com', 'merge_install': False, 'path': '/home/ayusee/Desktop/MAS_Subjects/SDP/Project/ROS_Workspace/ros2_ws/src/px4_ros_com', 'symlink_install': False, 'test_result_base': None}[0m
[2.247s] [34mcolcon.colcon_core.executor[0m [1;30mINFO[0m Executing jobs using 'parallel' executor
[2.249s] [34mcolcon.colcon_parallel_executor.executor.parallel[0m [1;30mDEBUG[0m [32mrun_until_complete[0m
[2.249s] [34mcolcon.colcon_ros.task.ament_cmake.build[0m [1;30mINFO[0m Building ROS package in '/home/ayusee/Desktop/MAS_Subjects/SDP/Project/ROS_Workspace/ros2_ws/src/px4_msgs' with build type 'ament_cmake'
[2.249s] [34mcolcon.colcon_cmake.task.cmake.build[0m [1;30mINFO[0m Building CMake package in '/home/ayusee/Desktop/MAS_Subjects/SDP/Project/ROS_Workspace/ros2_ws/src/px4_msgs'
[2.253s] [34mcolcon.colcon_core.plugin_system[0m [1;30mINFO[0m Skipping extension 'colcon_core.shell.bat': Not used on non-Windows systems
[2.253s] [34mcolcon.colcon_core.shell[0m [1;30mINFO[0m Skip shell extension 'powershell' for command environment: Not usable outside of PowerShell
[2.253s] [34mcolcon.colcon_core.shell[0m [1;30mDEBUG[0m [32mSkip shell extension 'dsv' for command environment[0m
[2.260s] [34mcolcon.colcon_core.event_handler.log_command[0m [1;30mDEBUG[0m [32mInvoking command in '/home/ayusee/Desktop/MAS_Subjects/SDP/Project/ROS_Workspace/ros2_ws/build/px4_msgs': CMAKE_PREFIX_PATH=${CMAKE_PREFIX_PATH}:/opt/ros/foxy:/opt/ros/rolling /home/ayusee/.local/bin/cmake /home/ayusee/Desktop/MAS_Subjects/SDP/Project/ROS_Workspace/ros2_ws/src/px4_msgs -DCMAKE_INSTALL_PREFIX=/home/ayusee/Desktop/MAS_Subjects/SDP/Project/ROS_Workspace/ros2_ws/install/px4_msgs[0m
[5.434s] [34mcolcon.colcon_core.event_handler.log_command[0m [1;30mDEBUG[0m [32mInvoked command in '/home/ayusee/Desktop/MAS_Subjects/SDP/Project/ROS_Workspace/ros2_ws/build/px4_msgs' returned '0': CMAKE_PREFIX_PATH=${CMAKE_PREFIX_PATH}:/opt/ros/foxy:/opt/ros/rolling /home/ayusee/.local/bin/cmake /home/ayusee/Desktop/MAS_Subjects/SDP/Project/ROS_Workspace/ros2_ws/src/px4_msgs -DCMAKE_INSTALL_PREFIX=/home/ayusee/Desktop/MAS_Subjects/SDP/Project/ROS_Workspace/ros2_ws/install/px4_msgs[0m
[5.437s] [34mcolcon.colcon_core.event_handler.log_command[0m [1;30mDEBUG[0m [32mInvoking command in '/home/ayusee/Desktop/MAS_Subjects/SDP/Project/ROS_Workspace/ros2_ws/build/px4_msgs': CMAKE_PREFIX_PATH=${CMAKE_PREFIX_PATH}:/opt/ros/foxy:/opt/ros/rolling /home/ayusee/.local/bin/cmake --build /home/ayusee/Desktop/MAS_Subjects/SDP/Project/ROS_Workspace/ros2_ws/build/px4_msgs -- -j8 -l8[0m
[241.613s] [34mcolcon.colcon_core.event_handler.log_command[0m [1;30mDEBUG[0m [32mInvoked command in '/home/ayusee/Desktop/MAS_Subjects/SDP/Project/ROS_Workspace/ros2_ws/build/px4_msgs' returned '0': CMAKE_PREFIX_PATH=${CMAKE_PREFIX_PATH}:/opt/ros/foxy:/opt/ros/rolling /home/ayusee/.local/bin/cmake --build /home/ayusee/Desktop/MAS_Subjects/SDP/Project/ROS_Workspace/ros2_ws/build/px4_msgs -- -j8 -l8[0m
[244.437s] [34mcolcon.colcon_core.event_handler.log_command[0m [1;30mDEBUG[0m [32mInvoking command in '/home/ayusee/Desktop/MAS_Subjects/SDP/Project/ROS_Workspace/ros2_ws/build/px4_msgs': CMAKE_PREFIX_PATH=${CMAKE_PREFIX_PATH}:/opt/ros/foxy:/opt/ros/rolling /home/ayusee/.local/bin/cmake --install /home/ayusee/Desktop/MAS_Subjects/SDP/Project/ROS_Workspace/ros2_ws/build/px4_msgs[0m
[245.038s] [34mcolcon.colcon_core.environment[0m [1;30mLevel 1[0m create_environment_scripts_only(px4_msgs)
[245.039s] [34mcolcon.colcon_core.event_handler.log_command[0m [1;30mDEBUG[0m [32mInvoked command in '/home/ayusee/Desktop/MAS_Subjects/SDP/Project/ROS_Workspace/ros2_ws/build/px4_msgs' returned '0': CMAKE_PREFIX_PATH=${CMAKE_PREFIX_PATH}:/opt/ros/foxy:/opt/ros/rolling /home/ayusee/.local/bin/cmake --install /home/ayusee/Desktop/MAS_Subjects/SDP/Project/ROS_Workspace/ros2_ws/build/px4_msgs[0m
[245.045s] [34mcolcon.colcon_core.environment[0m [1;30mLevel 1[0m checking '/home/ayusee/Desktop/MAS_Subjects/SDP/Project/ROS_Workspace/ros2_ws/install/px4_msgs' for CMake module files
[245.045s] [34mcolcon.colcon_core.environment[0m [1;30mLevel 1[0m checking '/home/ayusee/Desktop/MAS_Subjects/SDP/Project/ROS_Workspace/ros2_ws/install/px4_msgs' for CMake config files
[245.046s] [34mcolcon.colcon_core.shell[0m [1;30mLevel 1[0m create_environment_hook('px4_msgs', 'cmake_prefix_path')
[245.046s] [34mcolcon.colcon_core.shell[0m [1;30mINFO[0m Creating environment hook '/home/ayusee/Desktop/MAS_Subjects/SDP/Project/ROS_Workspace/ros2_ws/install/px4_msgs/share/px4_msgs/hook/cmake_prefix_path.ps1'
[245.047s] [34mcolcon.colcon_core.shell[0m [1;30mINFO[0m Creating environment descriptor '/home/ayusee/Desktop/MAS_Subjects/SDP/Project/ROS_Workspace/ros2_ws/install/px4_msgs/share/px4_msgs/hook/cmake_prefix_path.dsv'
[245.048s] [34mcolcon.colcon_core.shell[0m [1;30mINFO[0m Creating environment hook '/home/ayusee/Desktop/MAS_Subjects/SDP/Project/ROS_Workspace/ros2_ws/install/px4_msgs/share/px4_msgs/hook/cmake_prefix_path.sh'
[245.049s] [34mcolcon.colcon_core.environment[0m [1;30mLevel 1[0m checking '/home/ayusee/Desktop/MAS_Subjects/SDP/Project/ROS_Workspace/ros2_ws/install/px4_msgs/lib'
[245.049s] [34mcolcon.colcon_core.shell[0m [1;30mLevel 1[0m create_environment_hook('px4_msgs', 'ld_library_path_lib')
[245.050s] [34mcolcon.colcon_core.shell[0m [1;30mINFO[0m Creating environment hook '/home/ayusee/Desktop/MAS_Subjects/SDP/Project/ROS_Workspace/ros2_ws/install/px4_msgs/share/px4_msgs/hook/ld_library_path_lib.ps1'
[245.050s] [34mcolcon.colcon_core.shell[0m [1;30mINFO[0m Creating environment descriptor '/home/ayusee/Desktop/MAS_Subjects/SDP/Project/ROS_Workspace/ros2_ws/install/px4_msgs/share/px4_msgs/hook/ld_library_path_lib.dsv'
[245.050s] [34mcolcon.colcon_core.shell[0m [1;30mINFO[0m Creating environment hook '/home/ayusee/Desktop/MAS_Subjects/SDP/Project/ROS_Workspace/ros2_ws/install/px4_msgs/share/px4_msgs/hook/ld_library_path_lib.sh'
[245.050s] [34mcolcon.colcon_core.environment[0m [1;30mLevel 1[0m checking '/home/ayusee/Desktop/MAS_Subjects/SDP/Project/ROS_Workspace/ros2_ws/install/px4_msgs/bin'
[245.050s] [34mcolcon.colcon_core.environment[0m [1;30mLevel 1[0m checking '/home/ayusee/Desktop/MAS_Subjects/SDP/Project/ROS_Workspace/ros2_ws/install/px4_msgs/lib/pkgconfig/px4_msgs.pc'
[245.051s] [34mcolcon.colcon_core.environment[0m [1;30mLevel 1[0m checking '/home/ayusee/Desktop/MAS_Subjects/SDP/Project/ROS_Workspace/ros2_ws/install/px4_msgs/lib/python3.8/site-packages'
[245.051s] [34mcolcon.colcon_core.shell[0m [1;30mLevel 1[0m create_environment_hook('px4_msgs', 'pythonpath')
[245.051s] [34mcolcon.colcon_core.shell[0m [1;30mINFO[0m Creating environment hook '/home/ayusee/Desktop/MAS_Subjects/SDP/Project/ROS_Workspace/ros2_ws/install/px4_msgs/share/px4_msgs/hook/pythonpath.ps1'
[245.051s] [34mcolcon.colcon_core.shell[0m [1;30mINFO[0m Creating environment descriptor '/home/ayusee/Desktop/MAS_Subjects/SDP/Project/ROS_Workspace/ros2_ws/install/px4_msgs/share/px4_msgs/hook/pythonpath.dsv'
[245.051s] [34mcolcon.colcon_core.shell[0m [1;30mINFO[0m Creating environment hook '/home/ayusee/Desktop/MAS_Subjects/SDP/Project/ROS_Workspace/ros2_ws/install/px4_msgs/share/px4_msgs/hook/pythonpath.sh'
[245.052s] [34mcolcon.colcon_core.environment[0m [1;30mLevel 1[0m checking '/home/ayusee/Desktop/MAS_Subjects/SDP/Project/ROS_Workspace/ros2_ws/install/px4_msgs/bin'
[245.052s] [34mcolcon.colcon_core.shell[0m [1;30mINFO[0m Creating package script '/home/ayusee/Desktop/MAS_Subjects/SDP/Project/ROS_Workspace/ros2_ws/install/px4_msgs/share/px4_msgs/package.ps1'
[245.053s] [34mcolcon.colcon_core.shell[0m [1;30mINFO[0m Creating package descriptor '/home/ayusee/Desktop/MAS_Subjects/SDP/Project/ROS_Workspace/ros2_ws/install/px4_msgs/share/px4_msgs/package.dsv'
[245.054s] [34mcolcon.colcon_core.shell[0m [1;30mINFO[0m Creating package script '/home/ayusee/Desktop/MAS_Subjects/SDP/Project/ROS_Workspace/ros2_ws/install/px4_msgs/share/px4_msgs/package.sh'
[245.054s] [34mcolcon.colcon_core.shell[0m [1;30mINFO[0m Creating package script '/home/ayusee/Desktop/MAS_Subjects/SDP/Project/ROS_Workspace/ros2_ws/install/px4_msgs/share/px4_msgs/package.bash'
[245.055s] [34mcolcon.colcon_core.shell[0m [1;30mINFO[0m Creating package script '/home/ayusee/Desktop/MAS_Subjects/SDP/Project/ROS_Workspace/ros2_ws/install/px4_msgs/share/px4_msgs/package.zsh'
[245.056s] [34mcolcon.colcon_core.environment[0m [1;30mLevel 1[0m create_file_with_runtime_dependencies(/home/ayusee/Desktop/MAS_Subjects/SDP/Project/ROS_Workspace/ros2_ws/install/px4_msgs/share/colcon-core/packages/px4_msgs)
[247.975s] [34mcolcon.colcon_core.environment[0m [1;30mLevel 1[0m create_environment_scripts_only(px4_msgs)
[247.975s] [34mcolcon.colcon_core.environment[0m [1;30mLevel 1[0m checking '/home/ayusee/Desktop/MAS_Subjects/SDP/Project/ROS_Workspace/ros2_ws/install/px4_msgs' for CMake module files
[247.976s] [34mcolcon.colcon_core.environment[0m [1;30mLevel 1[0m checking '/home/ayusee/Desktop/MAS_Subjects/SDP/Project/ROS_Workspace/ros2_ws/install/px4_msgs' for CMake config files
[247.976s] [34mcolcon.colcon_core.shell[0m [1;30mLevel 1[0m create_environment_hook('px4_msgs', 'cmake_prefix_path')
[247.977s] [34mcolcon.colcon_core.shell[0m [1;30mINFO[0m Creating environment hook '/home/ayusee/Desktop/MAS_Subjects/SDP/Project/ROS_Workspace/ros2_ws/install/px4_msgs/share/px4_msgs/hook/cmake_prefix_path.ps1'
[247.977s] [34mcolcon.colcon_core.shell[0m [1;30mINFO[0m Creating environment descriptor '/home/ayusee/Desktop/MAS_Subjects/SDP/Project/ROS_Workspace/ros2_ws/install/px4_msgs/share/px4_msgs/hook/cmake_prefix_path.dsv'
[247.977s] [34mcolcon.colcon_core.shell[0m [1;30mINFO[0m Creating environment hook '/home/ayusee/Desktop/MAS_Subjects/SDP/Project/ROS_Workspace/ros2_ws/install/px4_msgs/share/px4_msgs/hook/cmake_prefix_path.sh'
[247.978s] [34mcolcon.colcon_core.environment[0m [1;30mLevel 1[0m checking '/home/ayusee/Desktop/MAS_Subjects/SDP/Project/ROS_Workspace/ros2_ws/install/px4_msgs/lib'
[247.978s] [34mcolcon.colcon_core.shell[0m [1;30mLevel 1[0m create_environment_hook('px4_msgs', 'ld_library_path_lib')
[247.978s] [34mcolcon.colcon_core.shell[0m [1;30mINFO[0m Creating environment hook '/home/ayusee/Desktop/MAS_Subjects/SDP/Project/ROS_Workspace/ros2_ws/install/px4_msgs/share/px4_msgs/hook/ld_library_path_lib.ps1'
[247.978s] [34mcolcon.colcon_core.shell[0m [1;30mINFO[0m Creating environment descriptor '/home/ayusee/Desktop/MAS_Subjects/SDP/Project/ROS_Workspace/ros2_ws/install/px4_msgs/share/px4_msgs/hook/ld_library_path_lib.dsv'
[247.979s] [34mcolcon.colcon_core.shell[0m [1;30mINFO[0m Creating environment hook '/home/ayusee/Desktop/MAS_Subjects/SDP/Project/ROS_Workspace/ros2_ws/install/px4_msgs/share/px4_msgs/hook/ld_library_path_lib.sh'
[247.979s] [34mcolcon.colcon_core.environment[0m [1;30mLevel 1[0m checking '/home/ayusee/Desktop/MAS_Subjects/SDP/Project/ROS_Workspace/ros2_ws/install/px4_msgs/bin'
[247.979s] [34mcolcon.colcon_core.environment[0m [1;30mLevel 1[0m checking '/home/ayusee/Desktop/MAS_Subjects/SDP/Project/ROS_Workspace/ros2_ws/install/px4_msgs/lib/pkgconfig/px4_msgs.pc'
[247.979s] [34mcolcon.colcon_core.environment[0m [1;30mLevel 1[0m checking '/home/ayusee/Desktop/MAS_Subjects/SDP/Project/ROS_Workspace/ros2_ws/install/px4_msgs/lib/python3.8/site-packages'
[247.979s] [34mcolcon.colcon_core.shell[0m [1;30mLevel 1[0m create_environment_hook('px4_msgs', 'pythonpath')
[247.980s] [34mcolcon.colcon_core.shell[0m [1;30mINFO[0m Creating environment hook '/home/ayusee/Desktop/MAS_Subjects/SDP/Project/ROS_Workspace/ros2_ws/install/px4_msgs/share/px4_msgs/hook/pythonpath.ps1'
[247.980s] [34mcolcon.colcon_core.shell[0m [1;30mINFO[0m Creating environment descriptor '/home/ayusee/Desktop/MAS_Subjects/SDP/Project/ROS_Workspace/ros2_ws/install/px4_msgs/share/px4_msgs/hook/pythonpath.dsv'
[247.980s] [34mcolcon.colcon_core.shell[0m [1;30mINFO[0m Creating environment hook '/home/ayusee/Desktop/MAS_Subjects/SDP/Project/ROS_Workspace/ros2_ws/install/px4_msgs/share/px4_msgs/hook/pythonpath.sh'
[247.981s] [34mcolcon.colcon_core.environment[0m [1;30mLevel 1[0m checking '/home/ayusee/Desktop/MAS_Subjects/SDP/Project/ROS_Workspace/ros2_ws/install/px4_msgs/bin'
[247.981s] [34mcolcon.colcon_core.shell[0m [1;30mINFO[0m Creating package script '/home/ayusee/Desktop/MAS_Subjects/SDP/Project/ROS_Workspace/ros2_ws/install/px4_msgs/share/px4_msgs/package.ps1'
[247.981s] [34mcolcon.colcon_core.shell[0m [1;30mINFO[0m Creating package descriptor '/home/ayusee/Desktop/MAS_Subjects/SDP/Project/ROS_Workspace/ros2_ws/install/px4_msgs/share/px4_msgs/package.dsv'
[247.982s] [34mcolcon.colcon_core.shell[0m [1;30mINFO[0m Creating package script '/home/ayusee/Desktop/MAS_Subjects/SDP/Project/ROS_Workspace/ros2_ws/install/px4_msgs/share/px4_msgs/package.sh'
[247.982s] [34mcolcon.colcon_core.shell[0m [1;30mINFO[0m Creating package script '/home/ayusee/Desktop/MAS_Subjects/SDP/Project/ROS_Workspace/ros2_ws/install/px4_msgs/share/px4_msgs/package.bash'
[247.983s] [34mcolcon.colcon_core.shell[0m [1;30mINFO[0m Creating package script '/home/ayusee/Desktop/MAS_Subjects/SDP/Project/ROS_Workspace/ros2_ws/install/px4_msgs/share/px4_msgs/package.zsh'
[247.983s] [34mcolcon.colcon_core.environment[0m [1;30mLevel 1[0m create_file_with_runtime_dependencies(/home/ayusee/Desktop/MAS_Subjects/SDP/Project/ROS_Workspace/ros2_ws/install/px4_msgs/share/colcon-core/packages/px4_msgs)
[247.983s] [34mcolcon.colcon_ros.task.ament_cmake.build[0m [1;30mINFO[0m Building ROS package in '/home/ayusee/Desktop/MAS_Subjects/SDP/Project/ROS_Workspace/ros2_ws/src/px4_ros_com' with build type 'ament_cmake'
[247.984s] [34mcolcon.colcon_cmake.task.cmake.build[0m [1;30mINFO[0m Building CMake package in '/home/ayusee/Desktop/MAS_Subjects/SDP/Project/ROS_Workspace/ros2_ws/src/px4_ros_com'
[247.984s] [34mcolcon.colcon_core.shell[0m [1;30mINFO[0m Skip shell extension 'powershell' for command environment: Not usable outside of PowerShell
[247.985s] [34mcolcon.colcon_core.shell[0m [1;30mDEBUG[0m [32mSkip shell extension 'dsv' for command environment[0m
[247.995s] [34mcolcon.colcon_core.event_handler.log_command[0m [1;30mDEBUG[0m [32mInvoking command in '/home/ayusee/Desktop/MAS_Subjects/SDP/Project/ROS_Workspace/ros2_ws/build/px4_ros_com': CMAKE_PREFIX_PATH=${CMAKE_PREFIX_PATH}:/opt/ros/foxy:/opt/ros/rolling LD_LIBRARY_PATH=/home/ayusee/Desktop/MAS_Subjects/SDP/Project/ROS_Workspace/ros2_ws/install/px4_msgs/lib:/opt/ros/foxy/opt/yaml_cpp_vendor/lib:/opt/ros/foxy/opt/rviz_ogre_vendor/lib:/opt/ros/foxy/lib/x86_64-linux-gnu:/opt/ros/foxy/lib:/usr/lib/x86_64-linux-gnu/gazebo-11/plugins:/opt/ros/rolling/opt/yaml_cpp_vendor/lib:/opt/ros/rolling/opt/rviz_ogre_vendor/lib:/opt/ros/rolling/lib/x86_64-linux-gnu:/opt/ros/rolling/lib PYTHONPATH=/home/ayusee/Desktop/MAS_Subjects/SDP/Project/ROS_Workspace/ros2_ws/install/px4_msgs/lib/python3.8/site-packages:/opt/ros/foxy/lib/python3.8/site-packages:/opt/ros/rolling/lib/python3.8/site-packages /home/ayusee/.local/bin/cmake /home/ayusee/Desktop/MAS_Subjects/SDP/Project/ROS_Workspace/ros2_ws/src/px4_ros_com -DCMAKE_INSTALL_PREFIX=/home/ayusee/Desktop/MAS_Subjects/SDP/Project/ROS_Workspace/ros2_ws/install/px4_ros_com[0m
[249.425s] [34mcolcon.colcon_core.event_handler.log_command[0m [1;30mDEBUG[0m [32mInvoked command in '/home/ayusee/Desktop/MAS_Subjects/SDP/Project/ROS_Workspace/ros2_ws/build/px4_ros_com' returned '0': CMAKE_PREFIX_PATH=${CMAKE_PREFIX_PATH}:/opt/ros/foxy:/opt/ros/rolling LD_LIBRARY_PATH=/home/ayusee/Desktop/MAS_Subjects/SDP/Project/ROS_Workspace/ros2_ws/install/px4_msgs/lib:/opt/ros/foxy/opt/yaml_cpp_vendor/lib:/opt/ros/foxy/opt/rviz_ogre_vendor/lib:/opt/ros/foxy/lib/x86_64-linux-gnu:/opt/ros/foxy/lib:/usr/lib/x86_64-linux-gnu/gazebo-11/plugins:/opt/ros/rolling/opt/yaml_cpp_vendor/lib:/opt/ros/rolling/opt/rviz_ogre_vendor/lib:/opt/ros/rolling/lib/x86_64-linux-gnu:/opt/ros/rolling/lib PYTHONPATH=/home/ayusee/Desktop/MAS_Subjects/SDP/Project/ROS_Workspace/ros2_ws/install/px4_msgs/lib/python3.8/site-packages:/opt/ros/foxy/lib/python3.8/site-packages:/opt/ros/rolling/lib/python3.8/site-packages /home/ayusee/.local/bin/cmake /home/ayusee/Desktop/MAS_Subjects/SDP/Project/ROS_Workspace/ros2_ws/src/px4_ros_com -DCMAKE_INSTALL_PREFIX=/home/ayusee/Desktop/MAS_Subjects/SDP/Project/ROS_Workspace/ros2_ws/install/px4_ros_com[0m
[249.427s] [34mcolcon.colcon_core.event_handler.log_command[0m [1;30mDEBUG[0m [32mInvoking command in '/home/ayusee/Desktop/MAS_Subjects/SDP/Project/ROS_Workspace/ros2_ws/build/px4_ros_com': CMAKE_PREFIX_PATH=${CMAKE_PREFIX_PATH}:/opt/ros/foxy:/opt/ros/rolling LD_LIBRARY_PATH=/home/ayusee/Desktop/MAS_Subjects/SDP/Project/ROS_Workspace/ros2_ws/install/px4_msgs/lib:/opt/ros/foxy/opt/yaml_cpp_vendor/lib:/opt/ros/foxy/opt/rviz_ogre_vendor/lib:/opt/ros/foxy/lib/x86_64-linux-gnu:/opt/ros/foxy/lib:/usr/lib/x86_64-linux-gnu/gazebo-11/plugins:/opt/ros/rolling/opt/yaml_cpp_vendor/lib:/opt/ros/rolling/opt/rviz_ogre_vendor/lib:/opt/ros/rolling/lib/x86_64-linux-gnu:/opt/ros/rolling/lib PYTHONPATH=/home/ayusee/Desktop/MAS_Subjects/SDP/Project/ROS_Workspace/ros2_ws/install/px4_msgs/lib/python3.8/site-packages:/opt/ros/foxy/lib/python3.8/site-packages:/opt/ros/rolling/lib/python3.8/site-packages /home/ayusee/.local/bin/cmake --build /home/ayusee/Desktop/MAS_Subjects/SDP/Project/ROS_Workspace/ros2_ws/build/px4_ros_com -- -j8 -l8[0m
[257.127s] [34mcolcon.colcon_core.event_handler.log_command[0m [1;30mDEBUG[0m [32mInvoked command in '/home/ayusee/Desktop/MAS_Subjects/SDP/Project/ROS_Workspace/ros2_ws/build/px4_ros_com' returned '0': CMAKE_PREFIX_PATH=${CMAKE_PREFIX_PATH}:/opt/ros/foxy:/opt/ros/rolling LD_LIBRARY_PATH=/home/ayusee/Desktop/MAS_Subjects/SDP/Project/ROS_Workspace/ros2_ws/install/px4_msgs/lib:/opt/ros/foxy/opt/yaml_cpp_vendor/lib:/opt/ros/foxy/opt/rviz_ogre_vendor/lib:/opt/ros/foxy/lib/x86_64-linux-gnu:/opt/ros/foxy/lib:/usr/lib/x86_64-linux-gnu/gazebo-11/plugins:/opt/ros/rolling/opt/yaml_cpp_vendor/lib:/opt/ros/rolling/opt/rviz_ogre_vendor/lib:/opt/ros/rolling/lib/x86_64-linux-gnu:/opt/ros/rolling/lib PYTHONPATH=/home/ayusee/Desktop/MAS_Subjects/SDP/Project/ROS_Workspace/ros2_ws/install/px4_msgs/lib/python3.8/site-packages:/opt/ros/foxy/lib/python3.8/site-packages:/opt/ros/rolling/lib/python3.8/site-packages /home/ayusee/.local/bin/cmake --build /home/ayusee/Desktop/MAS_Subjects/SDP/Project/ROS_Workspace/ros2_ws/build/px4_ros_com -- -j8 -l8[0m
[257.173s] [34mcolcon.colcon_core.event_handler.log_command[0m [1;30mDEBUG[0m [32mInvoking command in '/home/ayusee/Desktop/MAS_Subjects/SDP/Project/ROS_Workspace/ros2_ws/build/px4_ros_com': CMAKE_PREFIX_PATH=${CMAKE_PREFIX_PATH}:/opt/ros/foxy:/opt/ros/rolling LD_LIBRARY_PATH=/home/ayusee/Desktop/MAS_Subjects/SDP/Project/ROS_Workspace/ros2_ws/install/px4_msgs/lib:/opt/ros/foxy/opt/yaml_cpp_vendor/lib:/opt/ros/foxy/opt/rviz_ogre_vendor/lib:/opt/ros/foxy/lib/x86_64-linux-gnu:/opt/ros/foxy/lib:/usr/lib/x86_64-linux-gnu/gazebo-11/plugins:/opt/ros/rolling/opt/yaml_cpp_vendor/lib:/opt/ros/rolling/opt/rviz_ogre_vendor/lib:/opt/ros/rolling/lib/x86_64-linux-gnu:/opt/ros/rolling/lib PYTHONPATH=/home/ayusee/Desktop/MAS_Subjects/SDP/Project/ROS_Workspace/ros2_ws/install/px4_msgs/lib/python3.8/site-packages:/opt/ros/foxy/lib/python3.8/site-packages:/opt/ros/rolling/lib/python3.8/site-packages /home/ayusee/.local/bin/cmake --install /home/ayusee/Desktop/MAS_Subjects/SDP/Project/ROS_Workspace/ros2_ws/build/px4_ros_com[0m
[257.246s] [34mcolcon.colcon_core.environment[0m [1;30mLevel 1[0m create_environment_scripts_only(px4_ros_com)
[257.246s] [34mcolcon.colcon_core.environment[0m [1;30mLevel 1[0m checking '/home/ayusee/Desktop/MAS_Subjects/SDP/Project/ROS_Workspace/ros2_ws/install/px4_ros_com' for CMake module files
[257.247s] [34mcolcon.colcon_core.environment[0m [1;30mLevel 1[0m checking '/home/ayusee/Desktop/MAS_Subjects/SDP/Project/ROS_Workspace/ros2_ws/install/px4_ros_com' for CMake config files
[257.247s] [34mcolcon.colcon_core.shell[0m [1;30mLevel 1[0m create_environment_hook('px4_ros_com', 'cmake_prefix_path')
[257.247s] [34mcolcon.colcon_core.shell[0m [1;30mINFO[0m Creating environment hook '/home/ayusee/Desktop/MAS_Subjects/SDP/Project/ROS_Workspace/ros2_ws/install/px4_ros_com/share/px4_ros_com/hook/cmake_prefix_path.ps1'
[257.248s] [34mcolcon.colcon_core.shell[0m [1;30mINFO[0m Creating environment descriptor '/home/ayusee/Desktop/MAS_Subjects/SDP/Project/ROS_Workspace/ros2_ws/install/px4_ros_com/share/px4_ros_com/hook/cmake_prefix_path.dsv'
[257.248s] [34mcolcon.colcon_core.shell[0m [1;30mINFO[0m Creating environment hook '/home/ayusee/Desktop/MAS_Subjects/SDP/Project/ROS_Workspace/ros2_ws/install/px4_ros_com/share/px4_ros_com/hook/cmake_prefix_path.sh'
[257.248s] [34mcolcon.colcon_core.environment[0m [1;30mLevel 1[0m checking '/home/ayusee/Desktop/MAS_Subjects/SDP/Project/ROS_Workspace/ros2_ws/install/px4_ros_com/lib'
[257.248s] [34mcolcon.colcon_core.shell[0m [1;30mLevel 1[0m create_environment_hook('px4_ros_com', 'ld_library_path_lib')
[257.249s] [34mcolcon.colcon_core.shell[0m [1;30mINFO[0m Creating environment hook '/home/ayusee/Desktop/MAS_Subjects/SDP/Project/ROS_Workspace/ros2_ws/install/px4_ros_com/share/px4_ros_com/hook/ld_library_path_lib.ps1'
[257.249s] [34mcolcon.colcon_core.shell[0m [1;30mINFO[0m Creating environment descriptor '/home/ayusee/Desktop/MAS_Subjects/SDP/Project/ROS_Workspace/ros2_ws/install/px4_ros_com/share/px4_ros_com/hook/ld_library_path_lib.dsv'
[257.249s] [34mcolcon.colcon_core.shell[0m [1;30mINFO[0m Creating environment hook '/home/ayusee/Desktop/MAS_Subjects/SDP/Project/ROS_Workspace/ros2_ws/install/px4_ros_com/share/px4_ros_com/hook/ld_library_path_lib.sh'
[257.250s] [34mcolcon.colcon_core.event_handler.log_command[0m [1;30mDEBUG[0m [32mInvoked command in '/home/ayusee/Desktop/MAS_Subjects/SDP/Project/ROS_Workspace/ros2_ws/build/px4_ros_com' returned '0': CMAKE_PREFIX_PATH=${CMAKE_PREFIX_PATH}:/opt/ros/foxy:/opt/ros/rolling LD_LIBRARY_PATH=/home/ayusee/Desktop/MAS_Subjects/SDP/Project/ROS_Workspace/ros2_ws/install/px4_msgs/lib:/opt/ros/foxy/opt/yaml_cpp_vendor/lib:/opt/ros/foxy/opt/rviz_ogre_vendor/lib:/opt/ros/foxy/lib/x86_64-linux-gnu:/opt/ros/foxy/lib:/usr/lib/x86_64-linux-gnu/gazebo-11/plugins:/opt/ros/rolling/opt/yaml_cpp_vendor/lib:/opt/ros/rolling/opt/rviz_ogre_vendor/lib:/opt/ros/rolling/lib/x86_64-linux-gnu:/opt/ros/rolling/lib PYTHONPATH=/home/ayusee/Desktop/MAS_Subjects/SDP/Project/ROS_Workspace/ros2_ws/install/px4_msgs/lib/python3.8/site-packages:/opt/ros/foxy/lib/python3.8/site-packages:/opt/ros/rolling/lib/python3.8/site-packages /home/ayusee/.local/bin/cmake --install /home/ayusee/Desktop/MAS_Subjects/SDP/Project/ROS_Workspace/ros2_ws/build/px4_ros_com[0m
[257.250s] [34mcolcon.colcon_core.environment[0m [1;30mLevel 1[0m checking '/home/ayusee/Desktop/MAS_Subjects/SDP/Project/ROS_Workspace/ros2_ws/install/px4_ros_com/bin'
[257.250s] [34mcolcon.colcon_core.environment[0m [1;30mLevel 1[0m checking '/home/ayusee/Desktop/MAS_Subjects/SDP/Project/ROS_Workspace/ros2_ws/install/px4_ros_com/lib/pkgconfig/px4_ros_com.pc'
[257.250s] [34mcolcon.colcon_core.environment[0m [1;30mLevel 1[0m checking '/home/ayusee/Desktop/MAS_Subjects/SDP/Project/ROS_Workspace/ros2_ws/install/px4_ros_com/lib/python3.8/site-packages'
[257.250s] [34mcolcon.colcon_core.shell[0m [1;30mLevel 1[0m create_environment_hook('px4_ros_com', 'pythonpath')
[257.251s] [34mcolcon.colcon_core.shell[0m [1;30mINFO[0m Creating environment hook '/home/ayusee/Desktop/MAS_Subjects/SDP/Project/ROS_Workspace/ros2_ws/install/px4_ros_com/share/px4_ros_com/hook/pythonpath.ps1'
[257.251s] [34mcolcon.colcon_core.shell[0m [1;30mINFO[0m Creating environment descriptor '/home/ayusee/Desktop/MAS_Subjects/SDP/Project/ROS_Workspace/ros2_ws/install/px4_ros_com/share/px4_ros_com/hook/pythonpath.dsv'
[257.251s] [34mcolcon.colcon_core.shell[0m [1;30mINFO[0m Creating environment hook '/home/ayusee/Desktop/MAS_Subjects/SDP/Project/ROS_Workspace/ros2_ws/install/px4_ros_com/share/px4_ros_com/hook/pythonpath.sh'
[257.251s] [34mcolcon.colcon_core.environment[0m [1;30mLevel 1[0m checking '/home/ayusee/Desktop/MAS_Subjects/SDP/Project/ROS_Workspace/ros2_ws/install/px4_ros_com/bin'
[257.252s] [34mcolcon.colcon_core.shell[0m [1;30mINFO[0m Creating package script '/home/ayusee/Desktop/MAS_Subjects/SDP/Project/ROS_Workspace/ros2_ws/install/px4_ros_com/share/px4_ros_com/package.ps1'
[257.252s] [34mcolcon.colcon_core.shell[0m [1;30mINFO[0m Creating package descriptor '/home/ayusee/Desktop/MAS_Subjects/SDP/Project/ROS_Workspace/ros2_ws/install/px4_ros_com/share/px4_ros_com/package.dsv'
[257.252s] [34mcolcon.colcon_core.shell[0m [1;30mINFO[0m Creating package script '/home/ayusee/Desktop/MAS_Subjects/SDP/Project/ROS_Workspace/ros2_ws/install/px4_ros_com/share/px4_ros_com/package.sh'
[257.253s] [34mcolcon.colcon_core.shell[0m [1;30mINFO[0m Creating package script '/home/ayusee/Desktop/MAS_Subjects/SDP/Project/ROS_Workspace/ros2_ws/install/px4_ros_com/share/px4_ros_com/package.bash'
[257.253s] [34mcolcon.colcon_core.shell[0m [1;30mINFO[0m Creating package script '/home/ayusee/Desktop/MAS_Subjects/SDP/Project/ROS_Workspace/ros2_ws/install/px4_ros_com/share/px4_ros_com/package.zsh'
[257.253s] [34mcolcon.colcon_core.environment[0m [1;30mLevel 1[0m create_file_with_runtime_dependencies(/home/ayusee/Desktop/MAS_Subjects/SDP/Project/ROS_Workspace/ros2_ws/install/px4_ros_com/share/colcon-core/packages/px4_ros_com)
[257.305s] [34mcolcon.colcon_core.environment[0m [1;30mLevel 1[0m create_environment_scripts_only(px4_ros_com)
[257.305s] [34mcolcon.colcon_core.environment[0m [1;30mLevel 1[0m checking '/home/ayusee/Desktop/MAS_Subjects/SDP/Project/ROS_Workspace/ros2_ws/install/px4_ros_com' for CMake module files
[257.306s] [34mcolcon.colcon_core.environment[0m [1;30mLevel 1[0m checking '/home/ayusee/Desktop/MAS_Subjects/SDP/Project/ROS_Workspace/ros2_ws/install/px4_ros_com' for CMake config files
[257.306s] [34mcolcon.colcon_core.shell[0m [1;30mLevel 1[0m create_environment_hook('px4_ros_com', 'cmake_prefix_path')
[257.306s] [34mcolcon.colcon_core.shell[0m [1;30mINFO[0m Creating environment hook '/home/ayusee/Desktop/MAS_Subjects/SDP/Project/ROS_Workspace/ros2_ws/install/px4_ros_com/share/px4_ros_com/hook/cmake_prefix_path.ps1'
[257.307s] [34mcolcon.colcon_core.shell[0m [1;30mINFO[0m Creating environment descriptor '/home/ayusee/Desktop/MAS_Subjects/SDP/Project/ROS_Workspace/ros2_ws/install/px4_ros_com/share/px4_ros_com/hook/cmake_prefix_path.dsv'
[257.307s] [34mcolcon.colcon_core.shell[0m [1;30mINFO[0m Creating environment hook '/home/ayusee/Desktop/MAS_Subjects/SDP/Project/ROS_Workspace/ros2_ws/install/px4_ros_com/share/px4_ros_com/hook/cmake_prefix_path.sh'
[257.308s] [34mcolcon.colcon_core.environment[0m [1;30mLevel 1[0m checking '/home/ayusee/Desktop/MAS_Subjects/SDP/Project/ROS_Workspace/ros2_ws/install/px4_ros_com/lib'
[257.308s] [34mcolcon.colcon_core.shell[0m [1;30mLevel 1[0m create_environment_hook('px4_ros_com', 'ld_library_path_lib')
[257.308s] [34mcolcon.colcon_core.shell[0m [1;30mINFO[0m Creating environment hook '/home/ayusee/Desktop/MAS_Subjects/SDP/Project/ROS_Workspace/ros2_ws/install/px4_ros_com/share/px4_ros_com/hook/ld_library_path_lib.ps1'
[257.308s] [34mcolcon.colcon_core.shell[0m [1;30mINFO[0m Creating environment descriptor '/home/ayusee/Desktop/MAS_Subjects/SDP/Project/ROS_Workspace/ros2_ws/install/px4_ros_com/share/px4_ros_com/hook/ld_library_path_lib.dsv'
[257.309s] [34mcolcon.colcon_core.shell[0m [1;30mINFO[0m Creating environment hook '/home/ayusee/Desktop/MAS_Subjects/SDP/Project/ROS_Workspace/ros2_ws/install/px4_ros_com/share/px4_ros_com/hook/ld_library_path_lib.sh'
[257.309s] [34mcolcon.colcon_core.environment[0m [1;30mLevel 1[0m checking '/home/ayusee/Desktop/MAS_Subjects/SDP/Project/ROS_Workspace/ros2_ws/install/px4_ros_com/bin'
[257.309s] [34mcolcon.colcon_core.environment[0m [1;30mLevel 1[0m checking '/home/ayusee/Desktop/MAS_Subjects/SDP/Project/ROS_Workspace/ros2_ws/install/px4_ros_com/lib/pkgconfig/px4_ros_com.pc'
[257.309s] [34mcolcon.colcon_core.environment[0m [1;30mLevel 1[0m checking '/home/ayusee/Desktop/MAS_Subjects/SDP/Project/ROS_Workspace/ros2_ws/install/px4_ros_com/lib/python3.8/site-packages'
[257.309s] [34mcolcon.colcon_core.shell[0m [1;30mLevel 1[0m create_environment_hook('px4_ros_com', 'pythonpath')
[257.310s] [34mcolcon.colcon_core.shell[0m [1;30mINFO[0m Creating environment hook '/home/ayusee/Desktop/MAS_Subjects/SDP/Project/ROS_Workspace/ros2_ws/install/px4_ros_com/share/px4_ros_com/hook/pythonpath.ps1'
[257.310s] [34mcolcon.colcon_core.shell[0m [1;30mINFO[0m Creating environment descriptor '/home/ayusee/Desktop/MAS_Subjects/SDP/Project/ROS_Workspace/ros2_ws/install/px4_ros_com/share/px4_ros_com/hook/pythonpath.dsv'
[257.311s] [34mcolcon.colcon_core.shell[0m [1;30mINFO[0m Creating environment hook '/home/ayusee/Desktop/MAS_Subjects/SDP/Project/ROS_Workspace/ros2_ws/install/px4_ros_com/share/px4_ros_com/hook/pythonpath.sh'
[257.311s] [34mcolcon.colcon_core.environment[0m [1;30mLevel 1[0m checking '/home/ayusee/Desktop/MAS_Subjects/SDP/Project/ROS_Workspace/ros2_ws/install/px4_ros_com/bin'
[257.311s] [34mcolcon.colcon_core.shell[0m [1;30mINFO[0m Creating package script '/home/ayusee/Desktop/MAS_Subjects/SDP/Project/ROS_Workspace/ros2_ws/install/px4_ros_com/share/px4_ros_com/package.ps1'
[257.312s] [34mcolcon.colcon_core.shell[0m [1;30mINFO[0m Creating package descriptor '/home/ayusee/Desktop/MAS_Subjects/SDP/Project/ROS_Workspace/ros2_ws/install/px4_ros_com/share/px4_ros_com/package.dsv'
[257.312s] [34mcolcon.colcon_core.shell[0m [1;30mINFO[0m Creating package script '/home/ayusee/Desktop/MAS_Subjects/SDP/Project/ROS_Workspace/ros2_ws/install/px4_ros_com/share/px4_ros_com/package.sh'
[257.313s] [34mcolcon.colcon_core.shell[0m [1;30mINFO[0m Creating package script '/home/ayusee/Desktop/MAS_Subjects/SDP/Project/ROS_Workspace/ros2_ws/install/px4_ros_com/share/px4_ros_com/package.bash'
[257.313s] [34mcolcon.colcon_core.shell[0m [1;30mINFO[0m Creating package script '/home/ayusee/Desktop/MAS_Subjects/SDP/Project/ROS_Workspace/ros2_ws/install/px4_ros_com/share/px4_ros_com/package.zsh'
[257.313s] [34mcolcon.colcon_core.environment[0m [1;30mLevel 1[0m create_file_with_runtime_dependencies(/home/ayusee/Desktop/MAS_Subjects/SDP/Project/ROS_Workspace/ros2_ws/install/px4_ros_com/share/colcon-core/packages/px4_ros_com)
[257.313s] [34mcolcon.colcon_parallel_executor.executor.parallel[0m [1;30mDEBUG[0m [32mclosing loop[0m
[257.314s] [34mcolcon.colcon_parallel_executor.executor.parallel[0m [1;30mDEBUG[0m [32mloop closed[0m
[257.314s] [34mcolcon.colcon_parallel_executor.executor.parallel[0m [1;30mDEBUG[0m [32mrun_until_complete finished with '0'[0m
[257.314s] [34mcolcon.colcon_core.event_reactor[0m [1;30mDEBUG[0m [32mjoining thread[0m
[257.324s] [34mcolcon.colcon_core.plugin_system[0m [1;30mINFO[0m Skipping extension 'colcon_notification.desktop_notification.terminal_notifier': Not used on non-Darwin systems
[257.324s] [34mcolcon.colcon_core.plugin_system[0m [1;30mINFO[0m Skipping extension 'colcon_notification.desktop_notification.win32': Not used on non-Windows systems
[257.324s] [34mcolcon.colcon_notification.desktop_notification[0m [1;30mINFO[0m Sending desktop notification using 'notify2'
[257.345s] [34mcolcon.colcon_core.event_reactor[0m [1;30mDEBUG[0m [32mjoined thread[0m
[257.345s] [34mcolcon.colcon_core.shell[0m [1;30mINFO[0m Creating prefix script '/home/ayusee/Desktop/MAS_Subjects/SDP/Project/ROS_Workspace/ros2_ws/install/local_setup.ps1'
[257.346s] [34mcolcon.colcon_core.shell[0m [1;30mINFO[0m Creating prefix util module '/home/ayusee/Desktop/MAS_Subjects/SDP/Project/ROS_Workspace/ros2_ws/install/_local_setup_util_ps1.py'
[257.348s] [34mcolcon.colcon_core.shell[0m [1;30mINFO[0m Creating prefix chain script '/home/ayusee/Desktop/MAS_Subjects/SDP/Project/ROS_Workspace/ros2_ws/install/setup.ps1'
[257.349s] [34mcolcon.colcon_core.shell[0m [1;30mINFO[0m Creating prefix script '/home/ayusee/Desktop/MAS_Subjects/SDP/Project/ROS_Workspace/ros2_ws/install/local_setup.sh'
[257.350s] [34mcolcon.colcon_core.shell[0m [1;30mINFO[0m Creating prefix util module '/home/ayusee/Desktop/MAS_Subjects/SDP/Project/ROS_Workspace/ros2_ws/install/_local_setup_util_sh.py'
[257.350s] [34mcolcon.colcon_core.shell[0m [1;30mINFO[0m Creating prefix chain script '/home/ayusee/Desktop/MAS_Subjects/SDP/Project/ROS_Workspace/ros2_ws/install/setup.sh'
[257.352s] [34mcolcon.colcon_core.shell[0m [1;30mINFO[0m Creating prefix script '/home/ayusee/Desktop/MAS_Subjects/SDP/Project/ROS_Workspace/ros2_ws/install/local_setup.bash'
[257.353s] [34mcolcon.colcon_core.shell[0m [1;30mINFO[0m Creating prefix chain script '/home/ayusee/Desktop/MAS_Subjects/SDP/Project/ROS_Workspace/ros2_ws/install/setup.bash'
[257.354s] [34mcolcon.colcon_core.shell[0m [1;30mINFO[0m Creating prefix script '/home/ayusee/Desktop/MAS_Subjects/SDP/Project/ROS_Workspace/ros2_ws/install/local_setup.zsh'
[257.355s] [34mcolcon.colcon_core.shell[0m [1;30mINFO[0m Creating prefix chain script '/home/ayusee/Desktop/MAS_Subjects/SDP/Project/ROS_Workspace/ros2_ws/install/setup.zsh'
