[0.294s] [34mcolcon[0m [1;30mDEBUG[0m [32mCommand line arguments: ['/usr/bin/colcon', 'build'][0m
[0.294s] [34mcolcon[0m [1;30mDEBUG[0m [32mParsed command line arguments: Namespace(allow_overriding=[], ament_cmake_args=None, base_paths=['.'], build_base='build', catkin_cmake_args=None, catkin_skip_building_tests=False, cmake_args=None, cmake_clean_cache=False, cmake_clean_first=False, cmake_force_configure=False, cmake_target=None, cmake_target_skip_unavailable=False, continue_on_error=False, event_handlers=None, executor='parallel', ignore_user_meta=False, install_base='install', log_base=None, log_level=None, main=<bound method BuildVerb.main of <colcon_core.verb.build.BuildVerb object at 0x7fab5c145fa0>>, merge_install=False, metas=['./colcon.meta'], mixin=None, mixin_files=None, mixin_verb=('build',), packages_above=None, packages_above_and_dependencies=None, packages_above_depth=None, packages_end=None, packages_ignore=None, packages_ignore_regex=None, packages_select=None, packages_select_build_failed=False, packages_select_by_dep=None, packages_select_regex=None, packages_select_test_failures=False, packages_skip=None, packages_skip_build_finished=False, packages_skip_by_dep=None, packages_skip_regex=None, packages_skip_test_passed=False, packages_skip_up_to=None, packages_start=None, packages_up_to=None, packages_up_to_regex=None, parallel_workers=8, paths=None, symlink_install=False, test_result_base=None, verb_extension=<colcon_core.verb.build.BuildVerb object at 0x7fab5c145fa0>, verb_name='build', verb_parser=<colcon_mixin.mixin.mixin_argument.MixinArgumentDecorator object at 0x7fab5bfbe5b0>)[0m
[0.493s] [34mcolcon.colcon_core.package_discovery[0m [1;30mLevel 1[0m discover_packages(colcon_meta) check parameters
[0.493s] [34mcolcon.colcon_core.package_discovery[0m [1;30mLevel 1[0m discover_packages(recursive) check parameters
[0.494s] [34mcolcon.colcon_core.package_discovery[0m [1;30mLevel 1[0m discover_packages(ignore) check parameters
[0.494s] [34mcolcon.colcon_core.package_discovery[0m [1;30mLevel 1[0m discover_packages(path) check parameters
[0.494s] [34mcolcon.colcon_core.package_discovery[0m [1;30mLevel 1[0m discover_packages(colcon_meta) discover
[0.494s] [34mcolcon.colcon_core.package_discovery[0m [1;30mLevel 1[0m discover_packages(recursive) discover
[0.494s] [34mcolcon.colcon_core.package_discovery[0m [1;30mINFO[0m Crawling recursively for packages in '/home/ayusee/Desktop/MAS_Subjects/SDP/Project/ROS_Workspace/ros2_ws'
[0.494s] [34mcolcon.colcon_core.package_identification[0m [1;30mLevel 1[0m _identify(.) by extensions ['ignore', 'ignore_ament_install']
[0.494s] [34mcolcon.colcon_core.package_identification[0m [1;30mLevel 1[0m _identify(.) by extension 'ignore'
[0.494s] [34mcolcon.colcon_core.package_identification[0m [1;30mLevel 1[0m _identify(.) by extension 'ignore_ament_install'
[0.494s] [34mcolcon.colcon_core.package_identification[0m [1;30mLevel 1[0m _identify(.) by extensions ['colcon_pkg']
[0.494s] [34mcolcon.colcon_core.package_identification[0m [1;30mLevel 1[0m _identify(.) by extension 'colcon_pkg'
[0.494s] [34mcolcon.colcon_core.package_identification[0m [1;30mLevel 1[0m _identify(.) by extensions ['colcon_meta']
[0.494s] [34mcolcon.colcon_core.package_identification[0m [1;30mLevel 1[0m _identify(.) by extension 'colcon_meta'
[0.494s] [34mcolcon.colcon_core.package_identification[0m [1;30mLevel 1[0m _identify(.) by extensions ['ros']
[0.494s] [34mcolcon.colcon_core.package_identification[0m [1;30mLevel 1[0m _identify(.) by extension 'ros'
[0.509s] [34mcolcon.colcon_core.package_identification[0m [1;30mLevel 1[0m _identify(.) by extensions ['cmake', 'python']
[0.509s] [34mcolcon.colcon_core.package_identification[0m [1;30mLevel 1[0m _identify(.) by extension 'cmake'
[0.509s] [34mcolcon.colcon_core.package_identification[0m [1;30mLevel 1[0m _identify(.) by extension 'python'
[0.509s] [34mcolcon.colcon_core.package_identification[0m [1;30mLevel 1[0m _identify(.) by extensions ['python_setup_py']
[0.509s] [34mcolcon.colcon_core.package_identification[0m [1;30mLevel 1[0m _identify(.) by extension 'python_setup_py'
[0.509s] [34mcolcon.colcon_core.package_identification[0m [1;30mLevel 1[0m _identify(build) by extensions ['ignore', 'ignore_ament_install']
[0.509s] [34mcolcon.colcon_core.package_identification[0m [1;30mLevel 1[0m _identify(build) by extension 'ignore'
[0.509s] [34mcolcon.colcon_core.package_identification[0m [1;30mLevel 1[0m _identify(build) ignored
[0.509s] [34mcolcon.colcon_core.package_identification[0m [1;30mLevel 1[0m _identify(install) by extensions ['ignore', 'ignore_ament_install']
[0.510s] [34mcolcon.colcon_core.package_identification[0m [1;30mLevel 1[0m _identify(install) by extension 'ignore'
[0.510s] [34mcolcon.colcon_core.package_identification[0m [1;30mLevel 1[0m _identify(install) ignored
[0.510s] [34mcolcon.colcon_core.package_identification[0m [1;30mLevel 1[0m _identify(log) by extensions ['ignore', 'ignore_ament_install']
[0.510s] [34mcolcon.colcon_core.package_identification[0m [1;30mLevel 1[0m _identify(log) by extension 'ignore'
[0.510s] [34mcolcon.colcon_core.package_identification[0m [1;30mLevel 1[0m _identify(log) ignored
[0.510s] [34mcolcon.colcon_core.package_identification[0m [1;30mLevel 1[0m _identify(src) by extensions ['ignore', 'ignore_ament_install']
[0.510s] [34mcolcon.colcon_core.package_identification[0m [1;30mLevel 1[0m _identify(src) by extension 'ignore'
[0.510s] [34mcolcon.colcon_core.package_identification[0m [1;30mLevel 1[0m _identify(src) by extension 'ignore_ament_install'
[0.510s] [34mcolcon.colcon_core.package_identification[0m [1;30mLevel 1[0m _identify(src) by extensions ['colcon_pkg']
[0.510s] [34mcolcon.colcon_core.package_identification[0m [1;30mLevel 1[0m _identify(src) by extension 'colcon_pkg'
[0.510s] [34mcolcon.colcon_core.package_identification[0m [1;30mLevel 1[0m _identify(src) by extensions ['colcon_meta']
[0.510s] [34mcolcon.colcon_core.package_identification[0m [1;30mLevel 1[0m _identify(src) by extension 'colcon_meta'
[0.510s] [34mcolcon.colcon_core.package_identification[0m [1;30mLevel 1[0m _identify(src) by extensions ['ros']
[0.510s] [34mcolcon.colcon_core.package_identification[0m [1;30mLevel 1[0m _identify(src) by extension 'ros'
[0.510s] [34mcolcon.colcon_core.package_identification[0m [1;30mLevel 1[0m _identify(src) by extensions ['cmake', 'python']
[0.510s] [34mcolcon.colcon_core.package_identification[0m [1;30mLevel 1[0m _identify(src) by extension 'cmake'
[0.510s] [34mcolcon.colcon_core.package_identification[0m [1;30mLevel 1[0m _identify(src) by extension 'python'
[0.510s] [34mcolcon.colcon_core.package_identification[0m [1;30mLevel 1[0m _identify(src) by extensions ['python_setup_py']
[0.510s] [34mcolcon.colcon_core.package_identification[0m [1;30mLevel 1[0m _identify(src) by extension 'python_setup_py'
[0.510s] [34mcolcon.colcon_core.package_identification[0m [1;30mLevel 1[0m _identify(src/mavros_custom) by extensions ['ignore', 'ignore_ament_install']
[0.511s] [34mcolcon.colcon_core.package_identification[0m [1;30mLevel 1[0m _identify(src/mavros_custom) by extension 'ignore'
[0.511s] [34mcolcon.colcon_core.package_identification[0m [1;30mLevel 1[0m _identify(src/mavros_custom) by extension 'ignore_ament_install'
[0.511s] [34mcolcon.colcon_core.package_identification[0m [1;30mLevel 1[0m _identify(src/mavros_custom) by extensions ['colcon_pkg']
[0.511s] [34mcolcon.colcon_core.package_identification[0m [1;30mLevel 1[0m _identify(src/mavros_custom) by extension 'colcon_pkg'
[0.511s] [34mcolcon.colcon_core.package_identification[0m [1;30mLevel 1[0m _identify(src/mavros_custom) by extensions ['colcon_meta']
[0.511s] [34mcolcon.colcon_core.package_identification[0m [1;30mLevel 1[0m _identify(src/mavros_custom) by extension 'colcon_meta'
[0.511s] [34mcolcon.colcon_core.package_identification[0m [1;30mLevel 1[0m _identify(src/mavros_custom) by extensions ['ros']
[0.511s] [34mcolcon.colcon_core.package_identification[0m [1;30mLevel 1[0m _identify(src/mavros_custom) by extension 'ros'
[0.511s] [34mcolcon.colcon_core.package_identification[0m [1;30mLevel 1[0m _identify(src/mavros_custom) by extensions ['cmake', 'python']
[0.511s] [34mcolcon.colcon_core.package_identification[0m [1;30mLevel 1[0m _identify(src/mavros_custom) by extension 'cmake'
[0.511s] [34mcolcon.colcon_core.package_identification[0m [1;30mLevel 1[0m _identify(src/mavros_custom) by extension 'python'
[0.511s] [34mcolcon.colcon_core.package_identification[0m [1;30mLevel 1[0m _identify(src/mavros_custom) by extensions ['python_setup_py']
[0.511s] [34mcolcon.colcon_core.package_identification[0m [1;30mLevel 1[0m _identify(src/mavros_custom) by extension 'python_setup_py'
[0.511s] [34mcolcon.colcon_core.package_identification[0m [1;30mLevel 1[0m _identify(src/mavros_custom/launch) by extensions ['ignore', 'ignore_ament_install']
[0.511s] [34mcolcon.colcon_core.package_identification[0m [1;30mLevel 1[0m _identify(src/mavros_custom/launch) by extension 'ignore'
[0.511s] [34mcolcon.colcon_core.package_identification[0m [1;30mLevel 1[0m _identify(src/mavros_custom/launch) by extension 'ignore_ament_install'
[0.511s] [34mcolcon.colcon_core.package_identification[0m [1;30mLevel 1[0m _identify(src/mavros_custom/launch) by extensions ['colcon_pkg']
[0.511s] [34mcolcon.colcon_core.package_identification[0m [1;30mLevel 1[0m _identify(src/mavros_custom/launch) by extension 'colcon_pkg'
[0.511s] [34mcolcon.colcon_core.package_identification[0m [1;30mLevel 1[0m _identify(src/mavros_custom/launch) by extensions ['colcon_meta']
[0.511s] [34mcolcon.colcon_core.package_identification[0m [1;30mLevel 1[0m _identify(src/mavros_custom/launch) by extension 'colcon_meta'
[0.511s] [34mcolcon.colcon_core.package_identification[0m [1;30mLevel 1[0m _identify(src/mavros_custom/launch) by extensions ['ros']
[0.511s] [34mcolcon.colcon_core.package_identification[0m [1;30mLevel 1[0m _identify(src/mavros_custom/launch) by extension 'ros'
[0.511s] [34mcolcon.colcon_core.package_identification[0m [1;30mLevel 1[0m _identify(src/mavros_custom/launch) by extensions ['cmake', 'python']
[0.511s] [34mcolcon.colcon_core.package_identification[0m [1;30mLevel 1[0m _identify(src/mavros_custom/launch) by extension 'cmake'
[0.512s] [34mcolcon.colcon_core.package_identification[0m [1;30mLevel 1[0m _identify(src/mavros_custom/launch) by extension 'python'
[0.512s] [34mcolcon.colcon_core.package_identification[0m [1;30mLevel 1[0m _identify(src/mavros_custom/launch) by extensions ['python_setup_py']
[0.512s] [34mcolcon.colcon_core.package_identification[0m [1;30mLevel 1[0m _identify(src/mavros_custom/launch) by extension 'python_setup_py'
[0.512s] [34mcolcon.colcon_core.package_identification[0m [1;30mLevel 1[0m _identify(src/px4_msgs) by extensions ['ignore', 'ignore_ament_install']
[0.512s] [34mcolcon.colcon_core.package_identification[0m [1;30mLevel 1[0m _identify(src/px4_msgs) by extension 'ignore'
[0.512s] [34mcolcon.colcon_core.package_identification[0m [1;30mLevel 1[0m _identify(src/px4_msgs) by extension 'ignore_ament_install'
[0.512s] [34mcolcon.colcon_core.package_identification[0m [1;30mLevel 1[0m _identify(src/px4_msgs) by extensions ['colcon_pkg']
[0.512s] [34mcolcon.colcon_core.package_identification[0m [1;30mLevel 1[0m _identify(src/px4_msgs) by extension 'colcon_pkg'
[0.512s] [34mcolcon.colcon_core.package_identification[0m [1;30mLevel 1[0m _identify(src/px4_msgs) by extensions ['colcon_meta']
[0.512s] [34mcolcon.colcon_core.package_identification[0m [1;30mLevel 1[0m _identify(src/px4_msgs) by extension 'colcon_meta'
[0.512s] [34mcolcon.colcon_core.package_identification[0m [1;30mLevel 1[0m _identify(src/px4_msgs) by extensions ['ros']
[0.512s] [34mcolcon.colcon_core.package_identification[0m [1;30mLevel 1[0m _identify(src/px4_msgs) by extension 'ros'
[0.514s] [34mcolcon.colcon_core.package_identification[0m [1;30mDEBUG[0m [32mPackage 'src/px4_msgs' with type 'ros.ament_cmake' and name 'px4_msgs'[0m
[0.514s] [34mcolcon.colcon_core.package_identification[0m [1;30mLevel 1[0m _identify(src/px4_ros_com) by extensions ['ignore', 'ignore_ament_install']
[0.514s] [34mcolcon.colcon_core.package_identification[0m [1;30mLevel 1[0m _identify(src/px4_ros_com) by extension 'ignore'
[0.514s] [34mcolcon.colcon_core.package_identification[0m [1;30mLevel 1[0m _identify(src/px4_ros_com) by extension 'ignore_ament_install'
[0.514s] [34mcolcon.colcon_core.package_identification[0m [1;30mLevel 1[0m _identify(src/px4_ros_com) by extensions ['colcon_pkg']
[0.514s] [34mcolcon.colcon_core.package_identification[0m [1;30mLevel 1[0m _identify(src/px4_ros_com) by extension 'colcon_pkg'
[0.514s] [34mcolcon.colcon_core.package_identification[0m [1;30mLevel 1[0m _identify(src/px4_ros_com) by extensions ['colcon_meta']
[0.514s] [34mcolcon.colcon_core.package_identification[0m [1;30mLevel 1[0m _identify(src/px4_ros_com) by extension 'colcon_meta'
[0.514s] [34mcolcon.colcon_core.package_identification[0m [1;30mLevel 1[0m _identify(src/px4_ros_com) by extensions ['ros']
[0.514s] [34mcolcon.colcon_core.package_identification[0m [1;30mLevel 1[0m _identify(src/px4_ros_com) by extension 'ros'
[0.515s] [34mcolcon.colcon_core.package_identification[0m [1;30mDEBUG[0m [32mPackage 'src/px4_ros_com' with type 'ros.ament_cmake' and name 'px4_ros_com'[0m
[0.515s] [34mcolcon.colcon_core.package_discovery[0m [1;30mLevel 1[0m discover_packages(recursive) using defaults
[0.515s] [34mcolcon.colcon_core.package_discovery[0m [1;30mLevel 1[0m discover_packages(ignore) discover
[0.515s] [34mcolcon.colcon_core.package_discovery[0m [1;30mLevel 1[0m discover_packages(ignore) using defaults
[0.515s] [34mcolcon.colcon_core.package_discovery[0m [1;30mLevel 1[0m discover_packages(path) discover
[0.516s] [34mcolcon.colcon_core.package_discovery[0m [1;30mLevel 1[0m discover_packages(path) using defaults
[0.527s] [34mcolcon.colcon_core.package_discovery[0m [1;30mLevel 1[0m discover_packages(prefix_path) check parameters
[0.528s] [34mcolcon.colcon_core.package_discovery[0m [1;30mLevel 1[0m discover_packages(prefix_path) discover
[0.529s] [34mcolcon.colcon_installed_package_information.package_discovery[0m [1;30mDEBUG[0m [32mFound 2 installed packages in /home/ayusee/Desktop/MAS_Subjects/SDP/Project/ROS_Workspace/ros2_ws/install[0m
[0.531s] [34mcolcon.colcon_installed_package_information.package_discovery[0m [1;30mDEBUG[0m [32mFound 265 installed packages in /opt/ros/foxy[0m
[0.532s] [34mcolcon.colcon_core.package_discovery[0m [1;30mLevel 1[0m discover_packages(prefix_path) using defaults
[0.590s] [34mcolcon.colcon_core.verb[0m [1;30mLevel 5[0m set package 'px4_msgs' build argument 'cmake_args' from command line to 'None'
[0.590s] [34mcolcon.colcon_core.verb[0m [1;30mLevel 5[0m set package 'px4_msgs' build argument 'cmake_target' from command line to 'None'
[0.590s] [34mcolcon.colcon_core.verb[0m [1;30mLevel 5[0m set package 'px4_msgs' build argument 'cmake_target_skip_unavailable' from command line to 'False'
[0.590s] [34mcolcon.colcon_core.verb[0m [1;30mLevel 5[0m set package 'px4_msgs' build argument 'cmake_clean_cache' from command line to 'False'
[0.590s] [34mcolcon.colcon_core.verb[0m [1;30mLevel 5[0m set package 'px4_msgs' build argument 'cmake_clean_first' from command line to 'False'
[0.591s] [34mcolcon.colcon_core.verb[0m [1;30mLevel 5[0m set package 'px4_msgs' build argument 'cmake_force_configure' from command line to 'False'
[0.591s] [34mcolcon.colcon_core.verb[0m [1;30mLevel 5[0m set package 'px4_msgs' build argument 'ament_cmake_args' from command line to 'None'
[0.591s] [34mcolcon.colcon_core.verb[0m [1;30mLevel 5[0m set package 'px4_msgs' build argument 'catkin_cmake_args' from command line to 'None'
[0.591s] [34mcolcon.colcon_core.verb[0m [1;30mLevel 5[0m set package 'px4_msgs' build argument 'catkin_skip_building_tests' from command line to 'False'
[0.591s] [34mcolcon.colcon_core.verb[0m [1;30mDEBUG[0m [32mBuilding package 'px4_msgs' with the following arguments: {'ament_cmake_args': None, 'build_base': '/home/ayusee/Desktop/MAS_Subjects/SDP/Project/ROS_Workspace/ros2_ws/build/px4_msgs', 'catkin_cmake_args': None, 'catkin_skip_building_tests': False, 'cmake_args': None, 'cmake_clean_cache': False, 'cmake_clean_first': False, 'cmake_force_configure': False, 'cmake_target': None, 'cmake_target_skip_unavailable': False, 'install_base': '/home/ayusee/Desktop/MAS_Subjects/SDP/Project/ROS_Workspace/ros2_ws/install/px4_msgs', 'merge_install': False, 'path': '/home/ayusee/Desktop/MAS_Subjects/SDP/Project/ROS_Workspace/ros2_ws/src/px4_msgs', 'symlink_install': False, 'test_result_base': None}[0m
[0.591s] [34mcolcon.colcon_core.verb[0m [1;30mLevel 5[0m set package 'px4_ros_com' build argument 'cmake_args' from command line to 'None'
[0.591s] [34mcolcon.colcon_core.verb[0m [1;30mLevel 5[0m set package 'px4_ros_com' build argument 'cmake_target' from command line to 'None'
[0.591s] [34mcolcon.colcon_core.verb[0m [1;30mLevel 5[0m set package 'px4_ros_com' build argument 'cmake_target_skip_unavailable' from command line to 'False'
[0.591s] [34mcolcon.colcon_core.verb[0m [1;30mLevel 5[0m set package 'px4_ros_com' build argument 'cmake_clean_cache' from command line to 'False'
[0.591s] [34mcolcon.colcon_core.verb[0m [1;30mLevel 5[0m set package 'px4_ros_com' build argument 'cmake_clean_first' from command line to 'False'
[0.591s] [34mcolcon.colcon_core.verb[0m [1;30mLevel 5[0m set package 'px4_ros_com' build argument 'cmake_force_configure' from command line to 'False'
[0.591s] [34mcolcon.colcon_core.verb[0m [1;30mLevel 5[0m set package 'px4_ros_com' build argument 'ament_cmake_args' from command line to 'None'
[0.591s] [34mcolcon.colcon_core.verb[0m [1;30mLevel 5[0m set package 'px4_ros_com' build argument 'catkin_cmake_args' from command line to 'None'
[0.591s] [34mcolcon.colcon_core.verb[0m [1;30mLevel 5[0m set package 'px4_ros_com' build argument 'catkin_skip_building_tests' from command line to 'False'
[0.591s] [34mcolcon.colcon_core.verb[0m [1;30mDEBUG[0m [32mBuilding package 'px4_ros_com' with the following arguments: {'ament_cmake_args': None, 'build_base': '/home/ayusee/Desktop/MAS_Subjects/SDP/Project/ROS_Workspace/ros2_ws/build/px4_ros_com', 'catkin_cmake_args': None, 'catkin_skip_building_tests': False, 'cmake_args': None, 'cmake_clean_cache': False, 'cmake_clean_first': False, 'cmake_force_configure': False, 'cmake_target': None, 'cmake_target_skip_unavailable': False, 'install_base': '/home/ayusee/Desktop/MAS_Subjects/SDP/Project/ROS_Workspace/ros2_ws/install/px4_ros_com', 'merge_install': False, 'path': '/home/ayusee/Desktop/MAS_Subjects/SDP/Project/ROS_Workspace/ros2_ws/src/px4_ros_com', 'symlink_install': False, 'test_result_base': None}[0m
[0.591s] [34mcolcon.colcon_core.executor[0m [1;30mINFO[0m Executing jobs using 'parallel' executor
[0.592s] [34mcolcon.colcon_parallel_executor.executor.parallel[0m [1;30mDEBUG[0m [32mrun_until_complete[0m
[0.593s] [34mcolcon.colcon_ros.task.ament_cmake.build[0m [1;30mINFO[0m Building ROS package in '/home/ayusee/Desktop/MAS_Subjects/SDP/Project/ROS_Workspace/ros2_ws/src/px4_msgs' with build type 'ament_cmake'
[0.593s] [34mcolcon.colcon_cmake.task.cmake.build[0m [1;30mINFO[0m Building CMake package in '/home/ayusee/Desktop/MAS_Subjects/SDP/Project/ROS_Workspace/ros2_ws/src/px4_msgs'
[0.596s] [34mcolcon.colcon_core.plugin_system[0m [1;30mINFO[0m Skipping extension 'colcon_core.shell.bat': Not used on non-Windows systems
[0.596s] [34mcolcon.colcon_core.shell[0m [1;30mINFO[0m Skip shell extension 'powershell' for command environment: Not usable outside of PowerShell
[0.596s] [34mcolcon.colcon_core.shell[0m [1;30mDEBUG[0m [32mSkip shell extension 'dsv' for command environment[0m
[0.607s] [34mcolcon.colcon_core.event_handler.log_command[0m [1;30mDEBUG[0m [32mInvoking command in '/home/ayusee/Desktop/MAS_Subjects/SDP/Project/ROS_Workspace/ros2_ws/build/px4_msgs': CMAKE_PREFIX_PATH=${CMAKE_PREFIX_PATH}:/opt/ros/foxy /home/ayusee/.local/bin/cmake --build /home/ayusee/Desktop/MAS_Subjects/SDP/Project/ROS_Workspace/ros2_ws/build/px4_msgs -- -j8 -l8[0m
[2.278s] [34mcolcon.colcon_core.event_handler.log_command[0m [1;30mDEBUG[0m [32mInvoked command in '/home/ayusee/Desktop/MAS_Subjects/SDP/Project/ROS_Workspace/ros2_ws/build/px4_msgs' returned '0': CMAKE_PREFIX_PATH=${CMAKE_PREFIX_PATH}:/opt/ros/foxy /home/ayusee/.local/bin/cmake --build /home/ayusee/Desktop/MAS_Subjects/SDP/Project/ROS_Workspace/ros2_ws/build/px4_msgs -- -j8 -l8[0m
[4.990s] [34mcolcon.colcon_core.event_handler.log_command[0m [1;30mDEBUG[0m [32mInvoking command in '/home/ayusee/Desktop/MAS_Subjects/SDP/Project/ROS_Workspace/ros2_ws/build/px4_msgs': CMAKE_PREFIX_PATH=${CMAKE_PREFIX_PATH}:/opt/ros/foxy /home/ayusee/.local/bin/cmake --install /home/ayusee/Desktop/MAS_Subjects/SDP/Project/ROS_Workspace/ros2_ws/build/px4_msgs[0m
[5.283s] [34mcolcon.colcon_core.environment[0m [1;30mLevel 1[0m create_environment_scripts_only(px4_msgs)
[5.290s] [34mcolcon.colcon_core.environment[0m [1;30mLevel 1[0m checking '/home/ayusee/Desktop/MAS_Subjects/SDP/Project/ROS_Workspace/ros2_ws/install/px4_msgs' for CMake module files
[5.291s] [34mcolcon.colcon_core.environment[0m [1;30mLevel 1[0m checking '/home/ayusee/Desktop/MAS_Subjects/SDP/Project/ROS_Workspace/ros2_ws/install/px4_msgs' for CMake config files
[5.294s] [34mcolcon.colcon_core.shell[0m [1;30mLevel 1[0m create_environment_hook('px4_msgs', 'cmake_prefix_path')
[5.295s] [34mcolcon.colcon_core.shell[0m [1;30mINFO[0m Creating environment hook '/home/ayusee/Desktop/MAS_Subjects/SDP/Project/ROS_Workspace/ros2_ws/install/px4_msgs/share/px4_msgs/hook/cmake_prefix_path.ps1'
[5.295s] [34mcolcon.colcon_core.shell[0m [1;30mINFO[0m Creating environment descriptor '/home/ayusee/Desktop/MAS_Subjects/SDP/Project/ROS_Workspace/ros2_ws/install/px4_msgs/share/px4_msgs/hook/cmake_prefix_path.dsv'
[5.296s] [34mcolcon.colcon_core.shell[0m [1;30mINFO[0m Creating environment hook '/home/ayusee/Desktop/MAS_Subjects/SDP/Project/ROS_Workspace/ros2_ws/install/px4_msgs/share/px4_msgs/hook/cmake_prefix_path.sh'
[5.297s] [34mcolcon.colcon_core.environment[0m [1;30mLevel 1[0m checking '/home/ayusee/Desktop/MAS_Subjects/SDP/Project/ROS_Workspace/ros2_ws/install/px4_msgs/lib'
[5.297s] [34mcolcon.colcon_core.shell[0m [1;30mLevel 1[0m create_environment_hook('px4_msgs', 'ld_library_path_lib')
[5.298s] [34mcolcon.colcon_core.shell[0m [1;30mINFO[0m Creating environment hook '/home/ayusee/Desktop/MAS_Subjects/SDP/Project/ROS_Workspace/ros2_ws/install/px4_msgs/share/px4_msgs/hook/ld_library_path_lib.ps1'
[5.298s] [34mcolcon.colcon_core.shell[0m [1;30mINFO[0m Creating environment descriptor '/home/ayusee/Desktop/MAS_Subjects/SDP/Project/ROS_Workspace/ros2_ws/install/px4_msgs/share/px4_msgs/hook/ld_library_path_lib.dsv'
[5.299s] [34mcolcon.colcon_core.shell[0m [1;30mINFO[0m Creating environment hook '/home/ayusee/Desktop/MAS_Subjects/SDP/Project/ROS_Workspace/ros2_ws/install/px4_msgs/share/px4_msgs/hook/ld_library_path_lib.sh'
[5.299s] [34mcolcon.colcon_core.environment[0m [1;30mLevel 1[0m checking '/home/ayusee/Desktop/MAS_Subjects/SDP/Project/ROS_Workspace/ros2_ws/install/px4_msgs/bin'
[5.299s] [34mcolcon.colcon_core.environment[0m [1;30mLevel 1[0m checking '/home/ayusee/Desktop/MAS_Subjects/SDP/Project/ROS_Workspace/ros2_ws/install/px4_msgs/lib/pkgconfig/px4_msgs.pc'
[5.299s] [34mcolcon.colcon_core.environment[0m [1;30mLevel 1[0m checking '/home/ayusee/Desktop/MAS_Subjects/SDP/Project/ROS_Workspace/ros2_ws/install/px4_msgs/lib/python3.8/site-packages'
[5.299s] [34mcolcon.colcon_core.shell[0m [1;30mLevel 1[0m create_environment_hook('px4_msgs', 'pythonpath')
[5.300s] [34mcolcon.colcon_core.shell[0m [1;30mINFO[0m Creating environment hook '/home/ayusee/Desktop/MAS_Subjects/SDP/Project/ROS_Workspace/ros2_ws/install/px4_msgs/share/px4_msgs/hook/pythonpath.ps1'
[5.300s] [34mcolcon.colcon_core.shell[0m [1;30mINFO[0m Creating environment descriptor '/home/ayusee/Desktop/MAS_Subjects/SDP/Project/ROS_Workspace/ros2_ws/install/px4_msgs/share/px4_msgs/hook/pythonpath.dsv'
[5.301s] [34mcolcon.colcon_core.shell[0m [1;30mINFO[0m Creating environment hook '/home/ayusee/Desktop/MAS_Subjects/SDP/Project/ROS_Workspace/ros2_ws/install/px4_msgs/share/px4_msgs/hook/pythonpath.sh'
[5.301s] [34mcolcon.colcon_core.environment[0m [1;30mLevel 1[0m checking '/home/ayusee/Desktop/MAS_Subjects/SDP/Project/ROS_Workspace/ros2_ws/install/px4_msgs/bin'
[5.301s] [34mcolcon.colcon_core.shell[0m [1;30mINFO[0m Creating package script '/home/ayusee/Desktop/MAS_Subjects/SDP/Project/ROS_Workspace/ros2_ws/install/px4_msgs/share/px4_msgs/package.ps1'
[5.302s] [34mcolcon.colcon_core.shell[0m [1;30mINFO[0m Creating package descriptor '/home/ayusee/Desktop/MAS_Subjects/SDP/Project/ROS_Workspace/ros2_ws/install/px4_msgs/share/px4_msgs/package.dsv'
[5.303s] [34mcolcon.colcon_core.shell[0m [1;30mINFO[0m Creating package script '/home/ayusee/Desktop/MAS_Subjects/SDP/Project/ROS_Workspace/ros2_ws/install/px4_msgs/share/px4_msgs/package.sh'
[5.304s] [34mcolcon.colcon_core.shell[0m [1;30mINFO[0m Creating package script '/home/ayusee/Desktop/MAS_Subjects/SDP/Project/ROS_Workspace/ros2_ws/install/px4_msgs/share/px4_msgs/package.bash'
[5.305s] [34mcolcon.colcon_core.shell[0m [1;30mINFO[0m Creating package script '/home/ayusee/Desktop/MAS_Subjects/SDP/Project/ROS_Workspace/ros2_ws/install/px4_msgs/share/px4_msgs/package.zsh'
[5.305s] [34mcolcon.colcon_core.environment[0m [1;30mLevel 1[0m create_file_with_runtime_dependencies(/home/ayusee/Desktop/MAS_Subjects/SDP/Project/ROS_Workspace/ros2_ws/install/px4_msgs/share/colcon-core/packages/px4_msgs)
[5.353s] [34mcolcon.colcon_core.event_handler.log_command[0m [1;30mDEBUG[0m [32mInvoked command in '/home/ayusee/Desktop/MAS_Subjects/SDP/Project/ROS_Workspace/ros2_ws/build/px4_msgs' returned '0': CMAKE_PREFIX_PATH=${CMAKE_PREFIX_PATH}:/opt/ros/foxy /home/ayusee/.local/bin/cmake --install /home/ayusee/Desktop/MAS_Subjects/SDP/Project/ROS_Workspace/ros2_ws/build/px4_msgs[0m
[7.751s] [34mcolcon.colcon_core.environment[0m [1;30mLevel 1[0m create_environment_scripts_only(px4_msgs)
[7.751s] [34mcolcon.colcon_core.environment[0m [1;30mLevel 1[0m checking '/home/ayusee/Desktop/MAS_Subjects/SDP/Project/ROS_Workspace/ros2_ws/install/px4_msgs' for CMake module files
[7.752s] [34mcolcon.colcon_core.environment[0m [1;30mLevel 1[0m checking '/home/ayusee/Desktop/MAS_Subjects/SDP/Project/ROS_Workspace/ros2_ws/install/px4_msgs' for CMake config files
[7.752s] [34mcolcon.colcon_core.shell[0m [1;30mLevel 1[0m create_environment_hook('px4_msgs', 'cmake_prefix_path')
[7.752s] [34mcolcon.colcon_core.shell[0m [1;30mINFO[0m Creating environment hook '/home/ayusee/Desktop/MAS_Subjects/SDP/Project/ROS_Workspace/ros2_ws/install/px4_msgs/share/px4_msgs/hook/cmake_prefix_path.ps1'
[7.753s] [34mcolcon.colcon_core.shell[0m [1;30mINFO[0m Creating environment descriptor '/home/ayusee/Desktop/MAS_Subjects/SDP/Project/ROS_Workspace/ros2_ws/install/px4_msgs/share/px4_msgs/hook/cmake_prefix_path.dsv'
[7.753s] [34mcolcon.colcon_core.shell[0m [1;30mINFO[0m Creating environment hook '/home/ayusee/Desktop/MAS_Subjects/SDP/Project/ROS_Workspace/ros2_ws/install/px4_msgs/share/px4_msgs/hook/cmake_prefix_path.sh'
[7.753s] [34mcolcon.colcon_core.environment[0m [1;30mLevel 1[0m checking '/home/ayusee/Desktop/MAS_Subjects/SDP/Project/ROS_Workspace/ros2_ws/install/px4_msgs/lib'
[7.753s] [34mcolcon.colcon_core.shell[0m [1;30mLevel 1[0m create_environment_hook('px4_msgs', 'ld_library_path_lib')
[7.754s] [34mcolcon.colcon_core.shell[0m [1;30mINFO[0m Creating environment hook '/home/ayusee/Desktop/MAS_Subjects/SDP/Project/ROS_Workspace/ros2_ws/install/px4_msgs/share/px4_msgs/hook/ld_library_path_lib.ps1'
[7.754s] [34mcolcon.colcon_core.shell[0m [1;30mINFO[0m Creating environment descriptor '/home/ayusee/Desktop/MAS_Subjects/SDP/Project/ROS_Workspace/ros2_ws/install/px4_msgs/share/px4_msgs/hook/ld_library_path_lib.dsv'
[7.754s] [34mcolcon.colcon_core.shell[0m [1;30mINFO[0m Creating environment hook '/home/ayusee/Desktop/MAS_Subjects/SDP/Project/ROS_Workspace/ros2_ws/install/px4_msgs/share/px4_msgs/hook/ld_library_path_lib.sh'
[7.754s] [34mcolcon.colcon_core.environment[0m [1;30mLevel 1[0m checking '/home/ayusee/Desktop/MAS_Subjects/SDP/Project/ROS_Workspace/ros2_ws/install/px4_msgs/bin'
[7.754s] [34mcolcon.colcon_core.environment[0m [1;30mLevel 1[0m checking '/home/ayusee/Desktop/MAS_Subjects/SDP/Project/ROS_Workspace/ros2_ws/install/px4_msgs/lib/pkgconfig/px4_msgs.pc'
[7.754s] [34mcolcon.colcon_core.environment[0m [1;30mLevel 1[0m checking '/home/ayusee/Desktop/MAS_Subjects/SDP/Project/ROS_Workspace/ros2_ws/install/px4_msgs/lib/python3.8/site-packages'
[7.755s] [34mcolcon.colcon_core.shell[0m [1;30mLevel 1[0m create_environment_hook('px4_msgs', 'pythonpath')
[7.755s] [34mcolcon.colcon_core.shell[0m [1;30mINFO[0m Creating environment hook '/home/ayusee/Desktop/MAS_Subjects/SDP/Project/ROS_Workspace/ros2_ws/install/px4_msgs/share/px4_msgs/hook/pythonpath.ps1'
[7.755s] [34mcolcon.colcon_core.shell[0m [1;30mINFO[0m Creating environment descriptor '/home/ayusee/Desktop/MAS_Subjects/SDP/Project/ROS_Workspace/ros2_ws/install/px4_msgs/share/px4_msgs/hook/pythonpath.dsv'
[7.755s] [34mcolcon.colcon_core.shell[0m [1;30mINFO[0m Creating environment hook '/home/ayusee/Desktop/MAS_Subjects/SDP/Project/ROS_Workspace/ros2_ws/install/px4_msgs/share/px4_msgs/hook/pythonpath.sh'
[7.756s] [34mcolcon.colcon_core.environment[0m [1;30mLevel 1[0m checking '/home/ayusee/Desktop/MAS_Subjects/SDP/Project/ROS_Workspace/ros2_ws/install/px4_msgs/bin'
[7.756s] [34mcolcon.colcon_core.shell[0m [1;30mINFO[0m Creating package script '/home/ayusee/Desktop/MAS_Subjects/SDP/Project/ROS_Workspace/ros2_ws/install/px4_msgs/share/px4_msgs/package.ps1'
[7.756s] [34mcolcon.colcon_core.shell[0m [1;30mINFO[0m Creating package descriptor '/home/ayusee/Desktop/MAS_Subjects/SDP/Project/ROS_Workspace/ros2_ws/install/px4_msgs/share/px4_msgs/package.dsv'
[7.757s] [34mcolcon.colcon_core.shell[0m [1;30mINFO[0m Creating package script '/home/ayusee/Desktop/MAS_Subjects/SDP/Project/ROS_Workspace/ros2_ws/install/px4_msgs/share/px4_msgs/package.sh'
[7.757s] [34mcolcon.colcon_core.shell[0m [1;30mINFO[0m Creating package script '/home/ayusee/Desktop/MAS_Subjects/SDP/Project/ROS_Workspace/ros2_ws/install/px4_msgs/share/px4_msgs/package.bash'
[7.757s] [34mcolcon.colcon_core.shell[0m [1;30mINFO[0m Creating package script '/home/ayusee/Desktop/MAS_Subjects/SDP/Project/ROS_Workspace/ros2_ws/install/px4_msgs/share/px4_msgs/package.zsh'
[7.758s] [34mcolcon.colcon_core.environment[0m [1;30mLevel 1[0m create_file_with_runtime_dependencies(/home/ayusee/Desktop/MAS_Subjects/SDP/Project/ROS_Workspace/ros2_ws/install/px4_msgs/share/colcon-core/packages/px4_msgs)
[7.758s] [34mcolcon.colcon_ros.task.ament_cmake.build[0m [1;30mINFO[0m Building ROS package in '/home/ayusee/Desktop/MAS_Subjects/SDP/Project/ROS_Workspace/ros2_ws/src/px4_ros_com' with build type 'ament_cmake'
[7.758s] [34mcolcon.colcon_cmake.task.cmake.build[0m [1;30mINFO[0m Building CMake package in '/home/ayusee/Desktop/MAS_Subjects/SDP/Project/ROS_Workspace/ros2_ws/src/px4_ros_com'
[7.758s] [34mcolcon.colcon_core.shell[0m [1;30mINFO[0m Skip shell extension 'powershell' for command environment: Not usable outside of PowerShell
[7.758s] [34mcolcon.colcon_core.shell[0m [1;30mDEBUG[0m [32mSkip shell extension 'dsv' for command environment[0m
[7.769s] [34mcolcon.colcon_core.event_handler.log_command[0m [1;30mDEBUG[0m [32mInvoking command in '/home/ayusee/Desktop/MAS_Subjects/SDP/Project/ROS_Workspace/ros2_ws/build/px4_ros_com': CMAKE_PREFIX_PATH=/home/ayusee/Desktop/MAS_Subjects/SDP/Project/ROS_Workspace/ros2_ws/install/px4_msgs:/home/ayusee/Desktop/MAS_Subjects/SDP/Project/ROS_Workspace/ros2_ws/install/px4_ros_com:/opt/ros/foxy LD_LIBRARY_PATH=/home/ayusee/Desktop/MAS_Subjects/SDP/Project/ROS_Workspace/ros2_ws/install/px4_msgs/lib:/home/ayusee/Desktop/MAS_Subjects/SDP/Project/ROS_Workspace/ros2_ws/install/px4_ros_com/lib:/opt/ros/foxy/opt/yaml_cpp_vendor/lib:/opt/ros/foxy/opt/rviz_ogre_vendor/lib:/opt/ros/foxy/lib/x86_64-linux-gnu:/opt/ros/foxy/lib PYTHONPATH=/home/ayusee/Desktop/MAS_Subjects/SDP/Project/ROS_Workspace/ros2_ws/install/px4_msgs/lib/python3.8/site-packages:/home/ayusee/Desktop/MAS_Subjects/SDP/Project/ROS_Workspace/ros2_ws/install/px4_ros_com/lib/python3.8/site-packages:/opt/ros/foxy/lib/python3.8/site-packages /home/ayusee/.local/bin/cmake --build /home/ayusee/Desktop/MAS_Subjects/SDP/Project/ROS_Workspace/ros2_ws/build/px4_ros_com -- -j8 -l8[0m
[7.835s] [34mcolcon.colcon_core.event_handler.log_command[0m [1;30mDEBUG[0m [32mInvoked command in '/home/ayusee/Desktop/MAS_Subjects/SDP/Project/ROS_Workspace/ros2_ws/build/px4_ros_com' returned '0': CMAKE_PREFIX_PATH=/home/ayusee/Desktop/MAS_Subjects/SDP/Project/ROS_Workspace/ros2_ws/install/px4_msgs:/home/ayusee/Desktop/MAS_Subjects/SDP/Project/ROS_Workspace/ros2_ws/install/px4_ros_com:/opt/ros/foxy LD_LIBRARY_PATH=/home/ayusee/Desktop/MAS_Subjects/SDP/Project/ROS_Workspace/ros2_ws/install/px4_msgs/lib:/home/ayusee/Desktop/MAS_Subjects/SDP/Project/ROS_Workspace/ros2_ws/install/px4_ros_com/lib:/opt/ros/foxy/opt/yaml_cpp_vendor/lib:/opt/ros/foxy/opt/rviz_ogre_vendor/lib:/opt/ros/foxy/lib/x86_64-linux-gnu:/opt/ros/foxy/lib PYTHONPATH=/home/ayusee/Desktop/MAS_Subjects/SDP/Project/ROS_Workspace/ros2_ws/install/px4_msgs/lib/python3.8/site-packages:/home/ayusee/Desktop/MAS_Subjects/SDP/Project/ROS_Workspace/ros2_ws/install/px4_ros_com/lib/python3.8/site-packages:/opt/ros/foxy/lib/python3.8/site-packages /home/ayusee/.local/bin/cmake --build /home/ayusee/Desktop/MAS_Subjects/SDP/Project/ROS_Workspace/ros2_ws/build/px4_ros_com -- -j8 -l8[0m
[7.879s] [34mcolcon.colcon_core.event_handler.log_command[0m [1;30mDEBUG[0m [32mInvoking command in '/home/ayusee/Desktop/MAS_Subjects/SDP/Project/ROS_Workspace/ros2_ws/build/px4_ros_com': CMAKE_PREFIX_PATH=/home/ayusee/Desktop/MAS_Subjects/SDP/Project/ROS_Workspace/ros2_ws/install/px4_msgs:/home/ayusee/Desktop/MAS_Subjects/SDP/Project/ROS_Workspace/ros2_ws/install/px4_ros_com:/opt/ros/foxy LD_LIBRARY_PATH=/home/ayusee/Desktop/MAS_Subjects/SDP/Project/ROS_Workspace/ros2_ws/install/px4_msgs/lib:/home/ayusee/Desktop/MAS_Subjects/SDP/Project/ROS_Workspace/ros2_ws/install/px4_ros_com/lib:/opt/ros/foxy/opt/yaml_cpp_vendor/lib:/opt/ros/foxy/opt/rviz_ogre_vendor/lib:/opt/ros/foxy/lib/x86_64-linux-gnu:/opt/ros/foxy/lib PYTHONPATH=/home/ayusee/Desktop/MAS_Subjects/SDP/Project/ROS_Workspace/ros2_ws/install/px4_msgs/lib/python3.8/site-packages:/home/ayusee/Desktop/MAS_Subjects/SDP/Project/ROS_Workspace/ros2_ws/install/px4_ros_com/lib/python3.8/site-packages:/opt/ros/foxy/lib/python3.8/site-packages /home/ayusee/.local/bin/cmake --install /home/ayusee/Desktop/MAS_Subjects/SDP/Project/ROS_Workspace/ros2_ws/build/px4_ros_com[0m
[7.942s] [34mcolcon.colcon_core.environment[0m [1;30mLevel 1[0m create_environment_scripts_only(px4_ros_com)
[7.943s] [34mcolcon.colcon_core.environment[0m [1;30mLevel 1[0m checking '/home/ayusee/Desktop/MAS_Subjects/SDP/Project/ROS_Workspace/ros2_ws/install/px4_ros_com' for CMake module files
[7.943s] [34mcolcon.colcon_core.event_handler.log_command[0m [1;30mDEBUG[0m [32mInvoked command in '/home/ayusee/Desktop/MAS_Subjects/SDP/Project/ROS_Workspace/ros2_ws/build/px4_ros_com' returned '0': CMAKE_PREFIX_PATH=/home/ayusee/Desktop/MAS_Subjects/SDP/Project/ROS_Workspace/ros2_ws/install/px4_msgs:/home/ayusee/Desktop/MAS_Subjects/SDP/Project/ROS_Workspace/ros2_ws/install/px4_ros_com:/opt/ros/foxy LD_LIBRARY_PATH=/home/ayusee/Desktop/MAS_Subjects/SDP/Project/ROS_Workspace/ros2_ws/install/px4_msgs/lib:/home/ayusee/Desktop/MAS_Subjects/SDP/Project/ROS_Workspace/ros2_ws/install/px4_ros_com/lib:/opt/ros/foxy/opt/yaml_cpp_vendor/lib:/opt/ros/foxy/opt/rviz_ogre_vendor/lib:/opt/ros/foxy/lib/x86_64-linux-gnu:/opt/ros/foxy/lib PYTHONPATH=/home/ayusee/Desktop/MAS_Subjects/SDP/Project/ROS_Workspace/ros2_ws/install/px4_msgs/lib/python3.8/site-packages:/home/ayusee/Desktop/MAS_Subjects/SDP/Project/ROS_Workspace/ros2_ws/install/px4_ros_com/lib/python3.8/site-packages:/opt/ros/foxy/lib/python3.8/site-packages /home/ayusee/.local/bin/cmake --install /home/ayusee/Desktop/MAS_Subjects/SDP/Project/ROS_Workspace/ros2_ws/build/px4_ros_com[0m
[7.943s] [34mcolcon.colcon_core.environment[0m [1;30mLevel 1[0m checking '/home/ayusee/Desktop/MAS_Subjects/SDP/Project/ROS_Workspace/ros2_ws/install/px4_ros_com' for CMake config files
[7.944s] [34mcolcon.colcon_core.shell[0m [1;30mLevel 1[0m create_environment_hook('px4_ros_com', 'cmake_prefix_path')
[7.944s] [34mcolcon.colcon_core.shell[0m [1;30mINFO[0m Creating environment hook '/home/ayusee/Desktop/MAS_Subjects/SDP/Project/ROS_Workspace/ros2_ws/install/px4_ros_com/share/px4_ros_com/hook/cmake_prefix_path.ps1'
[7.944s] [34mcolcon.colcon_core.shell[0m [1;30mINFO[0m Creating environment descriptor '/home/ayusee/Desktop/MAS_Subjects/SDP/Project/ROS_Workspace/ros2_ws/install/px4_ros_com/share/px4_ros_com/hook/cmake_prefix_path.dsv'
[7.944s] [34mcolcon.colcon_core.shell[0m [1;30mINFO[0m Creating environment hook '/home/ayusee/Desktop/MAS_Subjects/SDP/Project/ROS_Workspace/ros2_ws/install/px4_ros_com/share/px4_ros_com/hook/cmake_prefix_path.sh'
[7.945s] [34mcolcon.colcon_core.environment[0m [1;30mLevel 1[0m checking '/home/ayusee/Desktop/MAS_Subjects/SDP/Project/ROS_Workspace/ros2_ws/install/px4_ros_com/lib'
[7.945s] [34mcolcon.colcon_core.shell[0m [1;30mLevel 1[0m create_environment_hook('px4_ros_com', 'ld_library_path_lib')
[7.945s] [34mcolcon.colcon_core.shell[0m [1;30mINFO[0m Creating environment hook '/home/ayusee/Desktop/MAS_Subjects/SDP/Project/ROS_Workspace/ros2_ws/install/px4_ros_com/share/px4_ros_com/hook/ld_library_path_lib.ps1'
[7.945s] [34mcolcon.colcon_core.shell[0m [1;30mINFO[0m Creating environment descriptor '/home/ayusee/Desktop/MAS_Subjects/SDP/Project/ROS_Workspace/ros2_ws/install/px4_ros_com/share/px4_ros_com/hook/ld_library_path_lib.dsv'
[7.946s] [34mcolcon.colcon_core.shell[0m [1;30mINFO[0m Creating environment hook '/home/ayusee/Desktop/MAS_Subjects/SDP/Project/ROS_Workspace/ros2_ws/install/px4_ros_com/share/px4_ros_com/hook/ld_library_path_lib.sh'
[7.946s] [34mcolcon.colcon_core.environment[0m [1;30mLevel 1[0m checking '/home/ayusee/Desktop/MAS_Subjects/SDP/Project/ROS_Workspace/ros2_ws/install/px4_ros_com/bin'
[7.946s] [34mcolcon.colcon_core.environment[0m [1;30mLevel 1[0m checking '/home/ayusee/Desktop/MAS_Subjects/SDP/Project/ROS_Workspace/ros2_ws/install/px4_ros_com/lib/pkgconfig/px4_ros_com.pc'
[7.946s] [34mcolcon.colcon_core.environment[0m [1;30mLevel 1[0m checking '/home/ayusee/Desktop/MAS_Subjects/SDP/Project/ROS_Workspace/ros2_ws/install/px4_ros_com/lib/python3.8/site-packages'
[7.946s] [34mcolcon.colcon_core.shell[0m [1;30mLevel 1[0m create_environment_hook('px4_ros_com', 'pythonpath')
[7.946s] [34mcolcon.colcon_core.shell[0m [1;30mINFO[0m Creating environment hook '/home/ayusee/Desktop/MAS_Subjects/SDP/Project/ROS_Workspace/ros2_ws/install/px4_ros_com/share/px4_ros_com/hook/pythonpath.ps1'
[7.947s] [34mcolcon.colcon_core.shell[0m [1;30mINFO[0m Creating environment descriptor '/home/ayusee/Desktop/MAS_Subjects/SDP/Project/ROS_Workspace/ros2_ws/install/px4_ros_com/share/px4_ros_com/hook/pythonpath.dsv'
[7.947s] [34mcolcon.colcon_core.shell[0m [1;30mINFO[0m Creating environment hook '/home/ayusee/Desktop/MAS_Subjects/SDP/Project/ROS_Workspace/ros2_ws/install/px4_ros_com/share/px4_ros_com/hook/pythonpath.sh'
[7.947s] [34mcolcon.colcon_core.environment[0m [1;30mLevel 1[0m checking '/home/ayusee/Desktop/MAS_Subjects/SDP/Project/ROS_Workspace/ros2_ws/install/px4_ros_com/bin'
[7.948s] [34mcolcon.colcon_core.shell[0m [1;30mINFO[0m Creating package script '/home/ayusee/Desktop/MAS_Subjects/SDP/Project/ROS_Workspace/ros2_ws/install/px4_ros_com/share/px4_ros_com/package.ps1'
[7.948s] [34mcolcon.colcon_core.shell[0m [1;30mINFO[0m Creating package descriptor '/home/ayusee/Desktop/MAS_Subjects/SDP/Project/ROS_Workspace/ros2_ws/install/px4_ros_com/share/px4_ros_com/package.dsv'
[7.948s] [34mcolcon.colcon_core.shell[0m [1;30mINFO[0m Creating package script '/home/ayusee/Desktop/MAS_Subjects/SDP/Project/ROS_Workspace/ros2_ws/install/px4_ros_com/share/px4_ros_com/package.sh'
[7.949s] [34mcolcon.colcon_core.shell[0m [1;30mINFO[0m Creating package script '/home/ayusee/Desktop/MAS_Subjects/SDP/Project/ROS_Workspace/ros2_ws/install/px4_ros_com/share/px4_ros_com/package.bash'
[7.949s] [34mcolcon.colcon_core.shell[0m [1;30mINFO[0m Creating package script '/home/ayusee/Desktop/MAS_Subjects/SDP/Project/ROS_Workspace/ros2_ws/install/px4_ros_com/share/px4_ros_com/package.zsh'
[7.949s] [34mcolcon.colcon_core.environment[0m [1;30mLevel 1[0m create_file_with_runtime_dependencies(/home/ayusee/Desktop/MAS_Subjects/SDP/Project/ROS_Workspace/ros2_ws/install/px4_ros_com/share/colcon-core/packages/px4_ros_com)
[7.992s] [34mcolcon.colcon_core.environment[0m [1;30mLevel 1[0m create_environment_scripts_only(px4_ros_com)
[7.993s] [34mcolcon.colcon_core.environment[0m [1;30mLevel 1[0m checking '/home/ayusee/Desktop/MAS_Subjects/SDP/Project/ROS_Workspace/ros2_ws/install/px4_ros_com' for CMake module files
[7.993s] [34mcolcon.colcon_core.environment[0m [1;30mLevel 1[0m checking '/home/ayusee/Desktop/MAS_Subjects/SDP/Project/ROS_Workspace/ros2_ws/install/px4_ros_com' for CMake config files
[7.993s] [34mcolcon.colcon_core.shell[0m [1;30mLevel 1[0m create_environment_hook('px4_ros_com', 'cmake_prefix_path')
[7.994s] [34mcolcon.colcon_core.shell[0m [1;30mINFO[0m Creating environment hook '/home/ayusee/Desktop/MAS_Subjects/SDP/Project/ROS_Workspace/ros2_ws/install/px4_ros_com/share/px4_ros_com/hook/cmake_prefix_path.ps1'
[7.994s] [34mcolcon.colcon_core.shell[0m [1;30mINFO[0m Creating environment descriptor '/home/ayusee/Desktop/MAS_Subjects/SDP/Project/ROS_Workspace/ros2_ws/install/px4_ros_com/share/px4_ros_com/hook/cmake_prefix_path.dsv'
[7.994s] [34mcolcon.colcon_core.shell[0m [1;30mINFO[0m Creating environment hook '/home/ayusee/Desktop/MAS_Subjects/SDP/Project/ROS_Workspace/ros2_ws/install/px4_ros_com/share/px4_ros_com/hook/cmake_prefix_path.sh'
[7.995s] [34mcolcon.colcon_core.environment[0m [1;30mLevel 1[0m checking '/home/ayusee/Desktop/MAS_Subjects/SDP/Project/ROS_Workspace/ros2_ws/install/px4_ros_com/lib'
[7.995s] [34mcolcon.colcon_core.shell[0m [1;30mLevel 1[0m create_environment_hook('px4_ros_com', 'ld_library_path_lib')
[7.995s] [34mcolcon.colcon_core.shell[0m [1;30mINFO[0m Creating environment hook '/home/ayusee/Desktop/MAS_Subjects/SDP/Project/ROS_Workspace/ros2_ws/install/px4_ros_com/share/px4_ros_com/hook/ld_library_path_lib.ps1'
[7.995s] [34mcolcon.colcon_core.shell[0m [1;30mINFO[0m Creating environment descriptor '/home/ayusee/Desktop/MAS_Subjects/SDP/Project/ROS_Workspace/ros2_ws/install/px4_ros_com/share/px4_ros_com/hook/ld_library_path_lib.dsv'
[7.996s] [34mcolcon.colcon_core.shell[0m [1;30mINFO[0m Creating environment hook '/home/ayusee/Desktop/MAS_Subjects/SDP/Project/ROS_Workspace/ros2_ws/install/px4_ros_com/share/px4_ros_com/hook/ld_library_path_lib.sh'
[7.996s] [34mcolcon.colcon_core.environment[0m [1;30mLevel 1[0m checking '/home/ayusee/Desktop/MAS_Subjects/SDP/Project/ROS_Workspace/ros2_ws/install/px4_ros_com/bin'
[7.996s] [34mcolcon.colcon_core.environment[0m [1;30mLevel 1[0m checking '/home/ayusee/Desktop/MAS_Subjects/SDP/Project/ROS_Workspace/ros2_ws/install/px4_ros_com/lib/pkgconfig/px4_ros_com.pc'
[7.996s] [34mcolcon.colcon_core.environment[0m [1;30mLevel 1[0m checking '/home/ayusee/Desktop/MAS_Subjects/SDP/Project/ROS_Workspace/ros2_ws/install/px4_ros_com/lib/python3.8/site-packages'
[7.996s] [34mcolcon.colcon_core.shell[0m [1;30mLevel 1[0m create_environment_hook('px4_ros_com', 'pythonpath')
[7.997s] [34mcolcon.colcon_core.shell[0m [1;30mINFO[0m Creating environment hook '/home/ayusee/Desktop/MAS_Subjects/SDP/Project/ROS_Workspace/ros2_ws/install/px4_ros_com/share/px4_ros_com/hook/pythonpath.ps1'
[7.997s] [34mcolcon.colcon_core.shell[0m [1;30mINFO[0m Creating environment descriptor '/home/ayusee/Desktop/MAS_Subjects/SDP/Project/ROS_Workspace/ros2_ws/install/px4_ros_com/share/px4_ros_com/hook/pythonpath.dsv'
[7.997s] [34mcolcon.colcon_core.shell[0m [1;30mINFO[0m Creating environment hook '/home/ayusee/Desktop/MAS_Subjects/SDP/Project/ROS_Workspace/ros2_ws/install/px4_ros_com/share/px4_ros_com/hook/pythonpath.sh'
[7.998s] [34mcolcon.colcon_core.environment[0m [1;30mLevel 1[0m checking '/home/ayusee/Desktop/MAS_Subjects/SDP/Project/ROS_Workspace/ros2_ws/install/px4_ros_com/bin'
[7.998s] [34mcolcon.colcon_core.shell[0m [1;30mINFO[0m Creating package script '/home/ayusee/Desktop/MAS_Subjects/SDP/Project/ROS_Workspace/ros2_ws/install/px4_ros_com/share/px4_ros_com/package.ps1'
[7.998s] [34mcolcon.colcon_core.shell[0m [1;30mINFO[0m Creating package descriptor '/home/ayusee/Desktop/MAS_Subjects/SDP/Project/ROS_Workspace/ros2_ws/install/px4_ros_com/share/px4_ros_com/package.dsv'
[7.999s] [34mcolcon.colcon_core.shell[0m [1;30mINFO[0m Creating package script '/home/ayusee/Desktop/MAS_Subjects/SDP/Project/ROS_Workspace/ros2_ws/install/px4_ros_com/share/px4_ros_com/package.sh'
[7.999s] [34mcolcon.colcon_core.shell[0m [1;30mINFO[0m Creating package script '/home/ayusee/Desktop/MAS_Subjects/SDP/Project/ROS_Workspace/ros2_ws/install/px4_ros_com/share/px4_ros_com/package.bash'
[7.999s] [34mcolcon.colcon_core.shell[0m [1;30mINFO[0m Creating package script '/home/ayusee/Desktop/MAS_Subjects/SDP/Project/ROS_Workspace/ros2_ws/install/px4_ros_com/share/px4_ros_com/package.zsh'
[8.000s] [34mcolcon.colcon_core.environment[0m [1;30mLevel 1[0m create_file_with_runtime_dependencies(/home/ayusee/Desktop/MAS_Subjects/SDP/Project/ROS_Workspace/ros2_ws/install/px4_ros_com/share/colcon-core/packages/px4_ros_com)
[8.000s] [34mcolcon.colcon_parallel_executor.executor.parallel[0m [1;30mDEBUG[0m [32mclosing loop[0m
[8.000s] [34mcolcon.colcon_parallel_executor.executor.parallel[0m [1;30mDEBUG[0m [32mloop closed[0m
[8.000s] [34mcolcon.colcon_parallel_executor.executor.parallel[0m [1;30mDEBUG[0m [32mrun_until_complete finished with '0'[0m
[8.001s] [34mcolcon.colcon_core.event_reactor[0m [1;30mDEBUG[0m [32mjoining thread[0m
[8.009s] [34mcolcon.colcon_core.plugin_system[0m [1;30mINFO[0m Skipping extension 'colcon_notification.desktop_notification.terminal_notifier': Not used on non-Darwin systems
[8.009s] [34mcolcon.colcon_core.plugin_system[0m [1;30mINFO[0m Skipping extension 'colcon_notification.desktop_notification.win32': Not used on non-Windows systems
[8.009s] [34mcolcon.colcon_notification.desktop_notification[0m [1;30mINFO[0m Sending desktop notification using 'notify2'
[8.026s] [34mcolcon.colcon_core.event_reactor[0m [1;30mDEBUG[0m [32mjoined thread[0m
[8.027s] [34mcolcon.colcon_core.shell[0m [1;30mINFO[0m Creating prefix script '/home/ayusee/Desktop/MAS_Subjects/SDP/Project/ROS_Workspace/ros2_ws/install/local_setup.ps1'
[8.027s] [34mcolcon.colcon_core.shell[0m [1;30mINFO[0m Creating prefix util module '/home/ayusee/Desktop/MAS_Subjects/SDP/Project/ROS_Workspace/ros2_ws/install/_local_setup_util_ps1.py'
[8.029s] [34mcolcon.colcon_core.shell[0m [1;30mINFO[0m Creating prefix chain script '/home/ayusee/Desktop/MAS_Subjects/SDP/Project/ROS_Workspace/ros2_ws/install/setup.ps1'
[8.030s] [34mcolcon.colcon_core.shell[0m [1;30mINFO[0m Creating prefix script '/home/ayusee/Desktop/MAS_Subjects/SDP/Project/ROS_Workspace/ros2_ws/install/local_setup.sh'
[8.030s] [34mcolcon.colcon_core.shell[0m [1;30mINFO[0m Creating prefix util module '/home/ayusee/Desktop/MAS_Subjects/SDP/Project/ROS_Workspace/ros2_ws/install/_local_setup_util_sh.py'
[8.031s] [34mcolcon.colcon_core.shell[0m [1;30mINFO[0m Creating prefix chain script '/home/ayusee/Desktop/MAS_Subjects/SDP/Project/ROS_Workspace/ros2_ws/install/setup.sh'
[8.032s] [34mcolcon.colcon_core.shell[0m [1;30mINFO[0m Creating prefix script '/home/ayusee/Desktop/MAS_Subjects/SDP/Project/ROS_Workspace/ros2_ws/install/local_setup.bash'
[8.032s] [34mcolcon.colcon_core.shell[0m [1;30mINFO[0m Creating prefix chain script '/home/ayusee/Desktop/MAS_Subjects/SDP/Project/ROS_Workspace/ros2_ws/install/setup.bash'
[8.033s] [34mcolcon.colcon_core.shell[0m [1;30mINFO[0m Creating prefix script '/home/ayusee/Desktop/MAS_Subjects/SDP/Project/ROS_Workspace/ros2_ws/install/local_setup.zsh'
[8.034s] [34mcolcon.colcon_core.shell[0m [1;30mINFO[0m Creating prefix chain script '/home/ayusee/Desktop/MAS_Subjects/SDP/Project/ROS_Workspace/ros2_ws/install/setup.zsh'
