[0.277s] [34mcolcon[0m [1;30mDEBUG[0m [32mCommand line arguments: ['/usr/bin/colcon', 'build'][0m
[0.277s] [34mcolcon[0m [1;30mDEBUG[0m [32mParsed command line arguments: Namespace(allow_overriding=[], ament_cmake_args=None, base_paths=['.'], build_base='build', catkin_cmake_args=None, catkin_skip_building_tests=False, cmake_args=None, cmake_clean_cache=False, cmake_clean_first=False, cmake_force_configure=False, cmake_target=None, cmake_target_skip_unavailable=False, continue_on_error=False, event_handlers=None, executor='parallel', ignore_user_meta=False, install_base='install', log_base=None, log_level=None, main=<bound method BuildVerb.main of <colcon_core.verb.build.BuildVerb object at 0x7fde485a2fa0>>, merge_install=False, metas=['./colcon.meta'], mixin=None, mixin_files=None, mixin_verb=('build',), packages_above=None, packages_above_and_dependencies=None, packages_above_depth=None, packages_end=None, packages_ignore=None, packages_ignore_regex=None, packages_select=None, packages_select_build_failed=False, packages_select_by_dep=None, packages_select_regex=None, packages_select_test_failures=False, packages_skip=None, packages_skip_build_finished=False, packages_skip_by_dep=None, packages_skip_regex=None, packages_skip_test_passed=False, packages_skip_up_to=None, packages_start=None, packages_up_to=None, packages_up_to_regex=None, parallel_workers=8, paths=None, symlink_install=False, test_result_base=None, verb_extension=<colcon_core.verb.build.BuildVerb object at 0x7fde485a2fa0>, verb_name='build', verb_parser=<colcon_mixin.mixin.mixin_argument.MixinArgumentDecorator object at 0x7fde4841b5b0>)[0m
[0.476s] [34mcolcon.colcon_core.package_discovery[0m [1;30mLevel 1[0m discover_packages(colcon_meta) check parameters
[0.476s] [34mcolcon.colcon_core.package_discovery[0m [1;30mLevel 1[0m discover_packages(recursive) check parameters
[0.476s] [34mcolcon.colcon_core.package_discovery[0m [1;30mLevel 1[0m discover_packages(ignore) check parameters
[0.476s] [34mcolcon.colcon_core.package_discovery[0m [1;30mLevel 1[0m discover_packages(path) check parameters
[0.476s] [34mcolcon.colcon_core.package_discovery[0m [1;30mLevel 1[0m discover_packages(colcon_meta) discover
[0.476s] [34mcolcon.colcon_core.package_discovery[0m [1;30mLevel 1[0m discover_packages(recursive) discover
[0.476s] [34mcolcon.colcon_core.package_discovery[0m [1;30mINFO[0m Crawling recursively for packages in '/home/ayusee/Desktop/MAS_Subjects/SDP/Project/ROS_Workspace/ros2_ws'
[0.476s] [34mcolcon.colcon_core.package_identification[0m [1;30mLevel 1[0m _identify(.) by extensions ['ignore', 'ignore_ament_install']
[0.476s] [34mcolcon.colcon_core.package_identification[0m [1;30mLevel 1[0m _identify(.) by extension 'ignore'
[0.476s] [34mcolcon.colcon_core.package_identification[0m [1;30mLevel 1[0m _identify(.) by extension 'ignore_ament_install'
[0.476s] [34mcolcon.colcon_core.package_identification[0m [1;30mLevel 1[0m _identify(.) by extensions ['colcon_pkg']
[0.476s] [34mcolcon.colcon_core.package_identification[0m [1;30mLevel 1[0m _identify(.) by extension 'colcon_pkg'
[0.476s] [34mcolcon.colcon_core.package_identification[0m [1;30mLevel 1[0m _identify(.) by extensions ['colcon_meta']
[0.476s] [34mcolcon.colcon_core.package_identification[0m [1;30mLevel 1[0m _identify(.) by extension 'colcon_meta'
[0.477s] [34mcolcon.colcon_core.package_identification[0m [1;30mLevel 1[0m _identify(.) by extensions ['ros']
[0.477s] [34mcolcon.colcon_core.package_identification[0m [1;30mLevel 1[0m _identify(.) by extension 'ros'
[0.492s] [34mcolcon.colcon_core.package_identification[0m [1;30mLevel 1[0m _identify(.) by extensions ['cmake', 'python']
[0.492s] [34mcolcon.colcon_core.package_identification[0m [1;30mLevel 1[0m _identify(.) by extension 'cmake'
[0.492s] [34mcolcon.colcon_core.package_identification[0m [1;30mLevel 1[0m _identify(.) by extension 'python'
[0.492s] [34mcolcon.colcon_core.package_identification[0m [1;30mLevel 1[0m _identify(.) by extensions ['python_setup_py']
[0.492s] [34mcolcon.colcon_core.package_identification[0m [1;30mLevel 1[0m _identify(.) by extension 'python_setup_py'
[0.492s] [34mcolcon.colcon_core.package_identification[0m [1;30mLevel 1[0m _identify(build) by extensions ['ignore', 'ignore_ament_install']
[0.492s] [34mcolcon.colcon_core.package_identification[0m [1;30mLevel 1[0m _identify(build) by extension 'ignore'
[0.492s] [34mcolcon.colcon_core.package_identification[0m [1;30mLevel 1[0m _identify(build) ignored
[0.492s] [34mcolcon.colcon_core.package_identification[0m [1;30mLevel 1[0m _identify(install) by extensions ['ignore', 'ignore_ament_install']
[0.493s] [34mcolcon.colcon_core.package_identification[0m [1;30mLevel 1[0m _identify(install) by extension 'ignore'
[0.493s] [34mcolcon.colcon_core.package_identification[0m [1;30mLevel 1[0m _identify(install) ignored
[0.493s] [34mcolcon.colcon_core.package_identification[0m [1;30mLevel 1[0m _identify(log) by extensions ['ignore', 'ignore_ament_install']
[0.493s] [34mcolcon.colcon_core.package_identification[0m [1;30mLevel 1[0m _identify(log) by extension 'ignore'
[0.493s] [34mcolcon.colcon_core.package_identification[0m [1;30mLevel 1[0m _identify(log) ignored
[0.493s] [34mcolcon.colcon_core.package_identification[0m [1;30mLevel 1[0m _identify(src) by extensions ['ignore', 'ignore_ament_install']
[0.493s] [34mcolcon.colcon_core.package_identification[0m [1;30mLevel 1[0m _identify(src) by extension 'ignore'
[0.493s] [34mcolcon.colcon_core.package_identification[0m [1;30mLevel 1[0m _identify(src) by extension 'ignore_ament_install'
[0.493s] [34mcolcon.colcon_core.package_identification[0m [1;30mLevel 1[0m _identify(src) by extensions ['colcon_pkg']
[0.493s] [34mcolcon.colcon_core.package_identification[0m [1;30mLevel 1[0m _identify(src) by extension 'colcon_pkg'
[0.493s] [34mcolcon.colcon_core.package_identification[0m [1;30mLevel 1[0m _identify(src) by extensions ['colcon_meta']
[0.493s] [34mcolcon.colcon_core.package_identification[0m [1;30mLevel 1[0m _identify(src) by extension 'colcon_meta'
[0.493s] [34mcolcon.colcon_core.package_identification[0m [1;30mLevel 1[0m _identify(src) by extensions ['ros']
[0.493s] [34mcolcon.colcon_core.package_identification[0m [1;30mLevel 1[0m _identify(src) by extension 'ros'
[0.493s] [34mcolcon.colcon_core.package_identification[0m [1;30mLevel 1[0m _identify(src) by extensions ['cmake', 'python']
[0.493s] [34mcolcon.colcon_core.package_identification[0m [1;30mLevel 1[0m _identify(src) by extension 'cmake'
[0.493s] [34mcolcon.colcon_core.package_identification[0m [1;30mLevel 1[0m _identify(src) by extension 'python'
[0.493s] [34mcolcon.colcon_core.package_identification[0m [1;30mLevel 1[0m _identify(src) by extensions ['python_setup_py']
[0.493s] [34mcolcon.colcon_core.package_identification[0m [1;30mLevel 1[0m _identify(src) by extension 'python_setup_py'
[0.493s] [34mcolcon.colcon_core.package_identification[0m [1;30mLevel 1[0m _identify(src/mavros_custom) by extensions ['ignore', 'ignore_ament_install']
[0.494s] [34mcolcon.colcon_core.package_identification[0m [1;30mLevel 1[0m _identify(src/mavros_custom) by extension 'ignore'
[0.494s] [34mcolcon.colcon_core.package_identification[0m [1;30mLevel 1[0m _identify(src/mavros_custom) by extension 'ignore_ament_install'
[0.494s] [34mcolcon.colcon_core.package_identification[0m [1;30mLevel 1[0m _identify(src/mavros_custom) by extensions ['colcon_pkg']
[0.494s] [34mcolcon.colcon_core.package_identification[0m [1;30mLevel 1[0m _identify(src/mavros_custom) by extension 'colcon_pkg'
[0.494s] [34mcolcon.colcon_core.package_identification[0m [1;30mLevel 1[0m _identify(src/mavros_custom) by extensions ['colcon_meta']
[0.494s] [34mcolcon.colcon_core.package_identification[0m [1;30mLevel 1[0m _identify(src/mavros_custom) by extension 'colcon_meta'
[0.494s] [34mcolcon.colcon_core.package_identification[0m [1;30mLevel 1[0m _identify(src/mavros_custom) by extensions ['ros']
[0.494s] [34mcolcon.colcon_core.package_identification[0m [1;30mLevel 1[0m _identify(src/mavros_custom) by extension 'ros'
[0.494s] [34mcolcon.colcon_core.package_identification[0m [1;30mLevel 1[0m _identify(src/mavros_custom) by extensions ['cmake', 'python']
[0.494s] [34mcolcon.colcon_core.package_identification[0m [1;30mLevel 1[0m _identify(src/mavros_custom) by extension 'cmake'
[0.494s] [34mcolcon.colcon_core.package_identification[0m [1;30mLevel 1[0m _identify(src/mavros_custom) by extension 'python'
[0.494s] [34mcolcon.colcon_core.package_identification[0m [1;30mLevel 1[0m _identify(src/mavros_custom) by extensions ['python_setup_py']
[0.494s] [34mcolcon.colcon_core.package_identification[0m [1;30mLevel 1[0m _identify(src/mavros_custom) by extension 'python_setup_py'
[0.494s] [34mcolcon.colcon_core.package_identification[0m [1;30mLevel 1[0m _identify(src/mavros_custom/launch) by extensions ['ignore', 'ignore_ament_install']
[0.494s] [34mcolcon.colcon_core.package_identification[0m [1;30mLevel 1[0m _identify(src/mavros_custom/launch) by extension 'ignore'
[0.494s] [34mcolcon.colcon_core.package_identification[0m [1;30mLevel 1[0m _identify(src/mavros_custom/launch) by extension 'ignore_ament_install'
[0.494s] [34mcolcon.colcon_core.package_identification[0m [1;30mLevel 1[0m _identify(src/mavros_custom/launch) by extensions ['colcon_pkg']
[0.494s] [34mcolcon.colcon_core.package_identification[0m [1;30mLevel 1[0m _identify(src/mavros_custom/launch) by extension 'colcon_pkg'
[0.494s] [34mcolcon.colcon_core.package_identification[0m [1;30mLevel 1[0m _identify(src/mavros_custom/launch) by extensions ['colcon_meta']
[0.494s] [34mcolcon.colcon_core.package_identification[0m [1;30mLevel 1[0m _identify(src/mavros_custom/launch) by extension 'colcon_meta'
[0.494s] [34mcolcon.colcon_core.package_identification[0m [1;30mLevel 1[0m _identify(src/mavros_custom/launch) by extensions ['ros']
[0.494s] [34mcolcon.colcon_core.package_identification[0m [1;30mLevel 1[0m _identify(src/mavros_custom/launch) by extension 'ros'
[0.494s] [34mcolcon.colcon_core.package_identification[0m [1;30mLevel 1[0m _identify(src/mavros_custom/launch) by extensions ['cmake', 'python']
[0.494s] [34mcolcon.colcon_core.package_identification[0m [1;30mLevel 1[0m _identify(src/mavros_custom/launch) by extension 'cmake'
[0.494s] [34mcolcon.colcon_core.package_identification[0m [1;30mLevel 1[0m _identify(src/mavros_custom/launch) by extension 'python'
[0.495s] [34mcolcon.colcon_core.package_identification[0m [1;30mLevel 1[0m _identify(src/mavros_custom/launch) by extensions ['python_setup_py']
[0.495s] [34mcolcon.colcon_core.package_identification[0m [1;30mLevel 1[0m _identify(src/mavros_custom/launch) by extension 'python_setup_py'
[0.495s] [34mcolcon.colcon_core.package_identification[0m [1;30mLevel 1[0m _identify(src/px4_msgs) by extensions ['ignore', 'ignore_ament_install']
[0.495s] [34mcolcon.colcon_core.package_identification[0m [1;30mLevel 1[0m _identify(src/px4_msgs) by extension 'ignore'
[0.495s] [34mcolcon.colcon_core.package_identification[0m [1;30mLevel 1[0m _identify(src/px4_msgs) by extension 'ignore_ament_install'
[0.495s] [34mcolcon.colcon_core.package_identification[0m [1;30mLevel 1[0m _identify(src/px4_msgs) by extensions ['colcon_pkg']
[0.495s] [34mcolcon.colcon_core.package_identification[0m [1;30mLevel 1[0m _identify(src/px4_msgs) by extension 'colcon_pkg'
[0.495s] [34mcolcon.colcon_core.package_identification[0m [1;30mLevel 1[0m _identify(src/px4_msgs) by extensions ['colcon_meta']
[0.495s] [34mcolcon.colcon_core.package_identification[0m [1;30mLevel 1[0m _identify(src/px4_msgs) by extension 'colcon_meta'
[0.495s] [34mcolcon.colcon_core.package_identification[0m [1;30mLevel 1[0m _identify(src/px4_msgs) by extensions ['ros']
[0.495s] [34mcolcon.colcon_core.package_identification[0m [1;30mLevel 1[0m _identify(src/px4_msgs) by extension 'ros'
[0.497s] [34mcolcon.colcon_core.package_identification[0m [1;30mDEBUG[0m [32mPackage 'src/px4_msgs' with type 'ros.ament_cmake' and name 'px4_msgs'[0m
[0.497s] [34mcolcon.colcon_core.package_identification[0m [1;30mLevel 1[0m _identify(src/px4_ros_com) by extensions ['ignore', 'ignore_ament_install']
[0.497s] [34mcolcon.colcon_core.package_identification[0m [1;30mLevel 1[0m _identify(src/px4_ros_com) by extension 'ignore'
[0.497s] [34mcolcon.colcon_core.package_identification[0m [1;30mLevel 1[0m _identify(src/px4_ros_com) by extension 'ignore_ament_install'
[0.497s] [34mcolcon.colcon_core.package_identification[0m [1;30mLevel 1[0m _identify(src/px4_ros_com) by extensions ['colcon_pkg']
[0.497s] [34mcolcon.colcon_core.package_identification[0m [1;30mLevel 1[0m _identify(src/px4_ros_com) by extension 'colcon_pkg'
[0.497s] [34mcolcon.colcon_core.package_identification[0m [1;30mLevel 1[0m _identify(src/px4_ros_com) by extensions ['colcon_meta']
[0.497s] [34mcolcon.colcon_core.package_identification[0m [1;30mLevel 1[0m _identify(src/px4_ros_com) by extension 'colcon_meta'
[0.497s] [34mcolcon.colcon_core.package_identification[0m [1;30mLevel 1[0m _identify(src/px4_ros_com) by extensions ['ros']
[0.497s] [34mcolcon.colcon_core.package_identification[0m [1;30mLevel 1[0m _identify(src/px4_ros_com) by extension 'ros'
[0.498s] [34mcolcon.colcon_core.package_identification[0m [1;30mDEBUG[0m [32mPackage 'src/px4_ros_com' with type 'ros.ament_cmake' and name 'px4_ros_com'[0m
[0.498s] [34mcolcon.colcon_core.package_discovery[0m [1;30mLevel 1[0m discover_packages(recursive) using defaults
[0.498s] [34mcolcon.colcon_core.package_discovery[0m [1;30mLevel 1[0m discover_packages(ignore) discover
[0.498s] [34mcolcon.colcon_core.package_discovery[0m [1;30mLevel 1[0m discover_packages(ignore) using defaults
[0.498s] [34mcolcon.colcon_core.package_discovery[0m [1;30mLevel 1[0m discover_packages(path) discover
[0.498s] [34mcolcon.colcon_core.package_discovery[0m [1;30mLevel 1[0m discover_packages(path) using defaults
[0.511s] [34mcolcon.colcon_core.package_discovery[0m [1;30mLevel 1[0m discover_packages(prefix_path) check parameters
[0.511s] [34mcolcon.colcon_core.package_discovery[0m [1;30mLevel 1[0m discover_packages(prefix_path) discover
[0.512s] [34mcolcon.colcon_installed_package_information.package_discovery[0m [1;30mDEBUG[0m [32mFound 2 installed packages in /home/ayusee/Desktop/MAS_Subjects/SDP/Project/ROS_Workspace/ros2_ws/install[0m
[0.513s] [34mcolcon.colcon_installed_package_information.package_discovery[0m [1;30mDEBUG[0m [32mFound 265 installed packages in /opt/ros/foxy[0m
[0.514s] [34mcolcon.colcon_core.package_discovery[0m [1;30mLevel 1[0m discover_packages(prefix_path) using defaults
[0.559s] [34mcolcon.colcon_core.verb[0m [1;30mLevel 5[0m set package 'px4_msgs' build argument 'cmake_args' from command line to 'None'
[0.559s] [34mcolcon.colcon_core.verb[0m [1;30mLevel 5[0m set package 'px4_msgs' build argument 'cmake_target' from command line to 'None'
[0.559s] [34mcolcon.colcon_core.verb[0m [1;30mLevel 5[0m set package 'px4_msgs' build argument 'cmake_target_skip_unavailable' from command line to 'False'
[0.559s] [34mcolcon.colcon_core.verb[0m [1;30mLevel 5[0m set package 'px4_msgs' build argument 'cmake_clean_cache' from command line to 'False'
[0.559s] [34mcolcon.colcon_core.verb[0m [1;30mLevel 5[0m set package 'px4_msgs' build argument 'cmake_clean_first' from command line to 'False'
[0.559s] [34mcolcon.colcon_core.verb[0m [1;30mLevel 5[0m set package 'px4_msgs' build argument 'cmake_force_configure' from command line to 'False'
[0.559s] [34mcolcon.colcon_core.verb[0m [1;30mLevel 5[0m set package 'px4_msgs' build argument 'ament_cmake_args' from command line to 'None'
[0.559s] [34mcolcon.colcon_core.verb[0m [1;30mLevel 5[0m set package 'px4_msgs' build argument 'catkin_cmake_args' from command line to 'None'
[0.559s] [34mcolcon.colcon_core.verb[0m [1;30mLevel 5[0m set package 'px4_msgs' build argument 'catkin_skip_building_tests' from command line to 'False'
[0.559s] [34mcolcon.colcon_core.verb[0m [1;30mDEBUG[0m [32mBuilding package 'px4_msgs' with the following arguments: {'ament_cmake_args': None, 'build_base': '/home/ayusee/Desktop/MAS_Subjects/SDP/Project/ROS_Workspace/ros2_ws/build/px4_msgs', 'catkin_cmake_args': None, 'catkin_skip_building_tests': False, 'cmake_args': None, 'cmake_clean_cache': False, 'cmake_clean_first': False, 'cmake_force_configure': False, 'cmake_target': None, 'cmake_target_skip_unavailable': False, 'install_base': '/home/ayusee/Desktop/MAS_Subjects/SDP/Project/ROS_Workspace/ros2_ws/install/px4_msgs', 'merge_install': False, 'path': '/home/ayusee/Desktop/MAS_Subjects/SDP/Project/ROS_Workspace/ros2_ws/src/px4_msgs', 'symlink_install': False, 'test_result_base': None}[0m
[0.559s] [34mcolcon.colcon_core.verb[0m [1;30mLevel 5[0m set package 'px4_ros_com' build argument 'cmake_args' from command line to 'None'
[0.559s] [34mcolcon.colcon_core.verb[0m [1;30mLevel 5[0m set package 'px4_ros_com' build argument 'cmake_target' from command line to 'None'
[0.559s] [34mcolcon.colcon_core.verb[0m [1;30mLevel 5[0m set package 'px4_ros_com' build argument 'cmake_target_skip_unavailable' from command line to 'False'
[0.559s] [34mcolcon.colcon_core.verb[0m [1;30mLevel 5[0m set package 'px4_ros_com' build argument 'cmake_clean_cache' from command line to 'False'
[0.559s] [34mcolcon.colcon_core.verb[0m [1;30mLevel 5[0m set package 'px4_ros_com' build argument 'cmake_clean_first' from command line to 'False'
[0.560s] [34mcolcon.colcon_core.verb[0m [1;30mLevel 5[0m set package 'px4_ros_com' build argument 'cmake_force_configure' from command line to 'False'
[0.560s] [34mcolcon.colcon_core.verb[0m [1;30mLevel 5[0m set package 'px4_ros_com' build argument 'ament_cmake_args' from command line to 'None'
[0.560s] [34mcolcon.colcon_core.verb[0m [1;30mLevel 5[0m set package 'px4_ros_com' build argument 'catkin_cmake_args' from command line to 'None'
[0.560s] [34mcolcon.colcon_core.verb[0m [1;30mLevel 5[0m set package 'px4_ros_com' build argument 'catkin_skip_building_tests' from command line to 'False'
[0.560s] [34mcolcon.colcon_core.verb[0m [1;30mDEBUG[0m [32mBuilding package 'px4_ros_com' with the following arguments: {'ament_cmake_args': None, 'build_base': '/home/ayusee/Desktop/MAS_Subjects/SDP/Project/ROS_Workspace/ros2_ws/build/px4_ros_com', 'catkin_cmake_args': None, 'catkin_skip_building_tests': False, 'cmake_args': None, 'cmake_clean_cache': False, 'cmake_clean_first': False, 'cmake_force_configure': False, 'cmake_target': None, 'cmake_target_skip_unavailable': False, 'install_base': '/home/ayusee/Desktop/MAS_Subjects/SDP/Project/ROS_Workspace/ros2_ws/install/px4_ros_com', 'merge_install': False, 'path': '/home/ayusee/Desktop/MAS_Subjects/SDP/Project/ROS_Workspace/ros2_ws/src/px4_ros_com', 'symlink_install': False, 'test_result_base': None}[0m
[0.560s] [34mcolcon.colcon_core.executor[0m [1;30mINFO[0m Executing jobs using 'parallel' executor
[0.561s] [34mcolcon.colcon_parallel_executor.executor.parallel[0m [1;30mDEBUG[0m [32mrun_until_complete[0m
[0.561s] [34mcolcon.colcon_ros.task.ament_cmake.build[0m [1;30mINFO[0m Building ROS package in '/home/ayusee/Desktop/MAS_Subjects/SDP/Project/ROS_Workspace/ros2_ws/src/px4_msgs' with build type 'ament_cmake'
[0.561s] [34mcolcon.colcon_cmake.task.cmake.build[0m [1;30mINFO[0m Building CMake package in '/home/ayusee/Desktop/MAS_Subjects/SDP/Project/ROS_Workspace/ros2_ws/src/px4_msgs'
[0.563s] [34mcolcon.colcon_core.plugin_system[0m [1;30mINFO[0m Skipping extension 'colcon_core.shell.bat': Not used on non-Windows systems
[0.563s] [34mcolcon.colcon_core.shell[0m [1;30mINFO[0m Skip shell extension 'powershell' for command environment: Not usable outside of PowerShell
[0.563s] [34mcolcon.colcon_core.shell[0m [1;30mDEBUG[0m [32mSkip shell extension 'dsv' for command environment[0m
[0.573s] [34mcolcon.colcon_core.event_handler.log_command[0m [1;30mDEBUG[0m [32mInvoking command in '/home/ayusee/Desktop/MAS_Subjects/SDP/Project/ROS_Workspace/ros2_ws/build/px4_msgs': CMAKE_PREFIX_PATH=${CMAKE_PREFIX_PATH}:/opt/ros/foxy /home/ayusee/.local/bin/cmake --build /home/ayusee/Desktop/MAS_Subjects/SDP/Project/ROS_Workspace/ros2_ws/build/px4_msgs -- -j8 -l8[0m
[1.513s] [34mcolcon.colcon_core.event_handler.log_command[0m [1;30mDEBUG[0m [32mInvoked command in '/home/ayusee/Desktop/MAS_Subjects/SDP/Project/ROS_Workspace/ros2_ws/build/px4_msgs' returned '0': CMAKE_PREFIX_PATH=${CMAKE_PREFIX_PATH}:/opt/ros/foxy /home/ayusee/.local/bin/cmake --build /home/ayusee/Desktop/MAS_Subjects/SDP/Project/ROS_Workspace/ros2_ws/build/px4_msgs -- -j8 -l8[0m
[3.929s] [34mcolcon.colcon_core.event_handler.log_command[0m [1;30mDEBUG[0m [32mInvoking command in '/home/ayusee/Desktop/MAS_Subjects/SDP/Project/ROS_Workspace/ros2_ws/build/px4_msgs': CMAKE_PREFIX_PATH=${CMAKE_PREFIX_PATH}:/opt/ros/foxy /home/ayusee/.local/bin/cmake --install /home/ayusee/Desktop/MAS_Subjects/SDP/Project/ROS_Workspace/ros2_ws/build/px4_msgs[0m
[4.183s] [34mcolcon.colcon_core.environment[0m [1;30mLevel 1[0m create_environment_scripts_only(px4_msgs)
[4.187s] [34mcolcon.colcon_core.environment[0m [1;30mLevel 1[0m checking '/home/ayusee/Desktop/MAS_Subjects/SDP/Project/ROS_Workspace/ros2_ws/install/px4_msgs' for CMake module files
[4.188s] [34mcolcon.colcon_core.environment[0m [1;30mLevel 1[0m checking '/home/ayusee/Desktop/MAS_Subjects/SDP/Project/ROS_Workspace/ros2_ws/install/px4_msgs' for CMake config files
[4.191s] [34mcolcon.colcon_core.shell[0m [1;30mLevel 1[0m create_environment_hook('px4_msgs', 'cmake_prefix_path')
[4.192s] [34mcolcon.colcon_core.shell[0m [1;30mINFO[0m Creating environment hook '/home/ayusee/Desktop/MAS_Subjects/SDP/Project/ROS_Workspace/ros2_ws/install/px4_msgs/share/px4_msgs/hook/cmake_prefix_path.ps1'
[4.192s] [34mcolcon.colcon_core.shell[0m [1;30mINFO[0m Creating environment descriptor '/home/ayusee/Desktop/MAS_Subjects/SDP/Project/ROS_Workspace/ros2_ws/install/px4_msgs/share/px4_msgs/hook/cmake_prefix_path.dsv'
[4.193s] [34mcolcon.colcon_core.shell[0m [1;30mINFO[0m Creating environment hook '/home/ayusee/Desktop/MAS_Subjects/SDP/Project/ROS_Workspace/ros2_ws/install/px4_msgs/share/px4_msgs/hook/cmake_prefix_path.sh'
[4.194s] [34mcolcon.colcon_core.environment[0m [1;30mLevel 1[0m checking '/home/ayusee/Desktop/MAS_Subjects/SDP/Project/ROS_Workspace/ros2_ws/install/px4_msgs/lib'
[4.194s] [34mcolcon.colcon_core.shell[0m [1;30mLevel 1[0m create_environment_hook('px4_msgs', 'ld_library_path_lib')
[4.195s] [34mcolcon.colcon_core.shell[0m [1;30mINFO[0m Creating environment hook '/home/ayusee/Desktop/MAS_Subjects/SDP/Project/ROS_Workspace/ros2_ws/install/px4_msgs/share/px4_msgs/hook/ld_library_path_lib.ps1'
[4.195s] [34mcolcon.colcon_core.shell[0m [1;30mINFO[0m Creating environment descriptor '/home/ayusee/Desktop/MAS_Subjects/SDP/Project/ROS_Workspace/ros2_ws/install/px4_msgs/share/px4_msgs/hook/ld_library_path_lib.dsv'
[4.196s] [34mcolcon.colcon_core.shell[0m [1;30mINFO[0m Creating environment hook '/home/ayusee/Desktop/MAS_Subjects/SDP/Project/ROS_Workspace/ros2_ws/install/px4_msgs/share/px4_msgs/hook/ld_library_path_lib.sh'
[4.196s] [34mcolcon.colcon_core.environment[0m [1;30mLevel 1[0m checking '/home/ayusee/Desktop/MAS_Subjects/SDP/Project/ROS_Workspace/ros2_ws/install/px4_msgs/bin'
[4.196s] [34mcolcon.colcon_core.environment[0m [1;30mLevel 1[0m checking '/home/ayusee/Desktop/MAS_Subjects/SDP/Project/ROS_Workspace/ros2_ws/install/px4_msgs/lib/pkgconfig/px4_msgs.pc'
[4.196s] [34mcolcon.colcon_core.environment[0m [1;30mLevel 1[0m checking '/home/ayusee/Desktop/MAS_Subjects/SDP/Project/ROS_Workspace/ros2_ws/install/px4_msgs/lib/python3.8/site-packages'
[4.197s] [34mcolcon.colcon_core.shell[0m [1;30mLevel 1[0m create_environment_hook('px4_msgs', 'pythonpath')
[4.197s] [34mcolcon.colcon_core.shell[0m [1;30mINFO[0m Creating environment hook '/home/ayusee/Desktop/MAS_Subjects/SDP/Project/ROS_Workspace/ros2_ws/install/px4_msgs/share/px4_msgs/hook/pythonpath.ps1'
[4.197s] [34mcolcon.colcon_core.shell[0m [1;30mINFO[0m Creating environment descriptor '/home/ayusee/Desktop/MAS_Subjects/SDP/Project/ROS_Workspace/ros2_ws/install/px4_msgs/share/px4_msgs/hook/pythonpath.dsv'
[4.198s] [34mcolcon.colcon_core.shell[0m [1;30mINFO[0m Creating environment hook '/home/ayusee/Desktop/MAS_Subjects/SDP/Project/ROS_Workspace/ros2_ws/install/px4_msgs/share/px4_msgs/hook/pythonpath.sh'
[4.198s] [34mcolcon.colcon_core.environment[0m [1;30mLevel 1[0m checking '/home/ayusee/Desktop/MAS_Subjects/SDP/Project/ROS_Workspace/ros2_ws/install/px4_msgs/bin'
[4.199s] [34mcolcon.colcon_core.shell[0m [1;30mINFO[0m Creating package script '/home/ayusee/Desktop/MAS_Subjects/SDP/Project/ROS_Workspace/ros2_ws/install/px4_msgs/share/px4_msgs/package.ps1'
[4.201s] [34mcolcon.colcon_core.shell[0m [1;30mINFO[0m Creating package descriptor '/home/ayusee/Desktop/MAS_Subjects/SDP/Project/ROS_Workspace/ros2_ws/install/px4_msgs/share/px4_msgs/package.dsv'
[4.202s] [34mcolcon.colcon_core.shell[0m [1;30mINFO[0m Creating package script '/home/ayusee/Desktop/MAS_Subjects/SDP/Project/ROS_Workspace/ros2_ws/install/px4_msgs/share/px4_msgs/package.sh'
[4.203s] [34mcolcon.colcon_core.shell[0m [1;30mINFO[0m Creating package script '/home/ayusee/Desktop/MAS_Subjects/SDP/Project/ROS_Workspace/ros2_ws/install/px4_msgs/share/px4_msgs/package.bash'
[4.204s] [34mcolcon.colcon_core.shell[0m [1;30mINFO[0m Creating package script '/home/ayusee/Desktop/MAS_Subjects/SDP/Project/ROS_Workspace/ros2_ws/install/px4_msgs/share/px4_msgs/package.zsh'
[4.205s] [34mcolcon.colcon_core.environment[0m [1;30mLevel 1[0m create_file_with_runtime_dependencies(/home/ayusee/Desktop/MAS_Subjects/SDP/Project/ROS_Workspace/ros2_ws/install/px4_msgs/share/colcon-core/packages/px4_msgs)
[4.260s] [34mcolcon.colcon_core.event_handler.log_command[0m [1;30mDEBUG[0m [32mInvoked command in '/home/ayusee/Desktop/MAS_Subjects/SDP/Project/ROS_Workspace/ros2_ws/build/px4_msgs' returned '0': CMAKE_PREFIX_PATH=${CMAKE_PREFIX_PATH}:/opt/ros/foxy /home/ayusee/.local/bin/cmake --install /home/ayusee/Desktop/MAS_Subjects/SDP/Project/ROS_Workspace/ros2_ws/build/px4_msgs[0m
[6.587s] [34mcolcon.colcon_core.environment[0m [1;30mLevel 1[0m create_environment_scripts_only(px4_msgs)
[6.587s] [34mcolcon.colcon_core.environment[0m [1;30mLevel 1[0m checking '/home/ayusee/Desktop/MAS_Subjects/SDP/Project/ROS_Workspace/ros2_ws/install/px4_msgs' for CMake module files
[6.587s] [34mcolcon.colcon_core.environment[0m [1;30mLevel 1[0m checking '/home/ayusee/Desktop/MAS_Subjects/SDP/Project/ROS_Workspace/ros2_ws/install/px4_msgs' for CMake config files
[6.588s] [34mcolcon.colcon_core.shell[0m [1;30mLevel 1[0m create_environment_hook('px4_msgs', 'cmake_prefix_path')
[6.588s] [34mcolcon.colcon_core.shell[0m [1;30mINFO[0m Creating environment hook '/home/ayusee/Desktop/MAS_Subjects/SDP/Project/ROS_Workspace/ros2_ws/install/px4_msgs/share/px4_msgs/hook/cmake_prefix_path.ps1'
[6.588s] [34mcolcon.colcon_core.shell[0m [1;30mINFO[0m Creating environment descriptor '/home/ayusee/Desktop/MAS_Subjects/SDP/Project/ROS_Workspace/ros2_ws/install/px4_msgs/share/px4_msgs/hook/cmake_prefix_path.dsv'
[6.589s] [34mcolcon.colcon_core.shell[0m [1;30mINFO[0m Creating environment hook '/home/ayusee/Desktop/MAS_Subjects/SDP/Project/ROS_Workspace/ros2_ws/install/px4_msgs/share/px4_msgs/hook/cmake_prefix_path.sh'
[6.589s] [34mcolcon.colcon_core.environment[0m [1;30mLevel 1[0m checking '/home/ayusee/Desktop/MAS_Subjects/SDP/Project/ROS_Workspace/ros2_ws/install/px4_msgs/lib'
[6.589s] [34mcolcon.colcon_core.shell[0m [1;30mLevel 1[0m create_environment_hook('px4_msgs', 'ld_library_path_lib')
[6.589s] [34mcolcon.colcon_core.shell[0m [1;30mINFO[0m Creating environment hook '/home/ayusee/Desktop/MAS_Subjects/SDP/Project/ROS_Workspace/ros2_ws/install/px4_msgs/share/px4_msgs/hook/ld_library_path_lib.ps1'
[6.590s] [34mcolcon.colcon_core.shell[0m [1;30mINFO[0m Creating environment descriptor '/home/ayusee/Desktop/MAS_Subjects/SDP/Project/ROS_Workspace/ros2_ws/install/px4_msgs/share/px4_msgs/hook/ld_library_path_lib.dsv'
[6.590s] [34mcolcon.colcon_core.shell[0m [1;30mINFO[0m Creating environment hook '/home/ayusee/Desktop/MAS_Subjects/SDP/Project/ROS_Workspace/ros2_ws/install/px4_msgs/share/px4_msgs/hook/ld_library_path_lib.sh'
[6.590s] [34mcolcon.colcon_core.environment[0m [1;30mLevel 1[0m checking '/home/ayusee/Desktop/MAS_Subjects/SDP/Project/ROS_Workspace/ros2_ws/install/px4_msgs/bin'
[6.590s] [34mcolcon.colcon_core.environment[0m [1;30mLevel 1[0m checking '/home/ayusee/Desktop/MAS_Subjects/SDP/Project/ROS_Workspace/ros2_ws/install/px4_msgs/lib/pkgconfig/px4_msgs.pc'
[6.590s] [34mcolcon.colcon_core.environment[0m [1;30mLevel 1[0m checking '/home/ayusee/Desktop/MAS_Subjects/SDP/Project/ROS_Workspace/ros2_ws/install/px4_msgs/lib/python3.8/site-packages'
[6.590s] [34mcolcon.colcon_core.shell[0m [1;30mLevel 1[0m create_environment_hook('px4_msgs', 'pythonpath')
[6.591s] [34mcolcon.colcon_core.shell[0m [1;30mINFO[0m Creating environment hook '/home/ayusee/Desktop/MAS_Subjects/SDP/Project/ROS_Workspace/ros2_ws/install/px4_msgs/share/px4_msgs/hook/pythonpath.ps1'
[6.591s] [34mcolcon.colcon_core.shell[0m [1;30mINFO[0m Creating environment descriptor '/home/ayusee/Desktop/MAS_Subjects/SDP/Project/ROS_Workspace/ros2_ws/install/px4_msgs/share/px4_msgs/hook/pythonpath.dsv'
[6.591s] [34mcolcon.colcon_core.shell[0m [1;30mINFO[0m Creating environment hook '/home/ayusee/Desktop/MAS_Subjects/SDP/Project/ROS_Workspace/ros2_ws/install/px4_msgs/share/px4_msgs/hook/pythonpath.sh'
[6.591s] [34mcolcon.colcon_core.environment[0m [1;30mLevel 1[0m checking '/home/ayusee/Desktop/MAS_Subjects/SDP/Project/ROS_Workspace/ros2_ws/install/px4_msgs/bin'
[6.592s] [34mcolcon.colcon_core.shell[0m [1;30mINFO[0m Creating package script '/home/ayusee/Desktop/MAS_Subjects/SDP/Project/ROS_Workspace/ros2_ws/install/px4_msgs/share/px4_msgs/package.ps1'
[6.592s] [34mcolcon.colcon_core.shell[0m [1;30mINFO[0m Creating package descriptor '/home/ayusee/Desktop/MAS_Subjects/SDP/Project/ROS_Workspace/ros2_ws/install/px4_msgs/share/px4_msgs/package.dsv'
[6.592s] [34mcolcon.colcon_core.shell[0m [1;30mINFO[0m Creating package script '/home/ayusee/Desktop/MAS_Subjects/SDP/Project/ROS_Workspace/ros2_ws/install/px4_msgs/share/px4_msgs/package.sh'
[6.593s] [34mcolcon.colcon_core.shell[0m [1;30mINFO[0m Creating package script '/home/ayusee/Desktop/MAS_Subjects/SDP/Project/ROS_Workspace/ros2_ws/install/px4_msgs/share/px4_msgs/package.bash'
[6.593s] [34mcolcon.colcon_core.shell[0m [1;30mINFO[0m Creating package script '/home/ayusee/Desktop/MAS_Subjects/SDP/Project/ROS_Workspace/ros2_ws/install/px4_msgs/share/px4_msgs/package.zsh'
[6.593s] [34mcolcon.colcon_core.environment[0m [1;30mLevel 1[0m create_file_with_runtime_dependencies(/home/ayusee/Desktop/MAS_Subjects/SDP/Project/ROS_Workspace/ros2_ws/install/px4_msgs/share/colcon-core/packages/px4_msgs)
[6.594s] [34mcolcon.colcon_ros.task.ament_cmake.build[0m [1;30mINFO[0m Building ROS package in '/home/ayusee/Desktop/MAS_Subjects/SDP/Project/ROS_Workspace/ros2_ws/src/px4_ros_com' with build type 'ament_cmake'
[6.594s] [34mcolcon.colcon_cmake.task.cmake.build[0m [1;30mINFO[0m Building CMake package in '/home/ayusee/Desktop/MAS_Subjects/SDP/Project/ROS_Workspace/ros2_ws/src/px4_ros_com'
[6.594s] [34mcolcon.colcon_core.shell[0m [1;30mINFO[0m Skip shell extension 'powershell' for command environment: Not usable outside of PowerShell
[6.594s] [34mcolcon.colcon_core.shell[0m [1;30mDEBUG[0m [32mSkip shell extension 'dsv' for command environment[0m
[6.603s] [34mcolcon.colcon_core.event_handler.log_command[0m [1;30mDEBUG[0m [32mInvoking command in '/home/ayusee/Desktop/MAS_Subjects/SDP/Project/ROS_Workspace/ros2_ws/build/px4_ros_com': CMAKE_PREFIX_PATH=/home/ayusee/Desktop/MAS_Subjects/SDP/Project/ROS_Workspace/ros2_ws/install/px4_msgs:/home/ayusee/Desktop/MAS_Subjects/SDP/Project/ROS_Workspace/ros2_ws/install/px4_ros_com:/opt/ros/foxy LD_LIBRARY_PATH=/home/ayusee/Desktop/MAS_Subjects/SDP/Project/ROS_Workspace/ros2_ws/install/px4_msgs/lib:/home/ayusee/Desktop/MAS_Subjects/SDP/Project/ROS_Workspace/ros2_ws/install/px4_ros_com/lib:/opt/ros/foxy/opt/yaml_cpp_vendor/lib:/opt/ros/foxy/opt/rviz_ogre_vendor/lib:/opt/ros/foxy/lib/x86_64-linux-gnu:/opt/ros/foxy/lib PYTHONPATH=/home/ayusee/Desktop/MAS_Subjects/SDP/Project/ROS_Workspace/ros2_ws/install/px4_msgs/lib/python3.8/site-packages:/home/ayusee/Desktop/MAS_Subjects/SDP/Project/ROS_Workspace/ros2_ws/install/px4_ros_com/lib/python3.8/site-packages:/opt/ros/foxy/lib/python3.8/site-packages /home/ayusee/.local/bin/cmake --build /home/ayusee/Desktop/MAS_Subjects/SDP/Project/ROS_Workspace/ros2_ws/build/px4_ros_com -- -j8 -l8[0m
[6.650s] [34mcolcon.colcon_core.event_handler.log_command[0m [1;30mDEBUG[0m [32mInvoked command in '/home/ayusee/Desktop/MAS_Subjects/SDP/Project/ROS_Workspace/ros2_ws/build/px4_ros_com' returned '0': CMAKE_PREFIX_PATH=/home/ayusee/Desktop/MAS_Subjects/SDP/Project/ROS_Workspace/ros2_ws/install/px4_msgs:/home/ayusee/Desktop/MAS_Subjects/SDP/Project/ROS_Workspace/ros2_ws/install/px4_ros_com:/opt/ros/foxy LD_LIBRARY_PATH=/home/ayusee/Desktop/MAS_Subjects/SDP/Project/ROS_Workspace/ros2_ws/install/px4_msgs/lib:/home/ayusee/Desktop/MAS_Subjects/SDP/Project/ROS_Workspace/ros2_ws/install/px4_ros_com/lib:/opt/ros/foxy/opt/yaml_cpp_vendor/lib:/opt/ros/foxy/opt/rviz_ogre_vendor/lib:/opt/ros/foxy/lib/x86_64-linux-gnu:/opt/ros/foxy/lib PYTHONPATH=/home/ayusee/Desktop/MAS_Subjects/SDP/Project/ROS_Workspace/ros2_ws/install/px4_msgs/lib/python3.8/site-packages:/home/ayusee/Desktop/MAS_Subjects/SDP/Project/ROS_Workspace/ros2_ws/install/px4_ros_com/lib/python3.8/site-packages:/opt/ros/foxy/lib/python3.8/site-packages /home/ayusee/.local/bin/cmake --build /home/ayusee/Desktop/MAS_Subjects/SDP/Project/ROS_Workspace/ros2_ws/build/px4_ros_com -- -j8 -l8[0m
[6.694s] [34mcolcon.colcon_core.event_handler.log_command[0m [1;30mDEBUG[0m [32mInvoking command in '/home/ayusee/Desktop/MAS_Subjects/SDP/Project/ROS_Workspace/ros2_ws/build/px4_ros_com': CMAKE_PREFIX_PATH=/home/ayusee/Desktop/MAS_Subjects/SDP/Project/ROS_Workspace/ros2_ws/install/px4_msgs:/home/ayusee/Desktop/MAS_Subjects/SDP/Project/ROS_Workspace/ros2_ws/install/px4_ros_com:/opt/ros/foxy LD_LIBRARY_PATH=/home/ayusee/Desktop/MAS_Subjects/SDP/Project/ROS_Workspace/ros2_ws/install/px4_msgs/lib:/home/ayusee/Desktop/MAS_Subjects/SDP/Project/ROS_Workspace/ros2_ws/install/px4_ros_com/lib:/opt/ros/foxy/opt/yaml_cpp_vendor/lib:/opt/ros/foxy/opt/rviz_ogre_vendor/lib:/opt/ros/foxy/lib/x86_64-linux-gnu:/opt/ros/foxy/lib PYTHONPATH=/home/ayusee/Desktop/MAS_Subjects/SDP/Project/ROS_Workspace/ros2_ws/install/px4_msgs/lib/python3.8/site-packages:/home/ayusee/Desktop/MAS_Subjects/SDP/Project/ROS_Workspace/ros2_ws/install/px4_ros_com/lib/python3.8/site-packages:/opt/ros/foxy/lib/python3.8/site-packages /home/ayusee/.local/bin/cmake --install /home/ayusee/Desktop/MAS_Subjects/SDP/Project/ROS_Workspace/ros2_ws/build/px4_ros_com[0m
[6.758s] [34mcolcon.colcon_core.environment[0m [1;30mLevel 1[0m create_environment_scripts_only(px4_ros_com)
[6.758s] [34mcolcon.colcon_core.environment[0m [1;30mLevel 1[0m checking '/home/ayusee/Desktop/MAS_Subjects/SDP/Project/ROS_Workspace/ros2_ws/install/px4_ros_com' for CMake module files
[6.759s] [34mcolcon.colcon_core.event_handler.log_command[0m [1;30mDEBUG[0m [32mInvoked command in '/home/ayusee/Desktop/MAS_Subjects/SDP/Project/ROS_Workspace/ros2_ws/build/px4_ros_com' returned '0': CMAKE_PREFIX_PATH=/home/ayusee/Desktop/MAS_Subjects/SDP/Project/ROS_Workspace/ros2_ws/install/px4_msgs:/home/ayusee/Desktop/MAS_Subjects/SDP/Project/ROS_Workspace/ros2_ws/install/px4_ros_com:/opt/ros/foxy LD_LIBRARY_PATH=/home/ayusee/Desktop/MAS_Subjects/SDP/Project/ROS_Workspace/ros2_ws/install/px4_msgs/lib:/home/ayusee/Desktop/MAS_Subjects/SDP/Project/ROS_Workspace/ros2_ws/install/px4_ros_com/lib:/opt/ros/foxy/opt/yaml_cpp_vendor/lib:/opt/ros/foxy/opt/rviz_ogre_vendor/lib:/opt/ros/foxy/lib/x86_64-linux-gnu:/opt/ros/foxy/lib PYTHONPATH=/home/ayusee/Desktop/MAS_Subjects/SDP/Project/ROS_Workspace/ros2_ws/install/px4_msgs/lib/python3.8/site-packages:/home/ayusee/Desktop/MAS_Subjects/SDP/Project/ROS_Workspace/ros2_ws/install/px4_ros_com/lib/python3.8/site-packages:/opt/ros/foxy/lib/python3.8/site-packages /home/ayusee/.local/bin/cmake --install /home/ayusee/Desktop/MAS_Subjects/SDP/Project/ROS_Workspace/ros2_ws/build/px4_ros_com[0m
[6.759s] [34mcolcon.colcon_core.environment[0m [1;30mLevel 1[0m checking '/home/ayusee/Desktop/MAS_Subjects/SDP/Project/ROS_Workspace/ros2_ws/install/px4_ros_com' for CMake config files
[6.759s] [34mcolcon.colcon_core.shell[0m [1;30mLevel 1[0m create_environment_hook('px4_ros_com', 'cmake_prefix_path')
[6.760s] [34mcolcon.colcon_core.shell[0m [1;30mINFO[0m Creating environment hook '/home/ayusee/Desktop/MAS_Subjects/SDP/Project/ROS_Workspace/ros2_ws/install/px4_ros_com/share/px4_ros_com/hook/cmake_prefix_path.ps1'
[6.760s] [34mcolcon.colcon_core.shell[0m [1;30mINFO[0m Creating environment descriptor '/home/ayusee/Desktop/MAS_Subjects/SDP/Project/ROS_Workspace/ros2_ws/install/px4_ros_com/share/px4_ros_com/hook/cmake_prefix_path.dsv'
[6.760s] [34mcolcon.colcon_core.shell[0m [1;30mINFO[0m Creating environment hook '/home/ayusee/Desktop/MAS_Subjects/SDP/Project/ROS_Workspace/ros2_ws/install/px4_ros_com/share/px4_ros_com/hook/cmake_prefix_path.sh'
[6.761s] [34mcolcon.colcon_core.environment[0m [1;30mLevel 1[0m checking '/home/ayusee/Desktop/MAS_Subjects/SDP/Project/ROS_Workspace/ros2_ws/install/px4_ros_com/lib'
[6.761s] [34mcolcon.colcon_core.shell[0m [1;30mLevel 1[0m create_environment_hook('px4_ros_com', 'ld_library_path_lib')
[6.761s] [34mcolcon.colcon_core.shell[0m [1;30mINFO[0m Creating environment hook '/home/ayusee/Desktop/MAS_Subjects/SDP/Project/ROS_Workspace/ros2_ws/install/px4_ros_com/share/px4_ros_com/hook/ld_library_path_lib.ps1'
[6.761s] [34mcolcon.colcon_core.shell[0m [1;30mINFO[0m Creating environment descriptor '/home/ayusee/Desktop/MAS_Subjects/SDP/Project/ROS_Workspace/ros2_ws/install/px4_ros_com/share/px4_ros_com/hook/ld_library_path_lib.dsv'
[6.762s] [34mcolcon.colcon_core.shell[0m [1;30mINFO[0m Creating environment hook '/home/ayusee/Desktop/MAS_Subjects/SDP/Project/ROS_Workspace/ros2_ws/install/px4_ros_com/share/px4_ros_com/hook/ld_library_path_lib.sh'
[6.762s] [34mcolcon.colcon_core.environment[0m [1;30mLevel 1[0m checking '/home/ayusee/Desktop/MAS_Subjects/SDP/Project/ROS_Workspace/ros2_ws/install/px4_ros_com/bin'
[6.762s] [34mcolcon.colcon_core.environment[0m [1;30mLevel 1[0m checking '/home/ayusee/Desktop/MAS_Subjects/SDP/Project/ROS_Workspace/ros2_ws/install/px4_ros_com/lib/pkgconfig/px4_ros_com.pc'
[6.762s] [34mcolcon.colcon_core.environment[0m [1;30mLevel 1[0m checking '/home/ayusee/Desktop/MAS_Subjects/SDP/Project/ROS_Workspace/ros2_ws/install/px4_ros_com/lib/python3.8/site-packages'
[6.762s] [34mcolcon.colcon_core.shell[0m [1;30mLevel 1[0m create_environment_hook('px4_ros_com', 'pythonpath')
[6.762s] [34mcolcon.colcon_core.shell[0m [1;30mINFO[0m Creating environment hook '/home/ayusee/Desktop/MAS_Subjects/SDP/Project/ROS_Workspace/ros2_ws/install/px4_ros_com/share/px4_ros_com/hook/pythonpath.ps1'
[6.763s] [34mcolcon.colcon_core.shell[0m [1;30mINFO[0m Creating environment descriptor '/home/ayusee/Desktop/MAS_Subjects/SDP/Project/ROS_Workspace/ros2_ws/install/px4_ros_com/share/px4_ros_com/hook/pythonpath.dsv'
[6.763s] [34mcolcon.colcon_core.shell[0m [1;30mINFO[0m Creating environment hook '/home/ayusee/Desktop/MAS_Subjects/SDP/Project/ROS_Workspace/ros2_ws/install/px4_ros_com/share/px4_ros_com/hook/pythonpath.sh'
[6.763s] [34mcolcon.colcon_core.environment[0m [1;30mLevel 1[0m checking '/home/ayusee/Desktop/MAS_Subjects/SDP/Project/ROS_Workspace/ros2_ws/install/px4_ros_com/bin'
[6.763s] [34mcolcon.colcon_core.shell[0m [1;30mINFO[0m Creating package script '/home/ayusee/Desktop/MAS_Subjects/SDP/Project/ROS_Workspace/ros2_ws/install/px4_ros_com/share/px4_ros_com/package.ps1'
[6.764s] [34mcolcon.colcon_core.shell[0m [1;30mINFO[0m Creating package descriptor '/home/ayusee/Desktop/MAS_Subjects/SDP/Project/ROS_Workspace/ros2_ws/install/px4_ros_com/share/px4_ros_com/package.dsv'
[6.764s] [34mcolcon.colcon_core.shell[0m [1;30mINFO[0m Creating package script '/home/ayusee/Desktop/MAS_Subjects/SDP/Project/ROS_Workspace/ros2_ws/install/px4_ros_com/share/px4_ros_com/package.sh'
[6.764s] [34mcolcon.colcon_core.shell[0m [1;30mINFO[0m Creating package script '/home/ayusee/Desktop/MAS_Subjects/SDP/Project/ROS_Workspace/ros2_ws/install/px4_ros_com/share/px4_ros_com/package.bash'
[6.765s] [34mcolcon.colcon_core.shell[0m [1;30mINFO[0m Creating package script '/home/ayusee/Desktop/MAS_Subjects/SDP/Project/ROS_Workspace/ros2_ws/install/px4_ros_com/share/px4_ros_com/package.zsh'
[6.765s] [34mcolcon.colcon_core.environment[0m [1;30mLevel 1[0m create_file_with_runtime_dependencies(/home/ayusee/Desktop/MAS_Subjects/SDP/Project/ROS_Workspace/ros2_ws/install/px4_ros_com/share/colcon-core/packages/px4_ros_com)
[6.809s] [34mcolcon.colcon_core.environment[0m [1;30mLevel 1[0m create_environment_scripts_only(px4_ros_com)
[6.809s] [34mcolcon.colcon_core.environment[0m [1;30mLevel 1[0m checking '/home/ayusee/Desktop/MAS_Subjects/SDP/Project/ROS_Workspace/ros2_ws/install/px4_ros_com' for CMake module files
[6.809s] [34mcolcon.colcon_core.environment[0m [1;30mLevel 1[0m checking '/home/ayusee/Desktop/MAS_Subjects/SDP/Project/ROS_Workspace/ros2_ws/install/px4_ros_com' for CMake config files
[6.810s] [34mcolcon.colcon_core.shell[0m [1;30mLevel 1[0m create_environment_hook('px4_ros_com', 'cmake_prefix_path')
[6.810s] [34mcolcon.colcon_core.shell[0m [1;30mINFO[0m Creating environment hook '/home/ayusee/Desktop/MAS_Subjects/SDP/Project/ROS_Workspace/ros2_ws/install/px4_ros_com/share/px4_ros_com/hook/cmake_prefix_path.ps1'
[6.810s] [34mcolcon.colcon_core.shell[0m [1;30mINFO[0m Creating environment descriptor '/home/ayusee/Desktop/MAS_Subjects/SDP/Project/ROS_Workspace/ros2_ws/install/px4_ros_com/share/px4_ros_com/hook/cmake_prefix_path.dsv'
[6.810s] [34mcolcon.colcon_core.shell[0m [1;30mINFO[0m Creating environment hook '/home/ayusee/Desktop/MAS_Subjects/SDP/Project/ROS_Workspace/ros2_ws/install/px4_ros_com/share/px4_ros_com/hook/cmake_prefix_path.sh'
[6.811s] [34mcolcon.colcon_core.environment[0m [1;30mLevel 1[0m checking '/home/ayusee/Desktop/MAS_Subjects/SDP/Project/ROS_Workspace/ros2_ws/install/px4_ros_com/lib'
[6.811s] [34mcolcon.colcon_core.shell[0m [1;30mLevel 1[0m create_environment_hook('px4_ros_com', 'ld_library_path_lib')
[6.811s] [34mcolcon.colcon_core.shell[0m [1;30mINFO[0m Creating environment hook '/home/ayusee/Desktop/MAS_Subjects/SDP/Project/ROS_Workspace/ros2_ws/install/px4_ros_com/share/px4_ros_com/hook/ld_library_path_lib.ps1'
[6.811s] [34mcolcon.colcon_core.shell[0m [1;30mINFO[0m Creating environment descriptor '/home/ayusee/Desktop/MAS_Subjects/SDP/Project/ROS_Workspace/ros2_ws/install/px4_ros_com/share/px4_ros_com/hook/ld_library_path_lib.dsv'
[6.812s] [34mcolcon.colcon_core.shell[0m [1;30mINFO[0m Creating environment hook '/home/ayusee/Desktop/MAS_Subjects/SDP/Project/ROS_Workspace/ros2_ws/install/px4_ros_com/share/px4_ros_com/hook/ld_library_path_lib.sh'
[6.812s] [34mcolcon.colcon_core.environment[0m [1;30mLevel 1[0m checking '/home/ayusee/Desktop/MAS_Subjects/SDP/Project/ROS_Workspace/ros2_ws/install/px4_ros_com/bin'
[6.812s] [34mcolcon.colcon_core.environment[0m [1;30mLevel 1[0m checking '/home/ayusee/Desktop/MAS_Subjects/SDP/Project/ROS_Workspace/ros2_ws/install/px4_ros_com/lib/pkgconfig/px4_ros_com.pc'
[6.812s] [34mcolcon.colcon_core.environment[0m [1;30mLevel 1[0m checking '/home/ayusee/Desktop/MAS_Subjects/SDP/Project/ROS_Workspace/ros2_ws/install/px4_ros_com/lib/python3.8/site-packages'
[6.812s] [34mcolcon.colcon_core.shell[0m [1;30mLevel 1[0m create_environment_hook('px4_ros_com', 'pythonpath')
[6.812s] [34mcolcon.colcon_core.shell[0m [1;30mINFO[0m Creating environment hook '/home/ayusee/Desktop/MAS_Subjects/SDP/Project/ROS_Workspace/ros2_ws/install/px4_ros_com/share/px4_ros_com/hook/pythonpath.ps1'
[6.813s] [34mcolcon.colcon_core.shell[0m [1;30mINFO[0m Creating environment descriptor '/home/ayusee/Desktop/MAS_Subjects/SDP/Project/ROS_Workspace/ros2_ws/install/px4_ros_com/share/px4_ros_com/hook/pythonpath.dsv'
[6.813s] [34mcolcon.colcon_core.shell[0m [1;30mINFO[0m Creating environment hook '/home/ayusee/Desktop/MAS_Subjects/SDP/Project/ROS_Workspace/ros2_ws/install/px4_ros_com/share/px4_ros_com/hook/pythonpath.sh'
[6.813s] [34mcolcon.colcon_core.environment[0m [1;30mLevel 1[0m checking '/home/ayusee/Desktop/MAS_Subjects/SDP/Project/ROS_Workspace/ros2_ws/install/px4_ros_com/bin'
[6.814s] [34mcolcon.colcon_core.shell[0m [1;30mINFO[0m Creating package script '/home/ayusee/Desktop/MAS_Subjects/SDP/Project/ROS_Workspace/ros2_ws/install/px4_ros_com/share/px4_ros_com/package.ps1'
[6.814s] [34mcolcon.colcon_core.shell[0m [1;30mINFO[0m Creating package descriptor '/home/ayusee/Desktop/MAS_Subjects/SDP/Project/ROS_Workspace/ros2_ws/install/px4_ros_com/share/px4_ros_com/package.dsv'
[6.815s] [34mcolcon.colcon_core.shell[0m [1;30mINFO[0m Creating package script '/home/ayusee/Desktop/MAS_Subjects/SDP/Project/ROS_Workspace/ros2_ws/install/px4_ros_com/share/px4_ros_com/package.sh'
[6.815s] [34mcolcon.colcon_core.shell[0m [1;30mINFO[0m Creating package script '/home/ayusee/Desktop/MAS_Subjects/SDP/Project/ROS_Workspace/ros2_ws/install/px4_ros_com/share/px4_ros_com/package.bash'
[6.815s] [34mcolcon.colcon_core.shell[0m [1;30mINFO[0m Creating package script '/home/ayusee/Desktop/MAS_Subjects/SDP/Project/ROS_Workspace/ros2_ws/install/px4_ros_com/share/px4_ros_com/package.zsh'
[6.815s] [34mcolcon.colcon_core.environment[0m [1;30mLevel 1[0m create_file_with_runtime_dependencies(/home/ayusee/Desktop/MAS_Subjects/SDP/Project/ROS_Workspace/ros2_ws/install/px4_ros_com/share/colcon-core/packages/px4_ros_com)
[6.816s] [34mcolcon.colcon_parallel_executor.executor.parallel[0m [1;30mDEBUG[0m [32mclosing loop[0m
[6.816s] [34mcolcon.colcon_parallel_executor.executor.parallel[0m [1;30mDEBUG[0m [32mloop closed[0m
[6.816s] [34mcolcon.colcon_parallel_executor.executor.parallel[0m [1;30mDEBUG[0m [32mrun_until_complete finished with '0'[0m
[6.816s] [34mcolcon.colcon_core.event_reactor[0m [1;30mDEBUG[0m [32mjoining thread[0m
[6.820s] [34mcolcon.colcon_core.plugin_system[0m [1;30mINFO[0m Skipping extension 'colcon_notification.desktop_notification.terminal_notifier': Not used on non-Darwin systems
[6.821s] [34mcolcon.colcon_core.plugin_system[0m [1;30mINFO[0m Skipping extension 'colcon_notification.desktop_notification.win32': Not used on non-Windows systems
[6.821s] [34mcolcon.colcon_notification.desktop_notification[0m [1;30mINFO[0m Sending desktop notification using 'notify2'
[6.833s] [34mcolcon.colcon_core.event_reactor[0m [1;30mDEBUG[0m [32mjoined thread[0m
[6.833s] [34mcolcon.colcon_core.shell[0m [1;30mINFO[0m Creating prefix script '/home/ayusee/Desktop/MAS_Subjects/SDP/Project/ROS_Workspace/ros2_ws/install/local_setup.ps1'
[6.834s] [34mcolcon.colcon_core.shell[0m [1;30mINFO[0m Creating prefix util module '/home/ayusee/Desktop/MAS_Subjects/SDP/Project/ROS_Workspace/ros2_ws/install/_local_setup_util_ps1.py'
[6.835s] [34mcolcon.colcon_core.shell[0m [1;30mINFO[0m Creating prefix chain script '/home/ayusee/Desktop/MAS_Subjects/SDP/Project/ROS_Workspace/ros2_ws/install/setup.ps1'
[6.836s] [34mcolcon.colcon_core.shell[0m [1;30mINFO[0m Creating prefix script '/home/ayusee/Desktop/MAS_Subjects/SDP/Project/ROS_Workspace/ros2_ws/install/local_setup.sh'
[6.836s] [34mcolcon.colcon_core.shell[0m [1;30mINFO[0m Creating prefix util module '/home/ayusee/Desktop/MAS_Subjects/SDP/Project/ROS_Workspace/ros2_ws/install/_local_setup_util_sh.py'
[6.837s] [34mcolcon.colcon_core.shell[0m [1;30mINFO[0m Creating prefix chain script '/home/ayusee/Desktop/MAS_Subjects/SDP/Project/ROS_Workspace/ros2_ws/install/setup.sh'
[6.837s] [34mcolcon.colcon_core.shell[0m [1;30mINFO[0m Creating prefix script '/home/ayusee/Desktop/MAS_Subjects/SDP/Project/ROS_Workspace/ros2_ws/install/local_setup.bash'
[6.838s] [34mcolcon.colcon_core.shell[0m [1;30mINFO[0m Creating prefix chain script '/home/ayusee/Desktop/MAS_Subjects/SDP/Project/ROS_Workspace/ros2_ws/install/setup.bash'
[6.838s] [34mcolcon.colcon_core.shell[0m [1;30mINFO[0m Creating prefix script '/home/ayusee/Desktop/MAS_Subjects/SDP/Project/ROS_Workspace/ros2_ws/install/local_setup.zsh'
[6.839s] [34mcolcon.colcon_core.shell[0m [1;30mINFO[0m Creating prefix chain script '/home/ayusee/Desktop/MAS_Subjects/SDP/Project/ROS_Workspace/ros2_ws/install/setup.zsh'
