[0.010s] Invoking command in '/home/ayusee/Desktop/MAS_Subjects/SDP/Project/ROS_Workspace/ros2_ws/build/px4_ros_com': CMAKE_PREFIX_PATH=/home/ayusee/Desktop/MAS_Subjects/SDP/Project/ROS_Workspace/ros2_ws/install/px4_msgs:/home/ayusee/Desktop/MAS_Subjects/SDP/Project/ROS_Workspace/ros2_ws/install/px4_ros_com:/opt/ros/foxy LD_LIBRARY_PATH=/home/ayusee/Desktop/MAS_Subjects/SDP/Project/ROS_Workspace/ros2_ws/install/px4_msgs/lib:/home/ayusee/Desktop/MAS_Subjects/SDP/Project/ROS_Workspace/ros2_ws/install/px4_ros_com/lib:/opt/ros/foxy/opt/yaml_cpp_vendor/lib:/opt/ros/foxy/opt/rviz_ogre_vendor/lib:/opt/ros/foxy/lib/x86_64-linux-gnu:/opt/ros/foxy/lib PYTHONPATH=/home/ayusee/Desktop/MAS_Subjects/SDP/Project/ROS_Workspace/ros2_ws/install/px4_msgs/lib/python3.8/site-packages:/home/ayusee/Desktop/MAS_Subjects/SDP/Project/ROS_Workspace/ros2_ws/install/px4_ros_com/lib/python3.8/site-packages:/opt/ros/foxy/lib/python3.8/site-packages /home/ayusee/.local/bin/cmake --build /home/ayusee/Desktop/MAS_Subjects/SDP/Project/ROS_Workspace/ros2_ws/build/px4_ros_com -- -j8 -l8
[0.066s] [ 16%] Built target debug_vect_advertiser
[0.066s] [ 33%] Built target offboard_control
[0.066s] [ 50%] Built target sensor_combined_listener
[0.066s] [ 66%] Built target frame_transforms
[0.066s] [100%] Built target offboard_control_srv
[0.066s] [100%] Built target vehicle_gps_position_listener
[0.075s] Invoked command in '/home/ayusee/Desktop/MAS_Subjects/SDP/Project/ROS_Workspace/ros2_ws/build/px4_ros_com' returned '0': CMAKE_PREFIX_PATH=/home/ayusee/Desktop/MAS_Subjects/SDP/Project/ROS_Workspace/ros2_ws/install/px4_msgs:/home/ayusee/Desktop/MAS_Subjects/SDP/Project/ROS_Workspace/ros2_ws/install/px4_ros_com:/opt/ros/foxy LD_LIBRARY_PATH=/home/ayusee/Desktop/MAS_Subjects/SDP/Project/ROS_Workspace/ros2_ws/install/px4_msgs/lib:/home/ayusee/Desktop/MAS_Subjects/SDP/Project/ROS_Workspace/ros2_ws/install/px4_ros_com/lib:/opt/ros/foxy/opt/yaml_cpp_vendor/lib:/opt/ros/foxy/opt/rviz_ogre_vendor/lib:/opt/ros/foxy/lib/x86_64-linux-gnu:/opt/ros/foxy/lib PYTHONPATH=/home/ayusee/Desktop/MAS_Subjects/SDP/Project/ROS_Workspace/ros2_ws/install/px4_msgs/lib/python3.8/site-packages:/home/ayusee/Desktop/MAS_Subjects/SDP/Project/ROS_Workspace/ros2_ws/install/px4_ros_com/lib/python3.8/site-packages:/opt/ros/foxy/lib/python3.8/site-packages /home/ayusee/.local/bin/cmake --build /home/ayusee/Desktop/MAS_Subjects/SDP/Project/ROS_Workspace/ros2_ws/build/px4_ros_com -- -j8 -l8
[0.120s] Invoking command in '/home/ayusee/Desktop/MAS_Subjects/SDP/Project/ROS_Workspace/ros2_ws/build/px4_ros_com': CMAKE_PREFIX_PATH=/home/ayusee/Desktop/MAS_Subjects/SDP/Project/ROS_Workspace/ros2_ws/install/px4_msgs:/home/ayusee/Desktop/MAS_Subjects/SDP/Project/ROS_Workspace/ros2_ws/install/px4_ros_com:/opt/ros/foxy LD_LIBRARY_PATH=/home/ayusee/Desktop/MAS_Subjects/SDP/Project/ROS_Workspace/ros2_ws/install/px4_msgs/lib:/home/ayusee/Desktop/MAS_Subjects/SDP/Project/ROS_Workspace/ros2_ws/install/px4_ros_com/lib:/opt/ros/foxy/opt/yaml_cpp_vendor/lib:/opt/ros/foxy/opt/rviz_ogre_vendor/lib:/opt/ros/foxy/lib/x86_64-linux-gnu:/opt/ros/foxy/lib PYTHONPATH=/home/ayusee/Desktop/MAS_Subjects/SDP/Project/ROS_Workspace/ros2_ws/install/px4_msgs/lib/python3.8/site-packages:/home/ayusee/Desktop/MAS_Subjects/SDP/Project/ROS_Workspace/ros2_ws/install/px4_ros_com/lib/python3.8/site-packages:/opt/ros/foxy/lib/python3.8/site-packages /home/ayusee/.local/bin/cmake --install /home/ayusee/Desktop/MAS_Subjects/SDP/Project/ROS_Workspace/ros2_ws/build/px4_ros_com
[0.142s] -- Install configuration: ""
[0.142s] -- Up-to-date: /home/ayusee/Desktop/MAS_Subjects/SDP/Project/ROS_Workspace/ros2_ws/install/px4_ros_com/lib/px4_ros_com/sensor_combined_listener
[0.143s] -- Up-to-date: /home/ayusee/Desktop/MAS_Subjects/SDP/Project/ROS_Workspace/ros2_ws/install/px4_ros_com/lib/px4_ros_com/vehicle_gps_position_listener
[0.144s] -- Up-to-date: /home/ayusee/Desktop/MAS_Subjects/SDP/Project/ROS_Workspace/ros2_ws/install/px4_ros_com/lib/px4_ros_com/debug_vect_advertiser
[0.145s] -- Up-to-date: /home/ayusee/Desktop/MAS_Subjects/SDP/Project/ROS_Workspace/ros2_ws/install/px4_ros_com/lib/px4_ros_com/offboard_control
[0.146s] -- Up-to-date: /home/ayusee/Desktop/MAS_Subjects/SDP/Project/ROS_Workspace/ros2_ws/install/px4_ros_com/lib/px4_ros_com/offboard_control_srv
[0.146s] -- Up-to-date: /home/ayusee/Desktop/MAS_Subjects/SDP/Project/ROS_Workspace/ros2_ws/install/px4_ros_com/share/px4_ros_com/environment/library_path.sh
[0.146s] -- Up-to-date: /home/ayusee/Desktop/MAS_Subjects/SDP/Project/ROS_Workspace/ros2_ws/install/px4_ros_com/share/px4_ros_com/environment/library_path.dsv
[0.146s] -- Up-to-date: /home/ayusee/Desktop/MAS_Subjects/SDP/Project/ROS_Workspace/ros2_ws/install/px4_ros_com/include/px4_ros_com
[0.146s] -- Up-to-date: /home/ayusee/Desktop/MAS_Subjects/SDP/Project/ROS_Workspace/ros2_ws/install/px4_ros_com/include/px4_ros_com/frame_transforms.h
[0.147s] -- Up-to-date: /home/ayusee/Desktop/MAS_Subjects/SDP/Project/ROS_Workspace/ros2_ws/install/px4_ros_com/lib/libframe_transforms.so
[0.147s] -- Up-to-date: /home/ayusee/Desktop/MAS_Subjects/SDP/Project/ROS_Workspace/ros2_ws/install/px4_ros_com/share/px4_ros_com//launch
[0.147s] -- Up-to-date: /home/ayusee/Desktop/MAS_Subjects/SDP/Project/ROS_Workspace/ros2_ws/install/px4_ros_com/share/px4_ros_com//launch/sensor_combined_listener.launch.py
[0.147s] -- Up-to-date: /home/ayusee/Desktop/MAS_Subjects/SDP/Project/ROS_Workspace/ros2_ws/install/px4_ros_com/share/px4_ros_com//launch/offboard_control_launch.yaml
[0.147s] -- Up-to-date: /home/ayusee/Desktop/MAS_Subjects/SDP/Project/ROS_Workspace/ros2_ws/install/px4_ros_com/share/px4_ros_com//test
[0.147s] -- Up-to-date: /home/ayusee/Desktop/MAS_Subjects/SDP/Project/ROS_Workspace/ros2_ws/install/px4_ros_com/share/px4_ros_com//test/__init__.py
[0.148s] -- Up-to-date: /home/ayusee/Desktop/MAS_Subjects/SDP/Project/ROS_Workspace/ros2_ws/install/px4_ros_com/share/px4_ros_com//test/pipeline_io_test.py
[0.148s] -- Up-to-date: /home/ayusee/Desktop/MAS_Subjects/SDP/Project/ROS_Workspace/ros2_ws/install/px4_ros_com/share/px4_ros_com//test/test_output.py
[0.148s] -- Up-to-date: /home/ayusee/Desktop/MAS_Subjects/SDP/Project/ROS_Workspace/ros2_ws/install/px4_ros_com/share/px4_ros_com//test/test_input.py
[0.148s] -- Up-to-date: /home/ayusee/Desktop/MAS_Subjects/SDP/Project/ROS_Workspace/ros2_ws/install/px4_ros_com/share/px4_ros_com/environment/pythonpath.sh
[0.148s] -- Up-to-date: /home/ayusee/Desktop/MAS_Subjects/SDP/Project/ROS_Workspace/ros2_ws/install/px4_ros_com/share/px4_ros_com/environment/pythonpath.dsv
[0.148s] -- Up-to-date: /home/ayusee/Desktop/MAS_Subjects/SDP/Project/ROS_Workspace/ros2_ws/install/px4_ros_com/lib/python3.8/site-packages/px4_ros_com
[0.148s] -- Up-to-date: /home/ayusee/Desktop/MAS_Subjects/SDP/Project/ROS_Workspace/ros2_ws/install/px4_ros_com/lib/python3.8/site-packages/px4_ros_com/__init__.py
[0.148s] -- Up-to-date: /home/ayusee/Desktop/MAS_Subjects/SDP/Project/ROS_Workspace/ros2_ws/install/px4_ros_com/lib/python3.8/site-packages/px4_ros_com/module_to_import.py
[0.173s] Listing '/home/ayusee/Desktop/MAS_Subjects/SDP/Project/ROS_Workspace/ros2_ws/install/px4_ros_com/lib/python3.8/site-packages/px4_ros_com'...
[0.176s] -- Up-to-date: /home/ayusee/Desktop/MAS_Subjects/SDP/Project/ROS_Workspace/ros2_ws/install/px4_ros_com/lib/px4_ros_com/offboard_control.py
[0.176s] -- Up-to-date: /home/ayusee/Desktop/MAS_Subjects/SDP/Project/ROS_Workspace/ros2_ws/install/px4_ros_com/share/ament_index/resource_index/package_run_dependencies/px4_ros_com
[0.176s] -- Up-to-date: /home/ayusee/Desktop/MAS_Subjects/SDP/Project/ROS_Workspace/ros2_ws/install/px4_ros_com/share/ament_index/resource_index/parent_prefix_path/px4_ros_com
[0.177s] -- Up-to-date: /home/ayusee/Desktop/MAS_Subjects/SDP/Project/ROS_Workspace/ros2_ws/install/px4_ros_com/share/px4_ros_com/environment/ament_prefix_path.sh
[0.177s] -- Up-to-date: /home/ayusee/Desktop/MAS_Subjects/SDP/Project/ROS_Workspace/ros2_ws/install/px4_ros_com/share/px4_ros_com/environment/ament_prefix_path.dsv
[0.177s] -- Up-to-date: /home/ayusee/Desktop/MAS_Subjects/SDP/Project/ROS_Workspace/ros2_ws/install/px4_ros_com/share/px4_ros_com/environment/path.sh
[0.177s] -- Up-to-date: /home/ayusee/Desktop/MAS_Subjects/SDP/Project/ROS_Workspace/ros2_ws/install/px4_ros_com/share/px4_ros_com/environment/path.dsv
[0.177s] -- Up-to-date: /home/ayusee/Desktop/MAS_Subjects/SDP/Project/ROS_Workspace/ros2_ws/install/px4_ros_com/share/px4_ros_com/local_setup.bash
[0.177s] -- Up-to-date: /home/ayusee/Desktop/MAS_Subjects/SDP/Project/ROS_Workspace/ros2_ws/install/px4_ros_com/share/px4_ros_com/local_setup.sh
[0.177s] -- Up-to-date: /home/ayusee/Desktop/MAS_Subjects/SDP/Project/ROS_Workspace/ros2_ws/install/px4_ros_com/share/px4_ros_com/local_setup.zsh
[0.177s] -- Up-to-date: /home/ayusee/Desktop/MAS_Subjects/SDP/Project/ROS_Workspace/ros2_ws/install/px4_ros_com/share/px4_ros_com/local_setup.dsv
[0.177s] -- Installing: /home/ayusee/Desktop/MAS_Subjects/SDP/Project/ROS_Workspace/ros2_ws/install/px4_ros_com/share/px4_ros_com/package.dsv
[0.177s] -- Up-to-date: /home/ayusee/Desktop/MAS_Subjects/SDP/Project/ROS_Workspace/ros2_ws/install/px4_ros_com/share/ament_index/resource_index/packages/px4_ros_com
[0.178s] -- Up-to-date: /home/ayusee/Desktop/MAS_Subjects/SDP/Project/ROS_Workspace/ros2_ws/install/px4_ros_com/share/px4_ros_com/cmake/export_frame_transformsExport.cmake
[0.178s] -- Up-to-date: /home/ayusee/Desktop/MAS_Subjects/SDP/Project/ROS_Workspace/ros2_ws/install/px4_ros_com/share/px4_ros_com/cmake/export_frame_transformsExport-noconfig.cmake
[0.178s] -- Up-to-date: /home/ayusee/Desktop/MAS_Subjects/SDP/Project/ROS_Workspace/ros2_ws/install/px4_ros_com/share/px4_ros_com/cmake/ament_cmake_export_dependencies-extras.cmake
[0.178s] -- Up-to-date: /home/ayusee/Desktop/MAS_Subjects/SDP/Project/ROS_Workspace/ros2_ws/install/px4_ros_com/share/px4_ros_com/cmake/ament_cmake_export_targets-extras.cmake
[0.178s] -- Up-to-date: /home/ayusee/Desktop/MAS_Subjects/SDP/Project/ROS_Workspace/ros2_ws/install/px4_ros_com/share/px4_ros_com/cmake/ament_cmake_export_include_directories-extras.cmake
[0.178s] -- Up-to-date: /home/ayusee/Desktop/MAS_Subjects/SDP/Project/ROS_Workspace/ros2_ws/install/px4_ros_com/share/px4_ros_com/cmake/ament_cmake_export_libraries-extras.cmake
[0.178s] -- Up-to-date: /home/ayusee/Desktop/MAS_Subjects/SDP/Project/ROS_Workspace/ros2_ws/install/px4_ros_com/share/px4_ros_com/cmake/px4_ros_comConfig.cmake
[0.179s] -- Up-to-date: /home/ayusee/Desktop/MAS_Subjects/SDP/Project/ROS_Workspace/ros2_ws/install/px4_ros_com/share/px4_ros_com/cmake/px4_ros_comConfig-version.cmake
[0.179s] -- Up-to-date: /home/ayusee/Desktop/MAS_Subjects/SDP/Project/ROS_Workspace/ros2_ws/install/px4_ros_com/share/px4_ros_com/package.xml
[0.184s] Invoked command in '/home/ayusee/Desktop/MAS_Subjects/SDP/Project/ROS_Workspace/ros2_ws/build/px4_ros_com' returned '0': CMAKE_PREFIX_PATH=/home/ayusee/Desktop/MAS_Subjects/SDP/Project/ROS_Workspace/ros2_ws/install/px4_msgs:/home/ayusee/Desktop/MAS_Subjects/SDP/Project/ROS_Workspace/ros2_ws/install/px4_ros_com:/opt/ros/foxy LD_LIBRARY_PATH=/home/ayusee/Desktop/MAS_Subjects/SDP/Project/ROS_Workspace/ros2_ws/install/px4_msgs/lib:/home/ayusee/Desktop/MAS_Subjects/SDP/Project/ROS_Workspace/ros2_ws/install/px4_ros_com/lib:/opt/ros/foxy/opt/yaml_cpp_vendor/lib:/opt/ros/foxy/opt/rviz_ogre_vendor/lib:/opt/ros/foxy/lib/x86_64-linux-gnu:/opt/ros/foxy/lib PYTHONPATH=/home/ayusee/Desktop/MAS_Subjects/SDP/Project/ROS_Workspace/ros2_ws/install/px4_msgs/lib/python3.8/site-packages:/home/ayusee/Desktop/MAS_Subjects/SDP/Project/ROS_Workspace/ros2_ws/install/px4_ros_com/lib/python3.8/site-packages:/opt/ros/foxy/lib/python3.8/site-packages /home/ayusee/.local/bin/cmake --install /home/ayusee/Desktop/MAS_Subjects/SDP/Project/ROS_Workspace/ros2_ws/build/px4_ros_com
